[3.017s] DEBUG:colcon:Command line arguments: ['/usr/bin/colcon', 'build', '--symlink-install']
[3.017s] DEBUG:colcon:Parsed command line arguments: Namespace(log_base=None, log_level=None, verb_name='build', build_base='build', install_base='install', merge_install=False, symlink_install=True, test_result_base=None, continue_on_error=False, executor='parallel', parallel_workers=16, event_handlers=None, ignore_user_meta=False, metas=['./colcon.meta'], base_paths=['.'], packages_ignore=None, packages_ignore_regex=None, paths=None, packages_up_to=None, packages_up_to_regex=None, packages_above=None, packages_above_and_dependencies=None, packages_above_depth=None, packages_select_by_dep=None, packages_skip_by_dep=None, packages_skip_up_to=None, packages_select_build_failed=False, packages_skip_build_finished=False, packages_select_test_failures=False, packages_skip_test_passed=False, packages_select=None, packages_skip=None, packages_select_regex=None, packages_skip_regex=None, packages_start=None, packages_end=None, allow_overriding=[], cmake_args=None, cmake_target=None, cmake_target_skip_unavailable=False, cmake_clean_cache=False, cmake_clean_first=False, cmake_force_configure=False, ament_cmake_args=None, catkin_cmake_args=None, catkin_skip_building_tests=False, mixin_files=None, mixin=None, verb_parser=<colcon_mixin.mixin.mixin_argument.MixinArgumentDecorator object at 0x7a9a8dc2fce0>, verb_extension=<colcon_core.verb.build.BuildVerb object at 0x7a9a8df95760>, main=<bound method BuildVerb.main of <colcon_core.verb.build.BuildVerb object at 0x7a9a8df95760>>, mixin_verb=('build',))
[3.189s] Level 1:colcon.colcon_core.package_discovery:discover_packages(colcon_meta) check parameters
[3.190s] Level 1:colcon.colcon_core.package_discovery:discover_packages(recursive) check parameters
[3.190s] Level 1:colcon.colcon_core.package_discovery:discover_packages(ignore) check parameters
[3.190s] Level 1:colcon.colcon_core.package_discovery:discover_packages(path) check parameters
[3.190s] Level 1:colcon.colcon_core.package_discovery:discover_packages(colcon_meta) discover
[3.190s] Level 1:colcon.colcon_core.package_discovery:discover_packages(recursive) discover
[3.190s] INFO:colcon.colcon_core.package_discovery:Crawling recursively for packages in '/home/chaitanya/Documents/ACC_Development/Development/ros2'
[3.190s] Level 1:colcon.colcon_core.package_identification:_identify(.) by extensions ['ignore', 'ignore_ament_install']
[3.190s] Level 1:colcon.colcon_core.package_identification:_identify(.) by extension 'ignore'
[3.191s] Level 1:colcon.colcon_core.package_identification:_identify(.) by extension 'ignore_ament_install'
[3.191s] Level 1:colcon.colcon_core.package_identification:_identify(.) by extensions ['colcon_pkg']
[3.191s] Level 1:colcon.colcon_core.package_identification:_identify(.) by extension 'colcon_pkg'
[3.191s] Level 1:colcon.colcon_core.package_identification:_identify(.) by extensions ['colcon_meta']
[3.191s] Level 1:colcon.colcon_core.package_identification:_identify(.) by extension 'colcon_meta'
[3.191s] Level 1:colcon.colcon_core.package_identification:_identify(.) by extensions ['ros']
[3.191s] Level 1:colcon.colcon_core.package_identification:_identify(.) by extension 'ros'
[3.237s] Level 1:colcon.colcon_core.package_identification:_identify(.) by extensions ['cmake', 'python']
[3.237s] Level 1:colcon.colcon_core.package_identification:_identify(.) by extension 'cmake'
[3.238s] Level 1:colcon.colcon_core.package_identification:_identify(.) by extension 'python'
[3.238s] Level 1:colcon.colcon_core.package_identification:_identify(.) by extensions ['python_setup_py']
[3.238s] Level 1:colcon.colcon_core.package_identification:_identify(.) by extension 'python_setup_py'
[3.238s] Level 1:colcon.colcon_core.package_identification:_identify(build) by extensions ['ignore', 'ignore_ament_install']
[3.238s] Level 1:colcon.colcon_core.package_identification:_identify(build) by extension 'ignore'
[3.238s] Level 1:colcon.colcon_core.package_identification:_identify(build) ignored
[3.239s] Level 1:colcon.colcon_core.package_identification:_identify(install) by extensions ['ignore', 'ignore_ament_install']
[3.239s] Level 1:colcon.colcon_core.package_identification:_identify(install) by extension 'ignore'
[3.239s] Level 1:colcon.colcon_core.package_identification:_identify(install) ignored
[3.239s] Level 1:colcon.colcon_core.package_identification:_identify(log) by extensions ['ignore', 'ignore_ament_install']
[3.239s] Level 1:colcon.colcon_core.package_identification:_identify(log) by extension 'ignore'
[3.239s] Level 1:colcon.colcon_core.package_identification:_identify(log) ignored
[3.239s] Level 1:colcon.colcon_core.package_identification:_identify(src) by extensions ['ignore', 'ignore_ament_install']
[3.239s] Level 1:colcon.colcon_core.package_identification:_identify(src) by extension 'ignore'
[3.240s] Level 1:colcon.colcon_core.package_identification:_identify(src) by extension 'ignore_ament_install'
[3.240s] Level 1:colcon.colcon_core.package_identification:_identify(src) by extensions ['colcon_pkg']
[3.240s] Level 1:colcon.colcon_core.package_identification:_identify(src) by extension 'colcon_pkg'
[3.240s] Level 1:colcon.colcon_core.package_identification:_identify(src) by extensions ['colcon_meta']
[3.240s] Level 1:colcon.colcon_core.package_identification:_identify(src) by extension 'colcon_meta'
[3.240s] Level 1:colcon.colcon_core.package_identification:_identify(src) by extensions ['ros']
[3.240s] Level 1:colcon.colcon_core.package_identification:_identify(src) by extension 'ros'
[3.240s] Level 1:colcon.colcon_core.package_identification:_identify(src) by extensions ['cmake', 'python']
[3.240s] Level 1:colcon.colcon_core.package_identification:_identify(src) by extension 'cmake'
[3.240s] Level 1:colcon.colcon_core.package_identification:_identify(src) by extension 'python'
[3.240s] Level 1:colcon.colcon_core.package_identification:_identify(src) by extensions ['python_setup_py']
[3.240s] Level 1:colcon.colcon_core.package_identification:_identify(src) by extension 'python_setup_py'
[3.240s] Level 1:colcon.colcon_core.package_identification:_identify(src/qcar2_autonomy) by extensions ['ignore', 'ignore_ament_install']
[3.241s] Level 1:colcon.colcon_core.package_identification:_identify(src/qcar2_autonomy) by extension 'ignore'
[3.241s] Level 1:colcon.colcon_core.package_identification:_identify(src/qcar2_autonomy) by extension 'ignore_ament_install'
[3.241s] Level 1:colcon.colcon_core.package_identification:_identify(src/qcar2_autonomy) by extensions ['colcon_pkg']
[3.241s] Level 1:colcon.colcon_core.package_identification:_identify(src/qcar2_autonomy) by extension 'colcon_pkg'
[3.241s] Level 1:colcon.colcon_core.package_identification:_identify(src/qcar2_autonomy) by extensions ['colcon_meta']
[3.241s] Level 1:colcon.colcon_core.package_identification:_identify(src/qcar2_autonomy) by extension 'colcon_meta'
[3.241s] Level 1:colcon.colcon_core.package_identification:_identify(src/qcar2_autonomy) by extensions ['ros']
[3.241s] Level 1:colcon.colcon_core.package_identification:_identify(src/qcar2_autonomy) by extension 'ros'
[3.247s] DEBUG:colcon.colcon_core.package_identification:Package 'src/qcar2_autonomy' with type 'ros.ament_python' and name 'qcar2_autonomy'
[3.247s] Level 1:colcon.colcon_core.package_identification:_identify(src/qcar2_interfaces) by extensions ['ignore', 'ignore_ament_install']
[3.248s] Level 1:colcon.colcon_core.package_identification:_identify(src/qcar2_interfaces) by extension 'ignore'
[3.248s] Level 1:colcon.colcon_core.package_identification:_identify(src/qcar2_interfaces) by extension 'ignore_ament_install'
[3.248s] Level 1:colcon.colcon_core.package_identification:_identify(src/qcar2_interfaces) by extensions ['colcon_pkg']
[3.248s] Level 1:colcon.colcon_core.package_identification:_identify(src/qcar2_interfaces) by extension 'colcon_pkg'
[3.248s] Level 1:colcon.colcon_core.package_identification:_identify(src/qcar2_interfaces) by extensions ['colcon_meta']
[3.248s] Level 1:colcon.colcon_core.package_identification:_identify(src/qcar2_interfaces) by extension 'colcon_meta'
[3.248s] Level 1:colcon.colcon_core.package_identification:_identify(src/qcar2_interfaces) by extensions ['ros']
[3.248s] Level 1:colcon.colcon_core.package_identification:_identify(src/qcar2_interfaces) by extension 'ros'
[3.249s] DEBUG:colcon.colcon_core.package_identification:Package 'src/qcar2_interfaces' with type 'ros.ament_cmake' and name 'qcar2_interfaces'
[3.250s] Level 1:colcon.colcon_core.package_identification:_identify(src/qcar2_nodes) by extensions ['ignore', 'ignore_ament_install']
[3.250s] Level 1:colcon.colcon_core.package_identification:_identify(src/qcar2_nodes) by extension 'ignore'
[3.250s] Level 1:colcon.colcon_core.package_identification:_identify(src/qcar2_nodes) by extension 'ignore_ament_install'
[3.250s] Level 1:colcon.colcon_core.package_identification:_identify(src/qcar2_nodes) by extensions ['colcon_pkg']
[3.250s] Level 1:colcon.colcon_core.package_identification:_identify(src/qcar2_nodes) by extension 'colcon_pkg'
[3.250s] Level 1:colcon.colcon_core.package_identification:_identify(src/qcar2_nodes) by extensions ['colcon_meta']
[3.250s] Level 1:colcon.colcon_core.package_identification:_identify(src/qcar2_nodes) by extension 'colcon_meta'
[3.250s] Level 1:colcon.colcon_core.package_identification:_identify(src/qcar2_nodes) by extensions ['ros']
[3.250s] Level 1:colcon.colcon_core.package_identification:_identify(src/qcar2_nodes) by extension 'ros'
[3.252s] DEBUG:colcon.colcon_core.package_identification:Package 'src/qcar2_nodes' with type 'ros.ament_cmake' and name 'qcar2_nodes'
[3.252s] Level 1:colcon.colcon_core.package_discovery:discover_packages(recursive) using defaults
[3.252s] Level 1:colcon.colcon_core.package_discovery:discover_packages(ignore) discover
[3.252s] Level 1:colcon.colcon_core.package_discovery:discover_packages(ignore) using defaults
[3.252s] Level 1:colcon.colcon_core.package_discovery:discover_packages(path) discover
[3.252s] Level 1:colcon.colcon_core.package_discovery:discover_packages(path) using defaults
[3.479s] Level 1:colcon.colcon_core.package_discovery:discover_packages(prefix_path) check parameters
[3.479s] Level 1:colcon.colcon_core.package_discovery:discover_packages(prefix_path) discover
[3.618s] DEBUG:colcon.colcon_installed_package_information.package_discovery:Found 3 installed packages in /home/chaitanya/Documents/ACC_Development/Development/ros2/install
[3.660s] DEBUG:colcon.colcon_installed_package_information.package_discovery:Found 383 installed packages in /opt/ros/jazzy
[3.662s] Level 1:colcon.colcon_core.package_discovery:discover_packages(prefix_path) using defaults
[3.820s] Level 5:colcon.colcon_core.verb:set package 'qcar2_interfaces' build argument 'cmake_args' from command line to 'None'
[3.821s] Level 5:colcon.colcon_core.verb:set package 'qcar2_interfaces' build argument 'cmake_target' from command line to 'None'
[3.821s] Level 5:colcon.colcon_core.verb:set package 'qcar2_interfaces' build argument 'cmake_target_skip_unavailable' from command line to 'False'
[3.821s] Level 5:colcon.colcon_core.verb:set package 'qcar2_interfaces' build argument 'cmake_clean_cache' from command line to 'False'
[3.821s] Level 5:colcon.colcon_core.verb:set package 'qcar2_interfaces' build argument 'cmake_clean_first' from command line to 'False'
[3.821s] Level 5:colcon.colcon_core.verb:set package 'qcar2_interfaces' build argument 'cmake_force_configure' from command line to 'False'
[3.821s] Level 5:colcon.colcon_core.verb:set package 'qcar2_interfaces' build argument 'ament_cmake_args' from command line to 'None'
[3.821s] Level 5:colcon.colcon_core.verb:set package 'qcar2_interfaces' build argument 'catkin_cmake_args' from command line to 'None'
[3.821s] Level 5:colcon.colcon_core.verb:set package 'qcar2_interfaces' build argument 'catkin_skip_building_tests' from command line to 'False'
[3.821s] DEBUG:colcon.colcon_core.verb:Building package 'qcar2_interfaces' with the following arguments: {'ament_cmake_args': None, 'build_base': '/home/chaitanya/Documents/ACC_Development/Development/ros2/build/qcar2_interfaces', 'catkin_cmake_args': None, 'catkin_skip_building_tests': False, 'cmake_args': None, 'cmake_clean_cache': False, 'cmake_clean_first': False, 'cmake_force_configure': False, 'cmake_target': None, 'cmake_target_skip_unavailable': False, 'install_base': '/home/chaitanya/Documents/ACC_Development/Development/ros2/install/qcar2_interfaces', 'merge_install': False, 'path': '/home/chaitanya/Documents/ACC_Development/Development/ros2/src/qcar2_interfaces', 'symlink_install': True, 'test_result_base': None}
[3.857s] Level 5:colcon.colcon_core.verb:set package 'qcar2_autonomy' build argument 'cmake_args' from command line to 'None'
[3.858s] Level 5:colcon.colcon_core.verb:set package 'qcar2_autonomy' build argument 'cmake_target' from command line to 'None'
[3.858s] Level 5:colcon.colcon_core.verb:set package 'qcar2_autonomy' build argument 'cmake_target_skip_unavailable' from command line to 'False'
[3.858s] Level 5:colcon.colcon_core.verb:set package 'qcar2_autonomy' build argument 'cmake_clean_cache' from command line to 'False'
[3.858s] Level 5:colcon.colcon_core.verb:set package 'qcar2_autonomy' build argument 'cmake_clean_first' from command line to 'False'
[3.858s] Level 5:colcon.colcon_core.verb:set package 'qcar2_autonomy' build argument 'cmake_force_configure' from command line to 'False'
[3.858s] Level 5:colcon.colcon_core.verb:set package 'qcar2_autonomy' build argument 'ament_cmake_args' from command line to 'None'
[3.858s] Level 5:colcon.colcon_core.verb:set package 'qcar2_autonomy' build argument 'catkin_cmake_args' from command line to 'None'
[3.858s] Level 5:colcon.colcon_core.verb:set package 'qcar2_autonomy' build argument 'catkin_skip_building_tests' from command line to 'False'
[3.858s] DEBUG:colcon.colcon_core.verb:Building package 'qcar2_autonomy' with the following arguments: {'ament_cmake_args': None, 'build_base': '/home/chaitanya/Documents/ACC_Development/Development/ros2/build/qcar2_autonomy', 'catkin_cmake_args': None, 'catkin_skip_building_tests': False, 'cmake_args': None, 'cmake_clean_cache': False, 'cmake_clean_first': False, 'cmake_force_configure': False, 'cmake_target': None, 'cmake_target_skip_unavailable': False, 'install_base': '/home/chaitanya/Documents/ACC_Development/Development/ros2/install/qcar2_autonomy', 'merge_install': False, 'path': '/home/chaitanya/Documents/ACC_Development/Development/ros2/src/qcar2_autonomy', 'symlink_install': True, 'test_result_base': None}
[3.894s] Level 5:colcon.colcon_core.verb:set package 'qcar2_nodes' build argument 'cmake_args' from command line to 'None'
[3.894s] Level 5:colcon.colcon_core.verb:set package 'qcar2_nodes' build argument 'cmake_target' from command line to 'None'
[3.894s] Level 5:colcon.colcon_core.verb:set package 'qcar2_nodes' build argument 'cmake_target_skip_unavailable' from command line to 'False'
[3.894s] Level 5:colcon.colcon_core.verb:set package 'qcar2_nodes' build argument 'cmake_clean_cache' from command line to 'False'
[3.894s] Level 5:colcon.colcon_core.verb:set package 'qcar2_nodes' build argument 'cmake_clean_first' from command line to 'False'
[3.894s] Level 5:colcon.colcon_core.verb:set package 'qcar2_nodes' build argument 'cmake_force_configure' from command line to 'False'
[3.894s] Level 5:colcon.colcon_core.verb:set package 'qcar2_nodes' build argument 'ament_cmake_args' from command line to 'None'
[3.895s] Level 5:colcon.colcon_core.verb:set package 'qcar2_nodes' build argument 'catkin_cmake_args' from command line to 'None'
[3.895s] Level 5:colcon.colcon_core.verb:set package 'qcar2_nodes' build argument 'catkin_skip_building_tests' from command line to 'False'
[3.895s] DEBUG:colcon.colcon_core.verb:Building package 'qcar2_nodes' with the following arguments: {'ament_cmake_args': None, 'build_base': '/home/chaitanya/Documents/ACC_Development/Development/ros2/build/qcar2_nodes', 'catkin_cmake_args': None, 'catkin_skip_building_tests': False, 'cmake_args': None, 'cmake_clean_cache': False, 'cmake_clean_first': False, 'cmake_force_configure': False, 'cmake_target': None, 'cmake_target_skip_unavailable': False, 'install_base': '/home/chaitanya/Documents/ACC_Development/Development/ros2/install/qcar2_nodes', 'merge_install': False, 'path': '/home/chaitanya/Documents/ACC_Development/Development/ros2/src/qcar2_nodes', 'symlink_install': True, 'test_result_base': None}
[3.927s] INFO:colcon.colcon_core.executor:Executing jobs using 'parallel' executor
[3.966s] DEBUG:colcon.colcon_parallel_executor.executor.parallel:run_until_complete
[3.966s] INFO:colcon.colcon_ros.task.ament_cmake.build:Building ROS package in '/home/chaitanya/Documents/ACC_Development/Development/ros2/src/qcar2_interfaces' with build type 'ament_cmake'
[3.967s] INFO:colcon.colcon_cmake.task.cmake.build:Building CMake package in '/home/chaitanya/Documents/ACC_Development/Development/ros2/src/qcar2_interfaces'
[4.014s] INFO:colcon.colcon_core.plugin_system:Skipping extension 'colcon_core.shell.bat': Not used on non-Windows systems
[4.014s] INFO:colcon.colcon_core.shell:Skip shell extension 'powershell' for command environment: Not usable outside of PowerShell
[4.014s] DEBUG:colcon.colcon_core.shell:Skip shell extension 'dsv' for command environment
[4.144s] DEBUG:colcon.colcon_core.event_handler.log_command:Invoking command in '/home/chaitanya/Documents/ACC_Development/Development/ros2/build/qcar2_interfaces': CMAKE_PREFIX_PATH=${CMAKE_PREFIX_PATH}:/home/chaitanya/Documents/ACC_Development/Development/ros2/install/qcar2_autonomy:/opt/ros/jazzy DEBUGINFOD_URLS=https://debuginfod.ubuntu.com /usr/bin/cmake --build /home/chaitanya/Documents/ACC_Development/Development/ros2/build/qcar2_interfaces -- -j16 -l16
[5.102s] DEBUG:colcon.colcon_core.event_handler.log_command:Invoked command in '/home/chaitanya/Documents/ACC_Development/Development/ros2/build/qcar2_interfaces' returned '0': CMAKE_PREFIX_PATH=${CMAKE_PREFIX_PATH}:/home/chaitanya/Documents/ACC_Development/Development/ros2/install/qcar2_autonomy:/opt/ros/jazzy DEBUGINFOD_URLS=https://debuginfod.ubuntu.com /usr/bin/cmake --build /home/chaitanya/Documents/ACC_Development/Development/ros2/build/qcar2_interfaces -- -j16 -l16
[5.315s] DEBUG:colcon.colcon_core.event_handler.log_command:Invoking command in '/home/chaitanya/Documents/ACC_Development/Development/ros2/build/qcar2_interfaces': CMAKE_PREFIX_PATH=${CMAKE_PREFIX_PATH}:/home/chaitanya/Documents/ACC_Development/Development/ros2/install/qcar2_autonomy:/opt/ros/jazzy DEBUGINFOD_URLS=https://debuginfod.ubuntu.com /usr/bin/cmake --install /home/chaitanya/Documents/ACC_Development/Development/ros2/build/qcar2_interfaces
[5.494s] Level 1:colcon.colcon_core.environment:create_environment_scripts_only(qcar2_interfaces)
[5.495s] DEBUG:colcon.colcon_core.event_handler.log_command:Invoked command in '/home/chaitanya/Documents/ACC_Development/Development/ros2/build/qcar2_interfaces' returned '0': CMAKE_PREFIX_PATH=${CMAKE_PREFIX_PATH}:/home/chaitanya/Documents/ACC_Development/Development/ros2/install/qcar2_autonomy:/opt/ros/jazzy DEBUGINFOD_URLS=https://debuginfod.ubuntu.com /usr/bin/cmake --install /home/chaitanya/Documents/ACC_Development/Development/ros2/build/qcar2_interfaces
[5.540s] Level 1:colcon.colcon_core.environment:checking '/home/chaitanya/Documents/ACC_Development/Development/ros2/install/qcar2_interfaces' for CMake module files
[5.541s] Level 1:colcon.colcon_core.environment:checking '/home/chaitanya/Documents/ACC_Development/Development/ros2/install/qcar2_interfaces' for CMake config files
[5.543s] Level 1:colcon.colcon_core.shell:create_environment_hook('qcar2_interfaces', 'cmake_prefix_path')
[5.583s] INFO:colcon.colcon_core.shell:Creating environment hook '/home/chaitanya/Documents/ACC_Development/Development/ros2/install/qcar2_interfaces/share/qcar2_interfaces/hook/cmake_prefix_path.ps1'
[5.586s] INFO:colcon.colcon_core.shell:Creating environment descriptor '/home/chaitanya/Documents/ACC_Development/Development/ros2/install/qcar2_interfaces/share/qcar2_interfaces/hook/cmake_prefix_path.dsv'
[5.587s] INFO:colcon.colcon_core.shell:Creating environment hook '/home/chaitanya/Documents/ACC_Development/Development/ros2/install/qcar2_interfaces/share/qcar2_interfaces/hook/cmake_prefix_path.sh'
[5.590s] Level 1:colcon.colcon_core.environment:checking '/home/chaitanya/Documents/ACC_Development/Development/ros2/install/qcar2_interfaces/lib'
[5.591s] Level 1:colcon.colcon_core.shell:create_environment_hook('qcar2_interfaces', 'ld_library_path_lib')
[5.632s] INFO:colcon.colcon_core.shell:Creating environment hook '/home/chaitanya/Documents/ACC_Development/Development/ros2/install/qcar2_interfaces/share/qcar2_interfaces/hook/ld_library_path_lib.ps1'
[5.633s] INFO:colcon.colcon_core.shell:Creating environment descriptor '/home/chaitanya/Documents/ACC_Development/Development/ros2/install/qcar2_interfaces/share/qcar2_interfaces/hook/ld_library_path_lib.dsv'
[5.634s] INFO:colcon.colcon_core.shell:Creating environment hook '/home/chaitanya/Documents/ACC_Development/Development/ros2/install/qcar2_interfaces/share/qcar2_interfaces/hook/ld_library_path_lib.sh'
[5.635s] Level 1:colcon.colcon_core.environment:checking '/home/chaitanya/Documents/ACC_Development/Development/ros2/install/qcar2_interfaces/bin'
[5.635s] Level 1:colcon.colcon_core.environment:checking '/home/chaitanya/Documents/ACC_Development/Development/ros2/install/qcar2_interfaces/lib/pkgconfig/qcar2_interfaces.pc'
[5.635s] Level 1:colcon.colcon_core.environment:checking '/home/chaitanya/Documents/ACC_Development/Development/ros2/install/qcar2_interfaces/lib/python3.12/site-packages'
[5.636s] Level 1:colcon.colcon_core.shell:create_environment_hook('qcar2_interfaces', 'pythonpath')
[5.676s] INFO:colcon.colcon_core.shell:Creating environment hook '/home/chaitanya/Documents/ACC_Development/Development/ros2/install/qcar2_interfaces/share/qcar2_interfaces/hook/pythonpath.ps1'
[5.677s] INFO:colcon.colcon_core.shell:Creating environment descriptor '/home/chaitanya/Documents/ACC_Development/Development/ros2/install/qcar2_interfaces/share/qcar2_interfaces/hook/pythonpath.dsv'
[5.678s] INFO:colcon.colcon_core.shell:Creating environment hook '/home/chaitanya/Documents/ACC_Development/Development/ros2/install/qcar2_interfaces/share/qcar2_interfaces/hook/pythonpath.sh'
[5.679s] Level 1:colcon.colcon_core.environment:checking '/home/chaitanya/Documents/ACC_Development/Development/ros2/install/qcar2_interfaces/bin'
[5.715s] INFO:colcon.colcon_core.shell:Creating package script '/home/chaitanya/Documents/ACC_Development/Development/ros2/install/qcar2_interfaces/share/qcar2_interfaces/package.ps1'
[5.717s] INFO:colcon.colcon_core.shell:Creating package descriptor '/home/chaitanya/Documents/ACC_Development/Development/ros2/install/qcar2_interfaces/share/qcar2_interfaces/package.dsv'
[5.719s] INFO:colcon.colcon_core.shell:Creating package script '/home/chaitanya/Documents/ACC_Development/Development/ros2/install/qcar2_interfaces/share/qcar2_interfaces/package.sh'
[5.720s] INFO:colcon.colcon_core.shell:Creating package script '/home/chaitanya/Documents/ACC_Development/Development/ros2/install/qcar2_interfaces/share/qcar2_interfaces/package.bash'
[5.721s] INFO:colcon.colcon_core.shell:Creating package script '/home/chaitanya/Documents/ACC_Development/Development/ros2/install/qcar2_interfaces/share/qcar2_interfaces/package.zsh'
[5.722s] Level 1:colcon.colcon_core.environment:create_file_with_runtime_dependencies(/home/chaitanya/Documents/ACC_Development/Development/ros2/install/qcar2_interfaces/share/colcon-core/packages/qcar2_interfaces)
[6.008s] Level 1:colcon.colcon_core.environment:create_environment_scripts_only(qcar2_interfaces)
[6.041s] Level 1:colcon.colcon_core.environment:checking '/home/chaitanya/Documents/ACC_Development/Development/ros2/install/qcar2_interfaces' for CMake module files
[6.042s] Level 1:colcon.colcon_core.environment:checking '/home/chaitanya/Documents/ACC_Development/Development/ros2/install/qcar2_interfaces' for CMake config files
[6.043s] Level 1:colcon.colcon_core.shell:create_environment_hook('qcar2_interfaces', 'cmake_prefix_path')
[6.088s] INFO:colcon.colcon_core.shell:Creating environment hook '/home/chaitanya/Documents/ACC_Development/Development/ros2/install/qcar2_interfaces/share/qcar2_interfaces/hook/cmake_prefix_path.ps1'
[6.089s] INFO:colcon.colcon_core.shell:Creating environment descriptor '/home/chaitanya/Documents/ACC_Development/Development/ros2/install/qcar2_interfaces/share/qcar2_interfaces/hook/cmake_prefix_path.dsv'
[6.090s] INFO:colcon.colcon_core.shell:Creating environment hook '/home/chaitanya/Documents/ACC_Development/Development/ros2/install/qcar2_interfaces/share/qcar2_interfaces/hook/cmake_prefix_path.sh'
[6.091s] Level 1:colcon.colcon_core.environment:checking '/home/chaitanya/Documents/ACC_Development/Development/ros2/install/qcar2_interfaces/lib'
[6.091s] Level 1:colcon.colcon_core.shell:create_environment_hook('qcar2_interfaces', 'ld_library_path_lib')
[6.128s] INFO:colcon.colcon_core.shell:Creating environment hook '/home/chaitanya/Documents/ACC_Development/Development/ros2/install/qcar2_interfaces/share/qcar2_interfaces/hook/ld_library_path_lib.ps1'
[6.129s] INFO:colcon.colcon_core.shell:Creating environment descriptor '/home/chaitanya/Documents/ACC_Development/Development/ros2/install/qcar2_interfaces/share/qcar2_interfaces/hook/ld_library_path_lib.dsv'
[6.130s] INFO:colcon.colcon_core.shell:Creating environment hook '/home/chaitanya/Documents/ACC_Development/Development/ros2/install/qcar2_interfaces/share/qcar2_interfaces/hook/ld_library_path_lib.sh'
[6.131s] Level 1:colcon.colcon_core.environment:checking '/home/chaitanya/Documents/ACC_Development/Development/ros2/install/qcar2_interfaces/bin'
[6.131s] Level 1:colcon.colcon_core.environment:checking '/home/chaitanya/Documents/ACC_Development/Development/ros2/install/qcar2_interfaces/lib/pkgconfig/qcar2_interfaces.pc'
[6.132s] Level 1:colcon.colcon_core.environment:checking '/home/chaitanya/Documents/ACC_Development/Development/ros2/install/qcar2_interfaces/lib/python3.12/site-packages'
[6.132s] Level 1:colcon.colcon_core.shell:create_environment_hook('qcar2_interfaces', 'pythonpath')
[6.189s] INFO:colcon.colcon_core.shell:Creating environment hook '/home/chaitanya/Documents/ACC_Development/Development/ros2/install/qcar2_interfaces/share/qcar2_interfaces/hook/pythonpath.ps1'
[6.191s] INFO:colcon.colcon_core.shell:Creating environment descriptor '/home/chaitanya/Documents/ACC_Development/Development/ros2/install/qcar2_interfaces/share/qcar2_interfaces/hook/pythonpath.dsv'
[6.192s] INFO:colcon.colcon_core.shell:Creating environment hook '/home/chaitanya/Documents/ACC_Development/Development/ros2/install/qcar2_interfaces/share/qcar2_interfaces/hook/pythonpath.sh'
[6.193s] Level 1:colcon.colcon_core.environment:checking '/home/chaitanya/Documents/ACC_Development/Development/ros2/install/qcar2_interfaces/bin'
[6.230s] INFO:colcon.colcon_core.shell:Creating package script '/home/chaitanya/Documents/ACC_Development/Development/ros2/install/qcar2_interfaces/share/qcar2_interfaces/package.ps1'
[6.232s] INFO:colcon.colcon_core.shell:Creating package descriptor '/home/chaitanya/Documents/ACC_Development/Development/ros2/install/qcar2_interfaces/share/qcar2_interfaces/package.dsv'
[6.233s] INFO:colcon.colcon_core.shell:Creating package script '/home/chaitanya/Documents/ACC_Development/Development/ros2/install/qcar2_interfaces/share/qcar2_interfaces/package.sh'
[6.234s] INFO:colcon.colcon_core.shell:Creating package script '/home/chaitanya/Documents/ACC_Development/Development/ros2/install/qcar2_interfaces/share/qcar2_interfaces/package.bash'
[6.234s] INFO:colcon.colcon_core.shell:Creating package script '/home/chaitanya/Documents/ACC_Development/Development/ros2/install/qcar2_interfaces/share/qcar2_interfaces/package.zsh'
[6.235s] Level 1:colcon.colcon_core.environment:create_file_with_runtime_dependencies(/home/chaitanya/Documents/ACC_Development/Development/ros2/install/qcar2_interfaces/share/colcon-core/packages/qcar2_interfaces)
[6.235s] INFO:colcon.colcon_ros.task.ament_python.build:Building ROS package in '/home/chaitanya/Documents/ACC_Development/Development/ros2/src/qcar2_autonomy' with build type 'ament_python'
[6.236s] Level 1:colcon.colcon_core.shell:create_environment_hook('qcar2_autonomy', 'ament_prefix_path')
[6.288s] INFO:colcon.colcon_core.shell:Creating environment hook '/home/chaitanya/Documents/ACC_Development/Development/ros2/install/qcar2_autonomy/share/qcar2_autonomy/hook/ament_prefix_path.ps1'
[6.290s] INFO:colcon.colcon_core.shell:Creating environment descriptor '/home/chaitanya/Documents/ACC_Development/Development/ros2/install/qcar2_autonomy/share/qcar2_autonomy/hook/ament_prefix_path.dsv'
[6.290s] INFO:colcon.colcon_core.shell:Creating environment hook '/home/chaitanya/Documents/ACC_Development/Development/ros2/install/qcar2_autonomy/share/qcar2_autonomy/hook/ament_prefix_path.sh'
[6.328s] INFO:colcon.colcon_core.shell:Skip shell extension 'powershell' for command environment: Not usable outside of PowerShell
[6.328s] DEBUG:colcon.colcon_core.shell:Skip shell extension 'dsv' for command environment
[6.466s] INFO:colcon.colcon_ros.task.ament_cmake.build:Building ROS package in '/home/chaitanya/Documents/ACC_Development/Development/ros2/src/qcar2_nodes' with build type 'ament_cmake'
[6.466s] INFO:colcon.colcon_cmake.task.cmake.build:Building CMake package in '/home/chaitanya/Documents/ACC_Development/Development/ros2/src/qcar2_nodes'
[6.515s] INFO:colcon.colcon_core.shell:Skip shell extension 'powershell' for command environment: Not usable outside of PowerShell
[6.516s] DEBUG:colcon.colcon_core.shell:Skip shell extension 'dsv' for command environment
[7.299s] INFO:colcon.colcon_core.task.python.build:Building Python package in '/home/chaitanya/Documents/ACC_Development/Development/ros2/src/qcar2_autonomy'
[7.343s] INFO:colcon.colcon_core.shell:Skip shell extension 'powershell' for command environment: Not usable outside of PowerShell
[7.343s] DEBUG:colcon.colcon_core.shell:Skip shell extension 'dsv' for command environment
[7.506s] DEBUG:colcon.colcon_core.event_handler.log_command:Invoking command in '/home/chaitanya/Documents/ACC_Development/Development/ros2/build/qcar2_nodes': CMAKE_PREFIX_PATH=/home/chaitanya/Documents/ACC_Development/Development/ros2/install/qcar2_interfaces:/home/chaitanya/Documents/ACC_Development/Development/ros2/install/qcar2_nodes:/opt/ros/jazzy/opt/gz_sim_vendor:/opt/ros/jazzy/opt/gz_sensors_vendor:/opt/ros/jazzy/opt/gz_physics_vendor:/opt/ros/jazzy/opt/sdformat_vendor:/opt/ros/jazzy/opt/gz_gui_vendor:/opt/ros/jazzy/opt/gz_transport_vendor:/opt/ros/jazzy/opt/gz_rendering_vendor:/opt/ros/jazzy/opt/gz_plugin_vendor:/opt/ros/jazzy/opt/gz_fuel_tools_vendor:/opt/ros/jazzy/opt/gz_msgs_vendor:/opt/ros/jazzy/opt/gz_common_vendor:/opt/ros/jazzy/opt/gz_math_vendor:/opt/ros/jazzy/opt/gz_utils_vendor:/opt/ros/jazzy/opt/gz_tools_vendor:/opt/ros/jazzy/opt/gz_ogre_next_vendor:/opt/ros/jazzy/opt/gz_dartsim_vendor:/opt/ros/jazzy/opt/gz_cmake_vendor:/home/chaitanya/Documents/ACC_Development/Development/ros2/install/qcar2_autonomy:/opt/ros/jazzy DEBUGINFOD_URLS=https://debuginfod.ubuntu.com PYTHONPATH=/home/chaitanya/Documents/ACC_Development/Development/ros2/install/qcar2_interfaces/lib/python3.12/site-packages:/home/chaitanya/Documents/ACC_Development/Development/ros2/build/qcar2_autonomy:/home/chaitanya/Documents/ACC_Development/Development/ros2/install/qcar2_autonomy/lib/python3.12/site-packages:/opt/ros/jazzy/lib/python3.12/site-packages:/home/chaitanya/Quanser/libraries/python:/home/chaitanya/Documents/ACC_Development/backup/Quanser_Academic_Resources/0_libraries/python /usr/bin/cmake --build /home/chaitanya/Documents/ACC_Development/Development/ros2/build/qcar2_nodes -- -j16 -l16
[7.763s] DEBUG:colcon.colcon_core.event_handler.log_command:Invoked command in '/home/chaitanya/Documents/ACC_Development/Development/ros2/build/qcar2_nodes' returned '0': CMAKE_PREFIX_PATH=/home/chaitanya/Documents/ACC_Development/Development/ros2/install/qcar2_interfaces:/home/chaitanya/Documents/ACC_Development/Development/ros2/install/qcar2_nodes:/opt/ros/jazzy/opt/gz_sim_vendor:/opt/ros/jazzy/opt/gz_sensors_vendor:/opt/ros/jazzy/opt/gz_physics_vendor:/opt/ros/jazzy/opt/sdformat_vendor:/opt/ros/jazzy/opt/gz_gui_vendor:/opt/ros/jazzy/opt/gz_transport_vendor:/opt/ros/jazzy/opt/gz_rendering_vendor:/opt/ros/jazzy/opt/gz_plugin_vendor:/opt/ros/jazzy/opt/gz_fuel_tools_vendor:/opt/ros/jazzy/opt/gz_msgs_vendor:/opt/ros/jazzy/opt/gz_common_vendor:/opt/ros/jazzy/opt/gz_math_vendor:/opt/ros/jazzy/opt/gz_utils_vendor:/opt/ros/jazzy/opt/gz_tools_vendor:/opt/ros/jazzy/opt/gz_ogre_next_vendor:/opt/ros/jazzy/opt/gz_dartsim_vendor:/opt/ros/jazzy/opt/gz_cmake_vendor:/home/chaitanya/Documents/ACC_Development/Development/ros2/install/qcar2_autonomy:/opt/ros/jazzy DEBUGINFOD_URLS=https://debuginfod.ubuntu.com PYTHONPATH=/home/chaitanya/Documents/ACC_Development/Development/ros2/install/qcar2_interfaces/lib/python3.12/site-packages:/home/chaitanya/Documents/ACC_Development/Development/ros2/build/qcar2_autonomy:/home/chaitanya/Documents/ACC_Development/Development/ros2/install/qcar2_autonomy/lib/python3.12/site-packages:/opt/ros/jazzy/lib/python3.12/site-packages:/home/chaitanya/Quanser/libraries/python:/home/chaitanya/Documents/ACC_Development/backup/Quanser_Academic_Resources/0_libraries/python /usr/bin/cmake --build /home/chaitanya/Documents/ACC_Development/Development/ros2/build/qcar2_nodes -- -j16 -l16
[7.884s] DEBUG:colcon.colcon_core.event_handler.log_command:Invoking command in '/home/chaitanya/Documents/ACC_Development/Development/ros2/build/qcar2_nodes': CMAKE_PREFIX_PATH=/home/chaitanya/Documents/ACC_Development/Development/ros2/install/qcar2_interfaces:/home/chaitanya/Documents/ACC_Development/Development/ros2/install/qcar2_nodes:/opt/ros/jazzy/opt/gz_sim_vendor:/opt/ros/jazzy/opt/gz_sensors_vendor:/opt/ros/jazzy/opt/gz_physics_vendor:/opt/ros/jazzy/opt/sdformat_vendor:/opt/ros/jazzy/opt/gz_gui_vendor:/opt/ros/jazzy/opt/gz_transport_vendor:/opt/ros/jazzy/opt/gz_rendering_vendor:/opt/ros/jazzy/opt/gz_plugin_vendor:/opt/ros/jazzy/opt/gz_fuel_tools_vendor:/opt/ros/jazzy/opt/gz_msgs_vendor:/opt/ros/jazzy/opt/gz_common_vendor:/opt/ros/jazzy/opt/gz_math_vendor:/opt/ros/jazzy/opt/gz_utils_vendor:/opt/ros/jazzy/opt/gz_tools_vendor:/opt/ros/jazzy/opt/gz_ogre_next_vendor:/opt/ros/jazzy/opt/gz_dartsim_vendor:/opt/ros/jazzy/opt/gz_cmake_vendor:/home/chaitanya/Documents/ACC_Development/Development/ros2/install/qcar2_autonomy:/opt/ros/jazzy DEBUGINFOD_URLS=https://debuginfod.ubuntu.com PYTHONPATH=/home/chaitanya/Documents/ACC_Development/Development/ros2/install/qcar2_interfaces/lib/python3.12/site-packages:/home/chaitanya/Documents/ACC_Development/Development/ros2/build/qcar2_autonomy:/home/chaitanya/Documents/ACC_Development/Development/ros2/install/qcar2_autonomy/lib/python3.12/site-packages:/opt/ros/jazzy/lib/python3.12/site-packages:/home/chaitanya/Quanser/libraries/python:/home/chaitanya/Documents/ACC_Development/backup/Quanser_Academic_Resources/0_libraries/python /usr/bin/cmake --install /home/chaitanya/Documents/ACC_Development/Development/ros2/build/qcar2_nodes
[7.965s] Level 1:colcon.colcon_core.environment:create_environment_scripts_only(qcar2_nodes)
[7.967s] DEBUG:colcon.colcon_core.event_handler.log_command:Invoked command in '/home/chaitanya/Documents/ACC_Development/Development/ros2/build/qcar2_nodes' returned '0': CMAKE_PREFIX_PATH=/home/chaitanya/Documents/ACC_Development/Development/ros2/install/qcar2_interfaces:/home/chaitanya/Documents/ACC_Development/Development/ros2/install/qcar2_nodes:/opt/ros/jazzy/opt/gz_sim_vendor:/opt/ros/jazzy/opt/gz_sensors_vendor:/opt/ros/jazzy/opt/gz_physics_vendor:/opt/ros/jazzy/opt/sdformat_vendor:/opt/ros/jazzy/opt/gz_gui_vendor:/opt/ros/jazzy/opt/gz_transport_vendor:/opt/ros/jazzy/opt/gz_rendering_vendor:/opt/ros/jazzy/opt/gz_plugin_vendor:/opt/ros/jazzy/opt/gz_fuel_tools_vendor:/opt/ros/jazzy/opt/gz_msgs_vendor:/opt/ros/jazzy/opt/gz_common_vendor:/opt/ros/jazzy/opt/gz_math_vendor:/opt/ros/jazzy/opt/gz_utils_vendor:/opt/ros/jazzy/opt/gz_tools_vendor:/opt/ros/jazzy/opt/gz_ogre_next_vendor:/opt/ros/jazzy/opt/gz_dartsim_vendor:/opt/ros/jazzy/opt/gz_cmake_vendor:/home/chaitanya/Documents/ACC_Development/Development/ros2/install/qcar2_autonomy:/opt/ros/jazzy DEBUGINFOD_URLS=https://debuginfod.ubuntu.com PYTHONPATH=/home/chaitanya/Documents/ACC_Development/Development/ros2/install/qcar2_interfaces/lib/python3.12/site-packages:/home/chaitanya/Documents/ACC_Development/Development/ros2/build/qcar2_autonomy:/home/chaitanya/Documents/ACC_Development/Development/ros2/install/qcar2_autonomy/lib/python3.12/site-packages:/opt/ros/jazzy/lib/python3.12/site-packages:/home/chaitanya/Quanser/libraries/python:/home/chaitanya/Documents/ACC_Development/backup/Quanser_Academic_Resources/0_libraries/python /usr/bin/cmake --install /home/chaitanya/Documents/ACC_Development/Development/ros2/build/qcar2_nodes
[8.009s] Level 1:colcon.colcon_core.environment:checking '/home/chaitanya/Documents/ACC_Development/Development/ros2/install/qcar2_nodes' for CMake module files
[8.011s] Level 1:colcon.colcon_core.environment:checking '/home/chaitanya/Documents/ACC_Development/Development/ros2/install/qcar2_nodes' for CMake config files
[8.012s] Level 1:colcon.colcon_core.shell:create_environment_hook('qcar2_nodes', 'cmake_prefix_path')
[8.060s] INFO:colcon.colcon_core.shell:Creating environment hook '/home/chaitanya/Documents/ACC_Development/Development/ros2/install/qcar2_nodes/share/qcar2_nodes/hook/cmake_prefix_path.ps1'
[8.061s] INFO:colcon.colcon_core.shell:Creating environment descriptor '/home/chaitanya/Documents/ACC_Development/Development/ros2/install/qcar2_nodes/share/qcar2_nodes/hook/cmake_prefix_path.dsv'
[8.062s] INFO:colcon.colcon_core.shell:Creating environment hook '/home/chaitanya/Documents/ACC_Development/Development/ros2/install/qcar2_nodes/share/qcar2_nodes/hook/cmake_prefix_path.sh'
[8.063s] Level 1:colcon.colcon_core.environment:checking '/home/chaitanya/Documents/ACC_Development/Development/ros2/install/qcar2_nodes/lib'
[8.065s] Level 1:colcon.colcon_core.environment:checking '/home/chaitanya/Documents/ACC_Development/Development/ros2/install/qcar2_nodes/bin'
[8.065s] Level 1:colcon.colcon_core.environment:checking '/home/chaitanya/Documents/ACC_Development/Development/ros2/install/qcar2_nodes/lib/pkgconfig/qcar2_nodes.pc'
[8.065s] Level 1:colcon.colcon_core.environment:checking '/home/chaitanya/Documents/ACC_Development/Development/ros2/install/qcar2_nodes/lib/python3.12/site-packages'
[8.066s] Level 1:colcon.colcon_core.environment:checking '/home/chaitanya/Documents/ACC_Development/Development/ros2/install/qcar2_nodes/bin'
[8.104s] INFO:colcon.colcon_core.shell:Creating package script '/home/chaitanya/Documents/ACC_Development/Development/ros2/install/qcar2_nodes/share/qcar2_nodes/package.ps1'
[8.105s] INFO:colcon.colcon_core.shell:Creating package descriptor '/home/chaitanya/Documents/ACC_Development/Development/ros2/install/qcar2_nodes/share/qcar2_nodes/package.dsv'
[8.106s] INFO:colcon.colcon_core.shell:Creating package script '/home/chaitanya/Documents/ACC_Development/Development/ros2/install/qcar2_nodes/share/qcar2_nodes/package.sh'
[8.106s] INFO:colcon.colcon_core.shell:Creating package script '/home/chaitanya/Documents/ACC_Development/Development/ros2/install/qcar2_nodes/share/qcar2_nodes/package.bash'
[8.107s] INFO:colcon.colcon_core.shell:Creating package script '/home/chaitanya/Documents/ACC_Development/Development/ros2/install/qcar2_nodes/share/qcar2_nodes/package.zsh'
[8.107s] Level 1:colcon.colcon_core.environment:create_file_with_runtime_dependencies(/home/chaitanya/Documents/ACC_Development/Development/ros2/install/qcar2_nodes/share/colcon-core/packages/qcar2_nodes)
[8.286s] Level 1:colcon.colcon_core.environment:create_environment_scripts_only(qcar2_nodes)
[8.331s] Level 1:colcon.colcon_core.environment:checking '/home/chaitanya/Documents/ACC_Development/Development/ros2/install/qcar2_nodes' for CMake module files
[8.332s] Level 1:colcon.colcon_core.environment:checking '/home/chaitanya/Documents/ACC_Development/Development/ros2/install/qcar2_nodes' for CMake config files
[8.333s] Level 1:colcon.colcon_core.shell:create_environment_hook('qcar2_nodes', 'cmake_prefix_path')
[8.376s] INFO:colcon.colcon_core.shell:Creating environment hook '/home/chaitanya/Documents/ACC_Development/Development/ros2/install/qcar2_nodes/share/qcar2_nodes/hook/cmake_prefix_path.ps1'
[8.377s] INFO:colcon.colcon_core.shell:Creating environment descriptor '/home/chaitanya/Documents/ACC_Development/Development/ros2/install/qcar2_nodes/share/qcar2_nodes/hook/cmake_prefix_path.dsv'
[8.378s] INFO:colcon.colcon_core.shell:Creating environment hook '/home/chaitanya/Documents/ACC_Development/Development/ros2/install/qcar2_nodes/share/qcar2_nodes/hook/cmake_prefix_path.sh'
[8.379s] Level 1:colcon.colcon_core.environment:checking '/home/chaitanya/Documents/ACC_Development/Development/ros2/install/qcar2_nodes/lib'
[8.380s] Level 1:colcon.colcon_core.environment:checking '/home/chaitanya/Documents/ACC_Development/Development/ros2/install/qcar2_nodes/bin'
[8.380s] Level 1:colcon.colcon_core.environment:checking '/home/chaitanya/Documents/ACC_Development/Development/ros2/install/qcar2_nodes/lib/pkgconfig/qcar2_nodes.pc'
[8.380s] Level 1:colcon.colcon_core.environment:checking '/home/chaitanya/Documents/ACC_Development/Development/ros2/install/qcar2_nodes/lib/python3.12/site-packages'
[8.380s] Level 1:colcon.colcon_core.environment:checking '/home/chaitanya/Documents/ACC_Development/Development/ros2/install/qcar2_nodes/bin'
[8.424s] INFO:colcon.colcon_core.shell:Creating package script '/home/chaitanya/Documents/ACC_Development/Development/ros2/install/qcar2_nodes/share/qcar2_nodes/package.ps1'
[8.425s] INFO:colcon.colcon_core.shell:Creating package descriptor '/home/chaitanya/Documents/ACC_Development/Development/ros2/install/qcar2_nodes/share/qcar2_nodes/package.dsv'
[8.426s] INFO:colcon.colcon_core.shell:Creating package script '/home/chaitanya/Documents/ACC_Development/Development/ros2/install/qcar2_nodes/share/qcar2_nodes/package.sh'
[8.428s] INFO:colcon.colcon_core.shell:Creating package script '/home/chaitanya/Documents/ACC_Development/Development/ros2/install/qcar2_nodes/share/qcar2_nodes/package.bash'
[8.429s] INFO:colcon.colcon_core.shell:Creating package script '/home/chaitanya/Documents/ACC_Development/Development/ros2/install/qcar2_nodes/share/qcar2_nodes/package.zsh'
[8.430s] Level 1:colcon.colcon_core.environment:create_file_with_runtime_dependencies(/home/chaitanya/Documents/ACC_Development/Development/ros2/install/qcar2_nodes/share/colcon-core/packages/qcar2_nodes)
[9.132s] DEBUG:colcon.colcon_core.event_handler.log_command:Invoking command in '/home/chaitanya/Documents/ACC_Development/Development/ros2/build/qcar2_autonomy': CMAKE_PREFIX_PATH=/home/chaitanya/Documents/ACC_Development/Development/ros2/install/qcar2_interfaces:/home/chaitanya/Documents/ACC_Development/Development/ros2/install/qcar2_nodes:/opt/ros/jazzy/opt/gz_sim_vendor:/opt/ros/jazzy/opt/gz_sensors_vendor:/opt/ros/jazzy/opt/gz_physics_vendor:/opt/ros/jazzy/opt/sdformat_vendor:/opt/ros/jazzy/opt/gz_gui_vendor:/opt/ros/jazzy/opt/gz_transport_vendor:/opt/ros/jazzy/opt/gz_rendering_vendor:/opt/ros/jazzy/opt/gz_plugin_vendor:/opt/ros/jazzy/opt/gz_fuel_tools_vendor:/opt/ros/jazzy/opt/gz_msgs_vendor:/opt/ros/jazzy/opt/gz_common_vendor:/opt/ros/jazzy/opt/gz_math_vendor:/opt/ros/jazzy/opt/gz_utils_vendor:/opt/ros/jazzy/opt/gz_tools_vendor:/opt/ros/jazzy/opt/gz_ogre_next_vendor:/opt/ros/jazzy/opt/gz_dartsim_vendor:/opt/ros/jazzy/opt/gz_cmake_vendor DEBUGINFOD_URLS=https://debuginfod.ubuntu.com PYTHONPATH=/home/chaitanya/Documents/ACC_Development/Development/ros2/build/qcar2_autonomy/prefix_override:/home/chaitanya/Documents/ACC_Development/Development/ros2/install/qcar2_autonomy/lib/python3.12/site-packages:/home/chaitanya/Documents/ACC_Development/Development/ros2/install/qcar2_interfaces/lib/python3.12/site-packages:/home/chaitanya/Documents/ACC_Development/Development/ros2/build/qcar2_autonomy:/home/chaitanya/Documents/ACC_Development/Development/ros2/install/qcar2_autonomy/lib/python3.12/site-packages:/opt/ros/jazzy/lib/python3.12/site-packages:/home/chaitanya/Quanser/libraries/python:/home/chaitanya/Documents/ACC_Development/backup/Quanser_Academic_Resources/0_libraries/python /usr/bin/python3 setup.py develop --editable --build-directory /home/chaitanya/Documents/ACC_Development/Development/ros2/build/qcar2_autonomy/build --no-deps install_data
[10.600s] Level 1:colcon.colcon_core.shell:create_environment_hook('qcar2_autonomy', 'pythonpath_develop')
[10.601s] DEBUG:colcon.colcon_core.event_handler.log_command:Invoked command in '/home/chaitanya/Documents/ACC_Development/Development/ros2/build/qcar2_autonomy' returned '0': CMAKE_PREFIX_PATH=/home/chaitanya/Documents/ACC_Development/Development/ros2/install/qcar2_interfaces:/home/chaitanya/Documents/ACC_Development/Development/ros2/install/qcar2_nodes:/opt/ros/jazzy/opt/gz_sim_vendor:/opt/ros/jazzy/opt/gz_sensors_vendor:/opt/ros/jazzy/opt/gz_physics_vendor:/opt/ros/jazzy/opt/sdformat_vendor:/opt/ros/jazzy/opt/gz_gui_vendor:/opt/ros/jazzy/opt/gz_transport_vendor:/opt/ros/jazzy/opt/gz_rendering_vendor:/opt/ros/jazzy/opt/gz_plugin_vendor:/opt/ros/jazzy/opt/gz_fuel_tools_vendor:/opt/ros/jazzy/opt/gz_msgs_vendor:/opt/ros/jazzy/opt/gz_common_vendor:/opt/ros/jazzy/opt/gz_math_vendor:/opt/ros/jazzy/opt/gz_utils_vendor:/opt/ros/jazzy/opt/gz_tools_vendor:/opt/ros/jazzy/opt/gz_ogre_next_vendor:/opt/ros/jazzy/opt/gz_dartsim_vendor:/opt/ros/jazzy/opt/gz_cmake_vendor DEBUGINFOD_URLS=https://debuginfod.ubuntu.com PYTHONPATH=/home/chaitanya/Documents/ACC_Development/Development/ros2/build/qcar2_autonomy/prefix_override:/home/chaitanya/Documents/ACC_Development/Development/ros2/install/qcar2_autonomy/lib/python3.12/site-packages:/home/chaitanya/Documents/ACC_Development/Development/ros2/install/qcar2_interfaces/lib/python3.12/site-packages:/home/chaitanya/Documents/ACC_Development/Development/ros2/build/qcar2_autonomy:/home/chaitanya/Documents/ACC_Development/Development/ros2/install/qcar2_autonomy/lib/python3.12/site-packages:/opt/ros/jazzy/lib/python3.12/site-packages:/home/chaitanya/Quanser/libraries/python:/home/chaitanya/Documents/ACC_Development/backup/Quanser_Academic_Resources/0_libraries/python /usr/bin/python3 setup.py develop --editable --build-directory /home/chaitanya/Documents/ACC_Development/Development/ros2/build/qcar2_autonomy/build --no-deps install_data
[10.649s] INFO:colcon.colcon_core.shell:Creating environment hook '/home/chaitanya/Documents/ACC_Development/Development/ros2/build/qcar2_autonomy/share/qcar2_autonomy/hook/pythonpath_develop.ps1'
[10.650s] INFO:colcon.colcon_core.shell:Creating environment descriptor '/home/chaitanya/Documents/ACC_Development/Development/ros2/build/qcar2_autonomy/share/qcar2_autonomy/hook/pythonpath_develop.dsv'
[10.650s] INFO:colcon.colcon_core.shell:Creating environment hook '/home/chaitanya/Documents/ACC_Development/Development/ros2/build/qcar2_autonomy/share/qcar2_autonomy/hook/pythonpath_develop.sh'
[10.684s] Level 1:colcon.colcon_core.environment:checking '/home/chaitanya/Documents/ACC_Development/Development/ros2/install/qcar2_autonomy' for CMake module files
[10.685s] Level 1:colcon.colcon_core.environment:checking '/home/chaitanya/Documents/ACC_Development/Development/ros2/install/qcar2_autonomy' for CMake config files
[10.686s] Level 1:colcon.colcon_core.environment:checking '/home/chaitanya/Documents/ACC_Development/Development/ros2/install/qcar2_autonomy/lib'
[10.686s] Level 1:colcon.colcon_core.environment:checking '/home/chaitanya/Documents/ACC_Development/Development/ros2/install/qcar2_autonomy/bin'
[10.686s] Level 1:colcon.colcon_core.environment:checking '/home/chaitanya/Documents/ACC_Development/Development/ros2/install/qcar2_autonomy/lib/pkgconfig/qcar2_autonomy.pc'
[10.687s] Level 1:colcon.colcon_core.environment:checking '/home/chaitanya/Documents/ACC_Development/Development/ros2/install/qcar2_autonomy/lib/python3.12/site-packages'
[10.687s] Level 1:colcon.colcon_core.shell:create_environment_hook('qcar2_autonomy', 'pythonpath')
[10.724s] INFO:colcon.colcon_core.shell:Creating environment hook '/home/chaitanya/Documents/ACC_Development/Development/ros2/install/qcar2_autonomy/share/qcar2_autonomy/hook/pythonpath.ps1'
[10.725s] INFO:colcon.colcon_core.shell:Creating environment descriptor '/home/chaitanya/Documents/ACC_Development/Development/ros2/install/qcar2_autonomy/share/qcar2_autonomy/hook/pythonpath.dsv'
[10.726s] INFO:colcon.colcon_core.shell:Creating environment hook '/home/chaitanya/Documents/ACC_Development/Development/ros2/install/qcar2_autonomy/share/qcar2_autonomy/hook/pythonpath.sh'
[10.727s] Level 1:colcon.colcon_core.environment:checking '/home/chaitanya/Documents/ACC_Development/Development/ros2/install/qcar2_autonomy/bin'
[10.727s] Level 1:colcon.colcon_core.environment:create_environment_scripts_only(qcar2_autonomy)
[10.774s] INFO:colcon.colcon_core.shell:Creating package script '/home/chaitanya/Documents/ACC_Development/Development/ros2/install/qcar2_autonomy/share/qcar2_autonomy/package.ps1'
[10.776s] INFO:colcon.colcon_core.shell:Creating package descriptor '/home/chaitanya/Documents/ACC_Development/Development/ros2/install/qcar2_autonomy/share/qcar2_autonomy/package.dsv'
[10.777s] INFO:colcon.colcon_core.shell:Creating package script '/home/chaitanya/Documents/ACC_Development/Development/ros2/install/qcar2_autonomy/share/qcar2_autonomy/package.sh'
[10.778s] INFO:colcon.colcon_core.shell:Creating package script '/home/chaitanya/Documents/ACC_Development/Development/ros2/install/qcar2_autonomy/share/qcar2_autonomy/package.bash'
[10.778s] INFO:colcon.colcon_core.shell:Creating package script '/home/chaitanya/Documents/ACC_Development/Development/ros2/install/qcar2_autonomy/share/qcar2_autonomy/package.zsh'
[10.779s] Level 1:colcon.colcon_core.environment:create_file_with_runtime_dependencies(/home/chaitanya/Documents/ACC_Development/Development/ros2/install/qcar2_autonomy/share/colcon-core/packages/qcar2_autonomy)
[10.779s] DEBUG:colcon.colcon_parallel_executor.executor.parallel:closing loop
[10.781s] DEBUG:colcon.colcon_parallel_executor.executor.parallel:loop closed
[10.783s] DEBUG:colcon.colcon_parallel_executor.executor.parallel:run_until_complete finished with '0'
[10.783s] DEBUG:colcon.colcon_core.event_reactor:joining thread
[10.848s] INFO:colcon.colcon_core.plugin_system:Skipping extension 'colcon_notification.desktop_notification.terminal_notifier': Not used on non-Darwin systems
[10.849s] INFO:colcon.colcon_core.plugin_system:Skipping extension 'colcon_notification.desktop_notification.win32': Not used on non-Windows systems
[10.849s] INFO:colcon.colcon_notification.desktop_notification:Sending desktop notification using 'notify2'
[10.891s] DEBUG:colcon.colcon_core.event_reactor:joined thread
[10.934s] INFO:colcon.colcon_core.shell:Creating prefix script '/home/chaitanya/Documents/ACC_Development/Development/ros2/install/local_setup.ps1'
[10.936s] INFO:colcon.colcon_core.shell:Creating prefix util module '/home/chaitanya/Documents/ACC_Development/Development/ros2/install/_local_setup_util_ps1.py'
[10.938s] INFO:colcon.colcon_core.shell:Creating prefix chain script '/home/chaitanya/Documents/ACC_Development/Development/ros2/install/setup.ps1'
[10.976s] INFO:colcon.colcon_core.shell:Creating prefix script '/home/chaitanya/Documents/ACC_Development/Development/ros2/install/local_setup.sh'
[10.978s] INFO:colcon.colcon_core.shell:Creating prefix util module '/home/chaitanya/Documents/ACC_Development/Development/ros2/install/_local_setup_util_sh.py'
[10.979s] INFO:colcon.colcon_core.shell:Creating prefix chain script '/home/chaitanya/Documents/ACC_Development/Development/ros2/install/setup.sh'
[11.017s] INFO:colcon.colcon_core.shell:Creating prefix script '/home/chaitanya/Documents/ACC_Development/Development/ros2/install/local_setup.bash'
[11.018s] INFO:colcon.colcon_core.shell:Creating prefix chain script '/home/chaitanya/Documents/ACC_Development/Development/ros2/install/setup.bash'
[11.071s] INFO:colcon.colcon_core.shell:Creating prefix script '/home/chaitanya/Documents/ACC_Development/Development/ros2/install/local_setup.zsh'
[11.072s] INFO:colcon.colcon_core.shell:Creating prefix chain script '/home/chaitanya/Documents/ACC_Development/Development/ros2/install/setup.zsh'
