running develop
/usr/lib/python3/dist-packages/setuptools/command/develop.py:40: EasyInstallDeprecationWarning: easy_install command is deprecated.
!!

        ********************************************************************************
        Please avoid running ``setup.py`` and ``easy_install``.
        Instead, use pypa/build, pypa/installer or other
        standards-based tools.

        See https://github.com/pypa/setuptools/issues/917 for details.
        ********************************************************************************

!!
  easy_install.initialize_options(self)
/usr/lib/python3/dist-packages/setuptools/_distutils/cmd.py:66: SetuptoolsDeprecationWarning: setup.py install is deprecated.
!!

        ********************************************************************************
        Please avoid running ``setup.py`` directly.
        Instead, use pypa/build, pypa/installer or other
        standards-based tools.

        See https://blog.ganssle.io/articles/2021/10/setup-py-deprecated.html for details.
        ********************************************************************************

!!
  self.initialize_options()
/usr/lib/python3/dist-packages/setuptools/command/easy_install.py:363: UserWarning: Unbuilt egg for pytest-repeat [unknown version] (/usr/lib/python3/dist-packages)
  self.local_index = Environment(self.shadow_path + sys.path)
running egg_info
creating qcar2_autonomy.egg-info
writing qcar2_autonomy.egg-info/PKG-INFO
writing dependency_links to qcar2_autonomy.egg-info/dependency_links.txt
writing entry points to qcar2_autonomy.egg-info/entry_points.txt
writing requirements to qcar2_autonomy.egg-info/requires.txt
writing top-level names to qcar2_autonomy.egg-info/top_level.txt
writing manifest file 'qcar2_autonomy.egg-info/SOURCES.txt'
reading manifest file 'qcar2_autonomy.egg-info/SOURCES.txt'
writing manifest file 'qcar2_autonomy.egg-info/SOURCES.txt'
running build_ext
Creating /home/chaitanya/Documents/ACC_Development/Development/ros2/install/qcar2_autonomy/lib/python3.12/site-packages/qcar2-autonomy.egg-link (link to .)
Installing lane_detector script to /home/chaitanya/Documents/ACC_Development/Development/ros2/install/qcar2_autonomy/lib/qcar2_autonomy
Installing path_follower script to /home/chaitanya/Documents/ACC_Development/Development/ros2/install/qcar2_autonomy/lib/qcar2_autonomy
Installing traffic_system_detector script to /home/chaitanya/Documents/ACC_Development/Development/ros2/install/qcar2_autonomy/lib/qcar2_autonomy
Installing trip_planner script to /home/chaitanya/Documents/ACC_Development/Development/ros2/install/qcar2_autonomy/lib/qcar2_autonomy
Installing yolo_detector script to /home/chaitanya/Documents/ACC_Development/Development/ros2/install/qcar2_autonomy/lib/qcar2_autonomy

Installed /home/chaitanya/Documents/ACC_Development/Development/ros2/build/qcar2_autonomy
running install_data
creating /home/chaitanya/Documents/ACC_Development/Development/ros2/install/qcar2_autonomy/share/ament_index
creating /home/chaitanya/Documents/ACC_Development/Development/ros2/install/qcar2_autonomy/share/ament_index/resource_index
creating /home/chaitanya/Documents/ACC_Development/Development/ros2/install/qcar2_autonomy/share/ament_index/resource_index/packages
copying resource/qcar2_autonomy -> /home/chaitanya/Documents/ACC_Development/Development/ros2/install/qcar2_autonomy/share/ament_index/resource_index/packages
copying package.xml -> /home/chaitanya/Documents/ACC_Development/Development/ros2/install/qcar2_autonomy/share/qcar2_autonomy
creating /home/chaitanya/Documents/ACC_Development/Development/ros2/install/qcar2_autonomy/share/qcar2_autonomy/launch
copying launch/autonomy_planner_launch.py -> /home/chaitanya/Documents/ACC_Development/Development/ros2/install/qcar2_autonomy/share/qcar2_autonomy/launch
