[2.322s] DEBUG:colcon:Command line arguments: ['/usr/bin/colcon', 'build', '--symlink-install']
[2.322s] DEBUG:colcon:Parsed command line arguments: Namespace(log_base=None, log_level=None, verb_name='build', build_base='build', install_base='install', merge_install=False, symlink_install=True, test_result_base=None, continue_on_error=False, executor='parallel', parallel_workers=16, event_handlers=None, ignore_user_meta=False, metas=['./colcon.meta'], base_paths=['.'], packages_ignore=None, packages_ignore_regex=None, paths=None, packages_up_to=None, packages_up_to_regex=None, packages_above=None, packages_above_and_dependencies=None, packages_above_depth=None, packages_select_by_dep=None, packages_skip_by_dep=None, packages_skip_up_to=None, packages_select_build_failed=False, packages_skip_build_finished=False, packages_select_test_failures=False, packages_skip_test_passed=False, packages_select=None, packages_skip=None, packages_select_regex=None, packages_skip_regex=None, packages_start=None, packages_end=None, allow_overriding=[], cmake_args=None, cmake_target=None, cmake_target_skip_unavailable=False, cmake_clean_cache=False, cmake_clean_first=False, cmake_force_configure=False, ament_cmake_args=None, catkin_cmake_args=None, catkin_skip_building_tests=False, mixin_files=None, mixin=None, verb_parser=<colcon_mixin.mixin.mixin_argument.MixinArgumentDecorator object at 0x703e7522fc20>, verb_extension=<colcon_core.verb.build.BuildVerb object at 0x703e75496b40>, main=<bound method BuildVerb.main of <colcon_core.verb.build.BuildVerb object at 0x703e75496b40>>, mixin_verb=('build',))
[2.447s] Level 1:colcon.colcon_core.package_discovery:discover_packages(colcon_meta) check parameters
[2.448s] Level 1:colcon.colcon_core.package_discovery:discover_packages(recursive) check parameters
[2.448s] Level 1:colcon.colcon_core.package_discovery:discover_packages(ignore) check parameters
[2.448s] Level 1:colcon.colcon_core.package_discovery:discover_packages(path) check parameters
[2.448s] Level 1:colcon.colcon_core.package_discovery:discover_packages(colcon_meta) discover
[2.448s] Level 1:colcon.colcon_core.package_discovery:discover_packages(recursive) discover
[2.448s] INFO:colcon.colcon_core.package_discovery:Crawling recursively for packages in '/home/chaitanya/Documents/ACC_Development/Development/ros2'
[2.448s] Level 1:colcon.colcon_core.package_identification:_identify(.) by extensions ['ignore', 'ignore_ament_install']
[2.448s] Level 1:colcon.colcon_core.package_identification:_identify(.) by extension 'ignore'
[2.448s] Level 1:colcon.colcon_core.package_identification:_identify(.) by extension 'ignore_ament_install'
[2.449s] Level 1:colcon.colcon_core.package_identification:_identify(.) by extensions ['colcon_pkg']
[2.449s] Level 1:colcon.colcon_core.package_identification:_identify(.) by extension 'colcon_pkg'
[2.449s] Level 1:colcon.colcon_core.package_identification:_identify(.) by extensions ['colcon_meta']
[2.449s] Level 1:colcon.colcon_core.package_identification:_identify(.) by extension 'colcon_meta'
[2.449s] Level 1:colcon.colcon_core.package_identification:_identify(.) by extensions ['ros']
[2.449s] Level 1:colcon.colcon_core.package_identification:_identify(.) by extension 'ros'
[2.485s] Level 1:colcon.colcon_core.package_identification:_identify(.) by extensions ['cmake', 'python']
[2.485s] Level 1:colcon.colcon_core.package_identification:_identify(.) by extension 'cmake'
[2.485s] Level 1:colcon.colcon_core.package_identification:_identify(.) by extension 'python'
[2.485s] Level 1:colcon.colcon_core.package_identification:_identify(.) by extensions ['python_setup_py']
[2.485s] Level 1:colcon.colcon_core.package_identification:_identify(.) by extension 'python_setup_py'
[2.485s] Level 1:colcon.colcon_core.package_identification:_identify(build) by extensions ['ignore', 'ignore_ament_install']
[2.486s] Level 1:colcon.colcon_core.package_identification:_identify(build) by extension 'ignore'
[2.486s] Level 1:colcon.colcon_core.package_identification:_identify(build) ignored
[2.486s] Level 1:colcon.colcon_core.package_identification:_identify(install) by extensions ['ignore', 'ignore_ament_install']
[2.486s] Level 1:colcon.colcon_core.package_identification:_identify(install) by extension 'ignore'
[2.486s] Level 1:colcon.colcon_core.package_identification:_identify(install) ignored
[2.486s] Level 1:colcon.colcon_core.package_identification:_identify(log) by extensions ['ignore', 'ignore_ament_install']
[2.486s] Level 1:colcon.colcon_core.package_identification:_identify(log) by extension 'ignore'
[2.486s] Level 1:colcon.colcon_core.package_identification:_identify(log) ignored
[2.486s] Level 1:colcon.colcon_core.package_identification:_identify(src) by extensions ['ignore', 'ignore_ament_install']
[2.486s] Level 1:colcon.colcon_core.package_identification:_identify(src) by extension 'ignore'
[2.487s] Level 1:colcon.colcon_core.package_identification:_identify(src) by extension 'ignore_ament_install'
[2.487s] Level 1:colcon.colcon_core.package_identification:_identify(src) by extensions ['colcon_pkg']
[2.487s] Level 1:colcon.colcon_core.package_identification:_identify(src) by extension 'colcon_pkg'
[2.487s] Level 1:colcon.colcon_core.package_identification:_identify(src) by extensions ['colcon_meta']
[2.487s] Level 1:colcon.colcon_core.package_identification:_identify(src) by extension 'colcon_meta'
[2.487s] Level 1:colcon.colcon_core.package_identification:_identify(src) by extensions ['ros']
[2.487s] Level 1:colcon.colcon_core.package_identification:_identify(src) by extension 'ros'
[2.487s] Level 1:colcon.colcon_core.package_identification:_identify(src) by extensions ['cmake', 'python']
[2.487s] Level 1:colcon.colcon_core.package_identification:_identify(src) by extension 'cmake'
[2.487s] Level 1:colcon.colcon_core.package_identification:_identify(src) by extension 'python'
[2.487s] Level 1:colcon.colcon_core.package_identification:_identify(src) by extensions ['python_setup_py']
[2.487s] Level 1:colcon.colcon_core.package_identification:_identify(src) by extension 'python_setup_py'
[2.487s] Level 1:colcon.colcon_core.package_identification:_identify(src/qcar2_autonomy) by extensions ['ignore', 'ignore_ament_install']
[2.487s] Level 1:colcon.colcon_core.package_identification:_identify(src/qcar2_autonomy) by extension 'ignore'
[2.487s] Level 1:colcon.colcon_core.package_identification:_identify(src/qcar2_autonomy) by extension 'ignore_ament_install'
[2.488s] Level 1:colcon.colcon_core.package_identification:_identify(src/qcar2_autonomy) by extensions ['colcon_pkg']
[2.488s] Level 1:colcon.colcon_core.package_identification:_identify(src/qcar2_autonomy) by extension 'colcon_pkg'
[2.488s] Level 1:colcon.colcon_core.package_identification:_identify(src/qcar2_autonomy) by extensions ['colcon_meta']
[2.488s] Level 1:colcon.colcon_core.package_identification:_identify(src/qcar2_autonomy) by extension 'colcon_meta'
[2.488s] Level 1:colcon.colcon_core.package_identification:_identify(src/qcar2_autonomy) by extensions ['ros']
[2.488s] Level 1:colcon.colcon_core.package_identification:_identify(src/qcar2_autonomy) by extension 'ros'
[2.492s] DEBUG:colcon.colcon_core.package_identification:Package 'src/qcar2_autonomy' with type 'ros.ament_python' and name 'qcar2_autonomy'
[2.492s] Level 1:colcon.colcon_core.package_identification:_identify(src/qcar2_interfaces) by extensions ['ignore', 'ignore_ament_install']
[2.492s] Level 1:colcon.colcon_core.package_identification:_identify(src/qcar2_interfaces) by extension 'ignore'
[2.492s] Level 1:colcon.colcon_core.package_identification:_identify(src/qcar2_interfaces) by extension 'ignore_ament_install'
[2.492s] Level 1:colcon.colcon_core.package_identification:_identify(src/qcar2_interfaces) by extensions ['colcon_pkg']
[2.492s] Level 1:colcon.colcon_core.package_identification:_identify(src/qcar2_interfaces) by extension 'colcon_pkg'
[2.492s] Level 1:colcon.colcon_core.package_identification:_identify(src/qcar2_interfaces) by extensions ['colcon_meta']
[2.492s] Level 1:colcon.colcon_core.package_identification:_identify(src/qcar2_interfaces) by extension 'colcon_meta'
[2.492s] Level 1:colcon.colcon_core.package_identification:_identify(src/qcar2_interfaces) by extensions ['ros']
[2.492s] Level 1:colcon.colcon_core.package_identification:_identify(src/qcar2_interfaces) by extension 'ros'
[2.493s] DEBUG:colcon.colcon_core.package_identification:Package 'src/qcar2_interfaces' with type 'ros.ament_cmake' and name 'qcar2_interfaces'
[2.494s] Level 1:colcon.colcon_core.package_identification:_identify(src/qcar2_nodes) by extensions ['ignore', 'ignore_ament_install']
[2.494s] Level 1:colcon.colcon_core.package_identification:_identify(src/qcar2_nodes) by extension 'ignore'
[2.494s] Level 1:colcon.colcon_core.package_identification:_identify(src/qcar2_nodes) by extension 'ignore_ament_install'
[2.494s] Level 1:colcon.colcon_core.package_identification:_identify(src/qcar2_nodes) by extensions ['colcon_pkg']
[2.494s] Level 1:colcon.colcon_core.package_identification:_identify(src/qcar2_nodes) by extension 'colcon_pkg'
[2.494s] Level 1:colcon.colcon_core.package_identification:_identify(src/qcar2_nodes) by extensions ['colcon_meta']
[2.494s] Level 1:colcon.colcon_core.package_identification:_identify(src/qcar2_nodes) by extension 'colcon_meta'
[2.494s] Level 1:colcon.colcon_core.package_identification:_identify(src/qcar2_nodes) by extensions ['ros']
[2.494s] Level 1:colcon.colcon_core.package_identification:_identify(src/qcar2_nodes) by extension 'ros'
[2.495s] DEBUG:colcon.colcon_core.package_identification:Package 'src/qcar2_nodes' with type 'ros.ament_cmake' and name 'qcar2_nodes'
[2.495s] Level 1:colcon.colcon_core.package_discovery:discover_packages(recursive) using defaults
[2.496s] Level 1:colcon.colcon_core.package_discovery:discover_packages(ignore) discover
[2.496s] Level 1:colcon.colcon_core.package_discovery:discover_packages(ignore) using defaults
[2.496s] Level 1:colcon.colcon_core.package_discovery:discover_packages(path) discover
[2.496s] Level 1:colcon.colcon_core.package_discovery:discover_packages(path) using defaults
[2.666s] Level 1:colcon.colcon_core.package_discovery:discover_packages(prefix_path) check parameters
[2.666s] Level 1:colcon.colcon_core.package_discovery:discover_packages(prefix_path) discover
[2.753s] DEBUG:colcon.colcon_installed_package_information.package_discovery:Found 3 installed packages in /home/chaitanya/Documents/ACC_Development/Development/ros2/install
[2.785s] DEBUG:colcon.colcon_installed_package_information.package_discovery:Found 383 installed packages in /opt/ros/jazzy
[2.786s] Level 1:colcon.colcon_core.package_discovery:discover_packages(prefix_path) using defaults
[2.915s] Level 5:colcon.colcon_core.verb:set package 'qcar2_interfaces' build argument 'cmake_args' from command line to 'None'
[2.915s] Level 5:colcon.colcon_core.verb:set package 'qcar2_interfaces' build argument 'cmake_target' from command line to 'None'
[2.916s] Level 5:colcon.colcon_core.verb:set package 'qcar2_interfaces' build argument 'cmake_target_skip_unavailable' from command line to 'False'
[2.916s] Level 5:colcon.colcon_core.verb:set package 'qcar2_interfaces' build argument 'cmake_clean_cache' from command line to 'False'
[2.916s] Level 5:colcon.colcon_core.verb:set package 'qcar2_interfaces' build argument 'cmake_clean_first' from command line to 'False'
[2.916s] Level 5:colcon.colcon_core.verb:set package 'qcar2_interfaces' build argument 'cmake_force_configure' from command line to 'False'
[2.916s] Level 5:colcon.colcon_core.verb:set package 'qcar2_interfaces' build argument 'ament_cmake_args' from command line to 'None'
[2.916s] Level 5:colcon.colcon_core.verb:set package 'qcar2_interfaces' build argument 'catkin_cmake_args' from command line to 'None'
[2.916s] Level 5:colcon.colcon_core.verb:set package 'qcar2_interfaces' build argument 'catkin_skip_building_tests' from command line to 'False'
[2.916s] DEBUG:colcon.colcon_core.verb:Building package 'qcar2_interfaces' with the following arguments: {'ament_cmake_args': None, 'build_base': '/home/chaitanya/Documents/ACC_Development/Development/ros2/build/qcar2_interfaces', 'catkin_cmake_args': None, 'catkin_skip_building_tests': False, 'cmake_args': None, 'cmake_clean_cache': False, 'cmake_clean_first': False, 'cmake_force_configure': False, 'cmake_target': None, 'cmake_target_skip_unavailable': False, 'install_base': '/home/chaitanya/Documents/ACC_Development/Development/ros2/install/qcar2_interfaces', 'merge_install': False, 'path': '/home/chaitanya/Documents/ACC_Development/Development/ros2/src/qcar2_interfaces', 'symlink_install': True, 'test_result_base': None}
[2.946s] Level 5:colcon.colcon_core.verb:set package 'qcar2_autonomy' build argument 'cmake_args' from command line to 'None'
[2.947s] Level 5:colcon.colcon_core.verb:set package 'qcar2_autonomy' build argument 'cmake_target' from command line to 'None'
[2.947s] Level 5:colcon.colcon_core.verb:set package 'qcar2_autonomy' build argument 'cmake_target_skip_unavailable' from command line to 'False'
[2.947s] Level 5:colcon.colcon_core.verb:set package 'qcar2_autonomy' build argument 'cmake_clean_cache' from command line to 'False'
[2.947s] Level 5:colcon.colcon_core.verb:set package 'qcar2_autonomy' build argument 'cmake_clean_first' from command line to 'False'
[2.947s] Level 5:colcon.colcon_core.verb:set package 'qcar2_autonomy' build argument 'cmake_force_configure' from command line to 'False'
[2.947s] Level 5:colcon.colcon_core.verb:set package 'qcar2_autonomy' build argument 'ament_cmake_args' from command line to 'None'
[2.947s] Level 5:colcon.colcon_core.verb:set package 'qcar2_autonomy' build argument 'catkin_cmake_args' from command line to 'None'
[2.947s] Level 5:colcon.colcon_core.verb:set package 'qcar2_autonomy' build argument 'catkin_skip_building_tests' from command line to 'False'
[2.947s] DEBUG:colcon.colcon_core.verb:Building package 'qcar2_autonomy' with the following arguments: {'ament_cmake_args': None, 'build_base': '/home/chaitanya/Documents/ACC_Development/Development/ros2/build/qcar2_autonomy', 'catkin_cmake_args': None, 'catkin_skip_building_tests': False, 'cmake_args': None, 'cmake_clean_cache': False, 'cmake_clean_first': False, 'cmake_force_configure': False, 'cmake_target': None, 'cmake_target_skip_unavailable': False, 'install_base': '/home/chaitanya/Documents/ACC_Development/Development/ros2/install/qcar2_autonomy', 'merge_install': False, 'path': '/home/chaitanya/Documents/ACC_Development/Development/ros2/src/qcar2_autonomy', 'symlink_install': True, 'test_result_base': None}
[2.980s] Level 5:colcon.colcon_core.verb:set package 'qcar2_nodes' build argument 'cmake_args' from command line to 'None'
[2.981s] Level 5:colcon.colcon_core.verb:set package 'qcar2_nodes' build argument 'cmake_target' from command line to 'None'
[2.981s] Level 5:colcon.colcon_core.verb:set package 'qcar2_nodes' build argument 'cmake_target_skip_unavailable' from command line to 'False'
[2.981s] Level 5:colcon.colcon_core.verb:set package 'qcar2_nodes' build argument 'cmake_clean_cache' from command line to 'False'
[2.981s] Level 5:colcon.colcon_core.verb:set package 'qcar2_nodes' build argument 'cmake_clean_first' from command line to 'False'
[2.981s] Level 5:colcon.colcon_core.verb:set package 'qcar2_nodes' build argument 'cmake_force_configure' from command line to 'False'
[2.981s] Level 5:colcon.colcon_core.verb:set package 'qcar2_nodes' build argument 'ament_cmake_args' from command line to 'None'
[2.981s] Level 5:colcon.colcon_core.verb:set package 'qcar2_nodes' build argument 'catkin_cmake_args' from command line to 'None'
[2.981s] Level 5:colcon.colcon_core.verb:set package 'qcar2_nodes' build argument 'catkin_skip_building_tests' from command line to 'False'
[2.981s] DEBUG:colcon.colcon_core.verb:Building package 'qcar2_nodes' with the following arguments: {'ament_cmake_args': None, 'build_base': '/home/chaitanya/Documents/ACC_Development/Development/ros2/build/qcar2_nodes', 'catkin_cmake_args': None, 'catkin_skip_building_tests': False, 'cmake_args': None, 'cmake_clean_cache': False, 'cmake_clean_first': False, 'cmake_force_configure': False, 'cmake_target': None, 'cmake_target_skip_unavailable': False, 'install_base': '/home/chaitanya/Documents/ACC_Development/Development/ros2/install/qcar2_nodes', 'merge_install': False, 'path': '/home/chaitanya/Documents/ACC_Development/Development/ros2/src/qcar2_nodes', 'symlink_install': True, 'test_result_base': None}
[3.018s] INFO:colcon.colcon_core.executor:Executing jobs using 'parallel' executor
[3.053s] DEBUG:colcon.colcon_parallel_executor.executor.parallel:run_until_complete
[3.053s] INFO:colcon.colcon_ros.task.ament_cmake.build:Building ROS package in '/home/chaitanya/Documents/ACC_Development/Development/ros2/src/qcar2_interfaces' with build type 'ament_cmake'
[3.053s] INFO:colcon.colcon_cmake.task.cmake.build:Building CMake package in '/home/chaitanya/Documents/ACC_Development/Development/ros2/src/qcar2_interfaces'
[3.088s] INFO:colcon.colcon_core.plugin_system:Skipping extension 'colcon_core.shell.bat': Not used on non-Windows systems
[3.088s] INFO:colcon.colcon_core.shell:Skip shell extension 'powershell' for command environment: Not usable outside of PowerShell
[3.088s] DEBUG:colcon.colcon_core.shell:Skip shell extension 'dsv' for command environment
[3.198s] DEBUG:colcon.colcon_core.event_handler.log_command:Invoking command in '/home/chaitanya/Documents/ACC_Development/Development/ros2/build/qcar2_interfaces': CMAKE_PREFIX_PATH=${CMAKE_PREFIX_PATH}:/home/chaitanya/Documents/ACC_Development/Development/ros2/install/qcar2_autonomy:/opt/ros/jazzy DEBUGINFOD_URLS=https://debuginfod.ubuntu.com /usr/bin/cmake --build /home/chaitanya/Documents/ACC_Development/Development/ros2/build/qcar2_interfaces -- -j16 -l16
[3.982s] DEBUG:colcon.colcon_core.event_handler.log_command:Invoked command in '/home/chaitanya/Documents/ACC_Development/Development/ros2/build/qcar2_interfaces' returned '0': CMAKE_PREFIX_PATH=${CMAKE_PREFIX_PATH}:/home/chaitanya/Documents/ACC_Development/Development/ros2/install/qcar2_autonomy:/opt/ros/jazzy DEBUGINFOD_URLS=https://debuginfod.ubuntu.com /usr/bin/cmake --build /home/chaitanya/Documents/ACC_Development/Development/ros2/build/qcar2_interfaces -- -j16 -l16
[4.206s] DEBUG:colcon.colcon_core.event_handler.log_command:Invoking command in '/home/chaitanya/Documents/ACC_Development/Development/ros2/build/qcar2_interfaces': CMAKE_PREFIX_PATH=${CMAKE_PREFIX_PATH}:/home/chaitanya/Documents/ACC_Development/Development/ros2/install/qcar2_autonomy:/opt/ros/jazzy DEBUGINFOD_URLS=https://debuginfod.ubuntu.com /usr/bin/cmake --install /home/chaitanya/Documents/ACC_Development/Development/ros2/build/qcar2_interfaces
[4.469s] Level 1:colcon.colcon_core.environment:create_environment_scripts_only(qcar2_interfaces)
[4.471s] DEBUG:colcon.colcon_core.event_handler.log_command:Invoked command in '/home/chaitanya/Documents/ACC_Development/Development/ros2/build/qcar2_interfaces' returned '0': CMAKE_PREFIX_PATH=${CMAKE_PREFIX_PATH}:/home/chaitanya/Documents/ACC_Development/Development/ros2/install/qcar2_autonomy:/opt/ros/jazzy DEBUGINFOD_URLS=https://debuginfod.ubuntu.com /usr/bin/cmake --install /home/chaitanya/Documents/ACC_Development/Development/ros2/build/qcar2_interfaces
[4.529s] Level 1:colcon.colcon_core.environment:checking '/home/chaitanya/Documents/ACC_Development/Development/ros2/install/qcar2_interfaces' for CMake module files
[4.531s] Level 1:colcon.colcon_core.environment:checking '/home/chaitanya/Documents/ACC_Development/Development/ros2/install/qcar2_interfaces' for CMake config files
[4.532s] Level 1:colcon.colcon_core.shell:create_environment_hook('qcar2_interfaces', 'cmake_prefix_path')
[4.583s] INFO:colcon.colcon_core.shell:Creating environment hook '/home/chaitanya/Documents/ACC_Development/Development/ros2/install/qcar2_interfaces/share/qcar2_interfaces/hook/cmake_prefix_path.ps1'
[4.586s] INFO:colcon.colcon_core.shell:Creating environment descriptor '/home/chaitanya/Documents/ACC_Development/Development/ros2/install/qcar2_interfaces/share/qcar2_interfaces/hook/cmake_prefix_path.dsv'
[4.587s] INFO:colcon.colcon_core.shell:Creating environment hook '/home/chaitanya/Documents/ACC_Development/Development/ros2/install/qcar2_interfaces/share/qcar2_interfaces/hook/cmake_prefix_path.sh'
[4.590s] Level 1:colcon.colcon_core.environment:checking '/home/chaitanya/Documents/ACC_Development/Development/ros2/install/qcar2_interfaces/lib'
[4.591s] Level 1:colcon.colcon_core.shell:create_environment_hook('qcar2_interfaces', 'ld_library_path_lib')
[4.674s] INFO:colcon.colcon_core.shell:Creating environment hook '/home/chaitanya/Documents/ACC_Development/Development/ros2/install/qcar2_interfaces/share/qcar2_interfaces/hook/ld_library_path_lib.ps1'
[4.675s] INFO:colcon.colcon_core.shell:Creating environment descriptor '/home/chaitanya/Documents/ACC_Development/Development/ros2/install/qcar2_interfaces/share/qcar2_interfaces/hook/ld_library_path_lib.dsv'
[4.676s] INFO:colcon.colcon_core.shell:Creating environment hook '/home/chaitanya/Documents/ACC_Development/Development/ros2/install/qcar2_interfaces/share/qcar2_interfaces/hook/ld_library_path_lib.sh'
[4.677s] Level 1:colcon.colcon_core.environment:checking '/home/chaitanya/Documents/ACC_Development/Development/ros2/install/qcar2_interfaces/bin'
[4.677s] Level 1:colcon.colcon_core.environment:checking '/home/chaitanya/Documents/ACC_Development/Development/ros2/install/qcar2_interfaces/lib/pkgconfig/qcar2_interfaces.pc'
[4.677s] Level 1:colcon.colcon_core.environment:checking '/home/chaitanya/Documents/ACC_Development/Development/ros2/install/qcar2_interfaces/lib/python3.12/site-packages'
[4.678s] Level 1:colcon.colcon_core.shell:create_environment_hook('qcar2_interfaces', 'pythonpath')
[4.734s] INFO:colcon.colcon_core.shell:Creating environment hook '/home/chaitanya/Documents/ACC_Development/Development/ros2/install/qcar2_interfaces/share/qcar2_interfaces/hook/pythonpath.ps1'
[4.735s] INFO:colcon.colcon_core.shell:Creating environment descriptor '/home/chaitanya/Documents/ACC_Development/Development/ros2/install/qcar2_interfaces/share/qcar2_interfaces/hook/pythonpath.dsv'
[4.736s] INFO:colcon.colcon_core.shell:Creating environment hook '/home/chaitanya/Documents/ACC_Development/Development/ros2/install/qcar2_interfaces/share/qcar2_interfaces/hook/pythonpath.sh'
[4.737s] Level 1:colcon.colcon_core.environment:checking '/home/chaitanya/Documents/ACC_Development/Development/ros2/install/qcar2_interfaces/bin'
[4.778s] INFO:colcon.colcon_core.shell:Creating package script '/home/chaitanya/Documents/ACC_Development/Development/ros2/install/qcar2_interfaces/share/qcar2_interfaces/package.ps1'
[4.780s] INFO:colcon.colcon_core.shell:Creating package descriptor '/home/chaitanya/Documents/ACC_Development/Development/ros2/install/qcar2_interfaces/share/qcar2_interfaces/package.dsv'
[4.781s] INFO:colcon.colcon_core.shell:Creating package script '/home/chaitanya/Documents/ACC_Development/Development/ros2/install/qcar2_interfaces/share/qcar2_interfaces/package.sh'
[4.783s] INFO:colcon.colcon_core.shell:Creating package script '/home/chaitanya/Documents/ACC_Development/Development/ros2/install/qcar2_interfaces/share/qcar2_interfaces/package.bash'
[4.784s] INFO:colcon.colcon_core.shell:Creating package script '/home/chaitanya/Documents/ACC_Development/Development/ros2/install/qcar2_interfaces/share/qcar2_interfaces/package.zsh'
[4.786s] Level 1:colcon.colcon_core.environment:create_file_with_runtime_dependencies(/home/chaitanya/Documents/ACC_Development/Development/ros2/install/qcar2_interfaces/share/colcon-core/packages/qcar2_interfaces)
[5.034s] Level 1:colcon.colcon_core.environment:create_environment_scripts_only(qcar2_interfaces)
[5.074s] Level 1:colcon.colcon_core.environment:checking '/home/chaitanya/Documents/ACC_Development/Development/ros2/install/qcar2_interfaces' for CMake module files
[5.076s] Level 1:colcon.colcon_core.environment:checking '/home/chaitanya/Documents/ACC_Development/Development/ros2/install/qcar2_interfaces' for CMake config files
[5.077s] Level 1:colcon.colcon_core.shell:create_environment_hook('qcar2_interfaces', 'cmake_prefix_path')
[5.114s] INFO:colcon.colcon_core.shell:Creating environment hook '/home/chaitanya/Documents/ACC_Development/Development/ros2/install/qcar2_interfaces/share/qcar2_interfaces/hook/cmake_prefix_path.ps1'
[5.115s] INFO:colcon.colcon_core.shell:Creating environment descriptor '/home/chaitanya/Documents/ACC_Development/Development/ros2/install/qcar2_interfaces/share/qcar2_interfaces/hook/cmake_prefix_path.dsv'
[5.116s] INFO:colcon.colcon_core.shell:Creating environment hook '/home/chaitanya/Documents/ACC_Development/Development/ros2/install/qcar2_interfaces/share/qcar2_interfaces/hook/cmake_prefix_path.sh'
[5.117s] Level 1:colcon.colcon_core.environment:checking '/home/chaitanya/Documents/ACC_Development/Development/ros2/install/qcar2_interfaces/lib'
[5.117s] Level 1:colcon.colcon_core.shell:create_environment_hook('qcar2_interfaces', 'ld_library_path_lib')
[5.158s] INFO:colcon.colcon_core.shell:Creating environment hook '/home/chaitanya/Documents/ACC_Development/Development/ros2/install/qcar2_interfaces/share/qcar2_interfaces/hook/ld_library_path_lib.ps1'
[5.159s] INFO:colcon.colcon_core.shell:Creating environment descriptor '/home/chaitanya/Documents/ACC_Development/Development/ros2/install/qcar2_interfaces/share/qcar2_interfaces/hook/ld_library_path_lib.dsv'
[5.160s] INFO:colcon.colcon_core.shell:Creating environment hook '/home/chaitanya/Documents/ACC_Development/Development/ros2/install/qcar2_interfaces/share/qcar2_interfaces/hook/ld_library_path_lib.sh'
[5.161s] Level 1:colcon.colcon_core.environment:checking '/home/chaitanya/Documents/ACC_Development/Development/ros2/install/qcar2_interfaces/bin'
[5.161s] Level 1:colcon.colcon_core.environment:checking '/home/chaitanya/Documents/ACC_Development/Development/ros2/install/qcar2_interfaces/lib/pkgconfig/qcar2_interfaces.pc'
[5.162s] Level 1:colcon.colcon_core.environment:checking '/home/chaitanya/Documents/ACC_Development/Development/ros2/install/qcar2_interfaces/lib/python3.12/site-packages'
[5.162s] Level 1:colcon.colcon_core.shell:create_environment_hook('qcar2_interfaces', 'pythonpath')
[5.202s] INFO:colcon.colcon_core.shell:Creating environment hook '/home/chaitanya/Documents/ACC_Development/Development/ros2/install/qcar2_interfaces/share/qcar2_interfaces/hook/pythonpath.ps1'
[5.204s] INFO:colcon.colcon_core.shell:Creating environment descriptor '/home/chaitanya/Documents/ACC_Development/Development/ros2/install/qcar2_interfaces/share/qcar2_interfaces/hook/pythonpath.dsv'
[5.204s] INFO:colcon.colcon_core.shell:Creating environment hook '/home/chaitanya/Documents/ACC_Development/Development/ros2/install/qcar2_interfaces/share/qcar2_interfaces/hook/pythonpath.sh'
[5.206s] Level 1:colcon.colcon_core.environment:checking '/home/chaitanya/Documents/ACC_Development/Development/ros2/install/qcar2_interfaces/bin'
[5.242s] INFO:colcon.colcon_core.shell:Creating package script '/home/chaitanya/Documents/ACC_Development/Development/ros2/install/qcar2_interfaces/share/qcar2_interfaces/package.ps1'
[5.243s] INFO:colcon.colcon_core.shell:Creating package descriptor '/home/chaitanya/Documents/ACC_Development/Development/ros2/install/qcar2_interfaces/share/qcar2_interfaces/package.dsv'
[5.244s] INFO:colcon.colcon_core.shell:Creating package script '/home/chaitanya/Documents/ACC_Development/Development/ros2/install/qcar2_interfaces/share/qcar2_interfaces/package.sh'
[5.245s] INFO:colcon.colcon_core.shell:Creating package script '/home/chaitanya/Documents/ACC_Development/Development/ros2/install/qcar2_interfaces/share/qcar2_interfaces/package.bash'
[5.246s] INFO:colcon.colcon_core.shell:Creating package script '/home/chaitanya/Documents/ACC_Development/Development/ros2/install/qcar2_interfaces/share/qcar2_interfaces/package.zsh'
[5.247s] Level 1:colcon.colcon_core.environment:create_file_with_runtime_dependencies(/home/chaitanya/Documents/ACC_Development/Development/ros2/install/qcar2_interfaces/share/colcon-core/packages/qcar2_interfaces)
[5.247s] INFO:colcon.colcon_ros.task.ament_python.build:Building ROS package in '/home/chaitanya/Documents/ACC_Development/Development/ros2/src/qcar2_autonomy' with build type 'ament_python'
[5.248s] Level 1:colcon.colcon_core.shell:create_environment_hook('qcar2_autonomy', 'ament_prefix_path')
[5.291s] INFO:colcon.colcon_core.shell:Creating environment hook '/home/chaitanya/Documents/ACC_Development/Development/ros2/install/qcar2_autonomy/share/qcar2_autonomy/hook/ament_prefix_path.ps1'
[5.292s] INFO:colcon.colcon_core.shell:Creating environment descriptor '/home/chaitanya/Documents/ACC_Development/Development/ros2/install/qcar2_autonomy/share/qcar2_autonomy/hook/ament_prefix_path.dsv'
[5.293s] INFO:colcon.colcon_core.shell:Creating environment hook '/home/chaitanya/Documents/ACC_Development/Development/ros2/install/qcar2_autonomy/share/qcar2_autonomy/hook/ament_prefix_path.sh'
[5.336s] INFO:colcon.colcon_core.shell:Skip shell extension 'powershell' for command environment: Not usable outside of PowerShell
[5.336s] DEBUG:colcon.colcon_core.shell:Skip shell extension 'dsv' for command environment
[5.458s] INFO:colcon.colcon_ros.task.ament_cmake.build:Building ROS package in '/home/chaitanya/Documents/ACC_Development/Development/ros2/src/qcar2_nodes' with build type 'ament_cmake'
[5.459s] INFO:colcon.colcon_cmake.task.cmake.build:Building CMake package in '/home/chaitanya/Documents/ACC_Development/Development/ros2/src/qcar2_nodes'
[5.498s] INFO:colcon.colcon_core.shell:Skip shell extension 'powershell' for command environment: Not usable outside of PowerShell
[5.498s] DEBUG:colcon.colcon_core.shell:Skip shell extension 'dsv' for command environment
[6.048s] INFO:colcon.colcon_core.task.python.build:Building Python package in '/home/chaitanya/Documents/ACC_Development/Development/ros2/src/qcar2_autonomy'
[6.080s] INFO:colcon.colcon_core.shell:Skip shell extension 'powershell' for command environment: Not usable outside of PowerShell
[6.080s] DEBUG:colcon.colcon_core.shell:Skip shell extension 'dsv' for command environment
[6.194s] DEBUG:colcon.colcon_core.event_handler.log_command:Invoking command in '/home/chaitanya/Documents/ACC_Development/Development/ros2/build/qcar2_nodes': CMAKE_PREFIX_PATH=/home/chaitanya/Documents/ACC_Development/Development/ros2/install/qcar2_interfaces:/home/chaitanya/Documents/ACC_Development/Development/ros2/install/qcar2_nodes:/opt/ros/jazzy/opt/gz_sim_vendor:/opt/ros/jazzy/opt/gz_sensors_vendor:/opt/ros/jazzy/opt/gz_physics_vendor:/opt/ros/jazzy/opt/sdformat_vendor:/opt/ros/jazzy/opt/gz_gui_vendor:/opt/ros/jazzy/opt/gz_transport_vendor:/opt/ros/jazzy/opt/gz_rendering_vendor:/opt/ros/jazzy/opt/gz_plugin_vendor:/opt/ros/jazzy/opt/gz_fuel_tools_vendor:/opt/ros/jazzy/opt/gz_msgs_vendor:/opt/ros/jazzy/opt/gz_common_vendor:/opt/ros/jazzy/opt/gz_math_vendor:/opt/ros/jazzy/opt/gz_utils_vendor:/opt/ros/jazzy/opt/gz_tools_vendor:/opt/ros/jazzy/opt/gz_ogre_next_vendor:/opt/ros/jazzy/opt/gz_dartsim_vendor:/opt/ros/jazzy/opt/gz_cmake_vendor:/home/chaitanya/Documents/ACC_Development/Development/ros2/install/qcar2_autonomy:/opt/ros/jazzy DEBUGINFOD_URLS=https://debuginfod.ubuntu.com PYTHONPATH=/home/chaitanya/Documents/ACC_Development/Development/ros2/install/qcar2_interfaces/lib/python3.12/site-packages:/home/chaitanya/Documents/ACC_Development/Development/ros2/build/qcar2_autonomy:/home/chaitanya/Documents/ACC_Development/Development/ros2/install/qcar2_autonomy/lib/python3.12/site-packages:/opt/ros/jazzy/lib/python3.12/site-packages:/home/chaitanya/Quanser/libraries/python:/home/chaitanya/Documents/ACC_Development/backup/Quanser_Academic_Resources/0_libraries/python /usr/bin/cmake --build /home/chaitanya/Documents/ACC_Development/Development/ros2/build/qcar2_nodes -- -j16 -l16
[6.427s] DEBUG:colcon.colcon_core.event_handler.log_command:Invoked command in '/home/chaitanya/Documents/ACC_Development/Development/ros2/build/qcar2_nodes' returned '0': CMAKE_PREFIX_PATH=/home/chaitanya/Documents/ACC_Development/Development/ros2/install/qcar2_interfaces:/home/chaitanya/Documents/ACC_Development/Development/ros2/install/qcar2_nodes:/opt/ros/jazzy/opt/gz_sim_vendor:/opt/ros/jazzy/opt/gz_sensors_vendor:/opt/ros/jazzy/opt/gz_physics_vendor:/opt/ros/jazzy/opt/sdformat_vendor:/opt/ros/jazzy/opt/gz_gui_vendor:/opt/ros/jazzy/opt/gz_transport_vendor:/opt/ros/jazzy/opt/gz_rendering_vendor:/opt/ros/jazzy/opt/gz_plugin_vendor:/opt/ros/jazzy/opt/gz_fuel_tools_vendor:/opt/ros/jazzy/opt/gz_msgs_vendor:/opt/ros/jazzy/opt/gz_common_vendor:/opt/ros/jazzy/opt/gz_math_vendor:/opt/ros/jazzy/opt/gz_utils_vendor:/opt/ros/jazzy/opt/gz_tools_vendor:/opt/ros/jazzy/opt/gz_ogre_next_vendor:/opt/ros/jazzy/opt/gz_dartsim_vendor:/opt/ros/jazzy/opt/gz_cmake_vendor:/home/chaitanya/Documents/ACC_Development/Development/ros2/install/qcar2_autonomy:/opt/ros/jazzy DEBUGINFOD_URLS=https://debuginfod.ubuntu.com PYTHONPATH=/home/chaitanya/Documents/ACC_Development/Development/ros2/install/qcar2_interfaces/lib/python3.12/site-packages:/home/chaitanya/Documents/ACC_Development/Development/ros2/build/qcar2_autonomy:/home/chaitanya/Documents/ACC_Development/Development/ros2/install/qcar2_autonomy/lib/python3.12/site-packages:/opt/ros/jazzy/lib/python3.12/site-packages:/home/chaitanya/Quanser/libraries/python:/home/chaitanya/Documents/ACC_Development/backup/Quanser_Academic_Resources/0_libraries/python /usr/bin/cmake --build /home/chaitanya/Documents/ACC_Development/Development/ros2/build/qcar2_nodes -- -j16 -l16
[6.530s] DEBUG:colcon.colcon_core.event_handler.log_command:Invoking command in '/home/chaitanya/Documents/ACC_Development/Development/ros2/build/qcar2_nodes': CMAKE_PREFIX_PATH=/home/chaitanya/Documents/ACC_Development/Development/ros2/install/qcar2_interfaces:/home/chaitanya/Documents/ACC_Development/Development/ros2/install/qcar2_nodes:/opt/ros/jazzy/opt/gz_sim_vendor:/opt/ros/jazzy/opt/gz_sensors_vendor:/opt/ros/jazzy/opt/gz_physics_vendor:/opt/ros/jazzy/opt/sdformat_vendor:/opt/ros/jazzy/opt/gz_gui_vendor:/opt/ros/jazzy/opt/gz_transport_vendor:/opt/ros/jazzy/opt/gz_rendering_vendor:/opt/ros/jazzy/opt/gz_plugin_vendor:/opt/ros/jazzy/opt/gz_fuel_tools_vendor:/opt/ros/jazzy/opt/gz_msgs_vendor:/opt/ros/jazzy/opt/gz_common_vendor:/opt/ros/jazzy/opt/gz_math_vendor:/opt/ros/jazzy/opt/gz_utils_vendor:/opt/ros/jazzy/opt/gz_tools_vendor:/opt/ros/jazzy/opt/gz_ogre_next_vendor:/opt/ros/jazzy/opt/gz_dartsim_vendor:/opt/ros/jazzy/opt/gz_cmake_vendor:/home/chaitanya/Documents/ACC_Development/Development/ros2/install/qcar2_autonomy:/opt/ros/jazzy DEBUGINFOD_URLS=https://debuginfod.ubuntu.com PYTHONPATH=/home/chaitanya/Documents/ACC_Development/Development/ros2/install/qcar2_interfaces/lib/python3.12/site-packages:/home/chaitanya/Documents/ACC_Development/Development/ros2/build/qcar2_autonomy:/home/chaitanya/Documents/ACC_Development/Development/ros2/install/qcar2_autonomy/lib/python3.12/site-packages:/opt/ros/jazzy/lib/python3.12/site-packages:/home/chaitanya/Quanser/libraries/python:/home/chaitanya/Documents/ACC_Development/backup/Quanser_Academic_Resources/0_libraries/python /usr/bin/cmake --install /home/chaitanya/Documents/ACC_Development/Development/ros2/build/qcar2_nodes
[6.601s] Level 1:colcon.colcon_core.environment:create_environment_scripts_only(qcar2_nodes)
[6.603s] DEBUG:colcon.colcon_core.event_handler.log_command:Invoked command in '/home/chaitanya/Documents/ACC_Development/Development/ros2/build/qcar2_nodes' returned '0': CMAKE_PREFIX_PATH=/home/chaitanya/Documents/ACC_Development/Development/ros2/install/qcar2_interfaces:/home/chaitanya/Documents/ACC_Development/Development/ros2/install/qcar2_nodes:/opt/ros/jazzy/opt/gz_sim_vendor:/opt/ros/jazzy/opt/gz_sensors_vendor:/opt/ros/jazzy/opt/gz_physics_vendor:/opt/ros/jazzy/opt/sdformat_vendor:/opt/ros/jazzy/opt/gz_gui_vendor:/opt/ros/jazzy/opt/gz_transport_vendor:/opt/ros/jazzy/opt/gz_rendering_vendor:/opt/ros/jazzy/opt/gz_plugin_vendor:/opt/ros/jazzy/opt/gz_fuel_tools_vendor:/opt/ros/jazzy/opt/gz_msgs_vendor:/opt/ros/jazzy/opt/gz_common_vendor:/opt/ros/jazzy/opt/gz_math_vendor:/opt/ros/jazzy/opt/gz_utils_vendor:/opt/ros/jazzy/opt/gz_tools_vendor:/opt/ros/jazzy/opt/gz_ogre_next_vendor:/opt/ros/jazzy/opt/gz_dartsim_vendor:/opt/ros/jazzy/opt/gz_cmake_vendor:/home/chaitanya/Documents/ACC_Development/Development/ros2/install/qcar2_autonomy:/opt/ros/jazzy DEBUGINFOD_URLS=https://debuginfod.ubuntu.com PYTHONPATH=/home/chaitanya/Documents/ACC_Development/Development/ros2/install/qcar2_interfaces/lib/python3.12/site-packages:/home/chaitanya/Documents/ACC_Development/Development/ros2/build/qcar2_autonomy:/home/chaitanya/Documents/ACC_Development/Development/ros2/install/qcar2_autonomy/lib/python3.12/site-packages:/opt/ros/jazzy/lib/python3.12/site-packages:/home/chaitanya/Quanser/libraries/python:/home/chaitanya/Documents/ACC_Development/backup/Quanser_Academic_Resources/0_libraries/python /usr/bin/cmake --install /home/chaitanya/Documents/ACC_Development/Development/ros2/build/qcar2_nodes
[6.646s] Level 1:colcon.colcon_core.environment:checking '/home/chaitanya/Documents/ACC_Development/Development/ros2/install/qcar2_nodes' for CMake module files
[6.647s] Level 1:colcon.colcon_core.environment:checking '/home/chaitanya/Documents/ACC_Development/Development/ros2/install/qcar2_nodes' for CMake config files
[6.648s] Level 1:colcon.colcon_core.shell:create_environment_hook('qcar2_nodes', 'cmake_prefix_path')
[6.688s] INFO:colcon.colcon_core.shell:Creating environment hook '/home/chaitanya/Documents/ACC_Development/Development/ros2/install/qcar2_nodes/share/qcar2_nodes/hook/cmake_prefix_path.ps1'
[6.689s] INFO:colcon.colcon_core.shell:Creating environment descriptor '/home/chaitanya/Documents/ACC_Development/Development/ros2/install/qcar2_nodes/share/qcar2_nodes/hook/cmake_prefix_path.dsv'
[6.690s] INFO:colcon.colcon_core.shell:Creating environment hook '/home/chaitanya/Documents/ACC_Development/Development/ros2/install/qcar2_nodes/share/qcar2_nodes/hook/cmake_prefix_path.sh'
[6.691s] Level 1:colcon.colcon_core.environment:checking '/home/chaitanya/Documents/ACC_Development/Development/ros2/install/qcar2_nodes/lib'
[6.691s] Level 1:colcon.colcon_core.environment:checking '/home/chaitanya/Documents/ACC_Development/Development/ros2/install/qcar2_nodes/bin'
[6.691s] Level 1:colcon.colcon_core.environment:checking '/home/chaitanya/Documents/ACC_Development/Development/ros2/install/qcar2_nodes/lib/pkgconfig/qcar2_nodes.pc'
[6.692s] Level 1:colcon.colcon_core.environment:checking '/home/chaitanya/Documents/ACC_Development/Development/ros2/install/qcar2_nodes/lib/python3.12/site-packages'
[6.692s] Level 1:colcon.colcon_core.environment:checking '/home/chaitanya/Documents/ACC_Development/Development/ros2/install/qcar2_nodes/bin'
[6.735s] INFO:colcon.colcon_core.shell:Creating package script '/home/chaitanya/Documents/ACC_Development/Development/ros2/install/qcar2_nodes/share/qcar2_nodes/package.ps1'
[6.737s] INFO:colcon.colcon_core.shell:Creating package descriptor '/home/chaitanya/Documents/ACC_Development/Development/ros2/install/qcar2_nodes/share/qcar2_nodes/package.dsv'
[6.738s] INFO:colcon.colcon_core.shell:Creating package script '/home/chaitanya/Documents/ACC_Development/Development/ros2/install/qcar2_nodes/share/qcar2_nodes/package.sh'
[6.738s] INFO:colcon.colcon_core.shell:Creating package script '/home/chaitanya/Documents/ACC_Development/Development/ros2/install/qcar2_nodes/share/qcar2_nodes/package.bash'
[6.739s] INFO:colcon.colcon_core.shell:Creating package script '/home/chaitanya/Documents/ACC_Development/Development/ros2/install/qcar2_nodes/share/qcar2_nodes/package.zsh'
[6.739s] Level 1:colcon.colcon_core.environment:create_file_with_runtime_dependencies(/home/chaitanya/Documents/ACC_Development/Development/ros2/install/qcar2_nodes/share/colcon-core/packages/qcar2_nodes)
[6.907s] Level 1:colcon.colcon_core.environment:create_environment_scripts_only(qcar2_nodes)
[6.955s] Level 1:colcon.colcon_core.environment:checking '/home/chaitanya/Documents/ACC_Development/Development/ros2/install/qcar2_nodes' for CMake module files
[6.956s] Level 1:colcon.colcon_core.environment:checking '/home/chaitanya/Documents/ACC_Development/Development/ros2/install/qcar2_nodes' for CMake config files
[6.957s] Level 1:colcon.colcon_core.shell:create_environment_hook('qcar2_nodes', 'cmake_prefix_path')
[7.011s] INFO:colcon.colcon_core.shell:Creating environment hook '/home/chaitanya/Documents/ACC_Development/Development/ros2/install/qcar2_nodes/share/qcar2_nodes/hook/cmake_prefix_path.ps1'
[7.012s] INFO:colcon.colcon_core.shell:Creating environment descriptor '/home/chaitanya/Documents/ACC_Development/Development/ros2/install/qcar2_nodes/share/qcar2_nodes/hook/cmake_prefix_path.dsv'
[7.013s] INFO:colcon.colcon_core.shell:Creating environment hook '/home/chaitanya/Documents/ACC_Development/Development/ros2/install/qcar2_nodes/share/qcar2_nodes/hook/cmake_prefix_path.sh'
[7.014s] Level 1:colcon.colcon_core.environment:checking '/home/chaitanya/Documents/ACC_Development/Development/ros2/install/qcar2_nodes/lib'
[7.015s] Level 1:colcon.colcon_core.environment:checking '/home/chaitanya/Documents/ACC_Development/Development/ros2/install/qcar2_nodes/bin'
[7.015s] Level 1:colcon.colcon_core.environment:checking '/home/chaitanya/Documents/ACC_Development/Development/ros2/install/qcar2_nodes/lib/pkgconfig/qcar2_nodes.pc'
[7.015s] Level 1:colcon.colcon_core.environment:checking '/home/chaitanya/Documents/ACC_Development/Development/ros2/install/qcar2_nodes/lib/python3.12/site-packages'
[7.015s] Level 1:colcon.colcon_core.environment:checking '/home/chaitanya/Documents/ACC_Development/Development/ros2/install/qcar2_nodes/bin'
[7.059s] INFO:colcon.colcon_core.shell:Creating package script '/home/chaitanya/Documents/ACC_Development/Development/ros2/install/qcar2_nodes/share/qcar2_nodes/package.ps1'
[7.060s] INFO:colcon.colcon_core.shell:Creating package descriptor '/home/chaitanya/Documents/ACC_Development/Development/ros2/install/qcar2_nodes/share/qcar2_nodes/package.dsv'
[7.062s] INFO:colcon.colcon_core.shell:Creating package script '/home/chaitanya/Documents/ACC_Development/Development/ros2/install/qcar2_nodes/share/qcar2_nodes/package.sh'
[7.062s] INFO:colcon.colcon_core.shell:Creating package script '/home/chaitanya/Documents/ACC_Development/Development/ros2/install/qcar2_nodes/share/qcar2_nodes/package.bash'
[7.063s] INFO:colcon.colcon_core.shell:Creating package script '/home/chaitanya/Documents/ACC_Development/Development/ros2/install/qcar2_nodes/share/qcar2_nodes/package.zsh'
[7.064s] Level 1:colcon.colcon_core.environment:create_file_with_runtime_dependencies(/home/chaitanya/Documents/ACC_Development/Development/ros2/install/qcar2_nodes/share/colcon-core/packages/qcar2_nodes)
[7.707s] DEBUG:colcon.colcon_core.event_handler.log_command:Invoking command in '/home/chaitanya/Documents/ACC_Development/Development/ros2/build/qcar2_autonomy': CMAKE_PREFIX_PATH=/home/chaitanya/Documents/ACC_Development/Development/ros2/install/qcar2_interfaces:/home/chaitanya/Documents/ACC_Development/Development/ros2/install/qcar2_nodes:/opt/ros/jazzy/opt/gz_sim_vendor:/opt/ros/jazzy/opt/gz_sensors_vendor:/opt/ros/jazzy/opt/gz_physics_vendor:/opt/ros/jazzy/opt/sdformat_vendor:/opt/ros/jazzy/opt/gz_gui_vendor:/opt/ros/jazzy/opt/gz_transport_vendor:/opt/ros/jazzy/opt/gz_rendering_vendor:/opt/ros/jazzy/opt/gz_plugin_vendor:/opt/ros/jazzy/opt/gz_fuel_tools_vendor:/opt/ros/jazzy/opt/gz_msgs_vendor:/opt/ros/jazzy/opt/gz_common_vendor:/opt/ros/jazzy/opt/gz_math_vendor:/opt/ros/jazzy/opt/gz_utils_vendor:/opt/ros/jazzy/opt/gz_tools_vendor:/opt/ros/jazzy/opt/gz_ogre_next_vendor:/opt/ros/jazzy/opt/gz_dartsim_vendor:/opt/ros/jazzy/opt/gz_cmake_vendor DEBUGINFOD_URLS=https://debuginfod.ubuntu.com PYTHONPATH=/home/chaitanya/Documents/ACC_Development/Development/ros2/build/qcar2_autonomy/prefix_override:/home/chaitanya/Documents/ACC_Development/Development/ros2/install/qcar2_autonomy/lib/python3.12/site-packages:/home/chaitanya/Documents/ACC_Development/Development/ros2/install/qcar2_interfaces/lib/python3.12/site-packages:/home/chaitanya/Documents/ACC_Development/Development/ros2/build/qcar2_autonomy:/home/chaitanya/Documents/ACC_Development/Development/ros2/install/qcar2_autonomy/lib/python3.12/site-packages:/opt/ros/jazzy/lib/python3.12/site-packages:/home/chaitanya/Quanser/libraries/python:/home/chaitanya/Documents/ACC_Development/backup/Quanser_Academic_Resources/0_libraries/python /usr/bin/python3 setup.py develop --editable --build-directory /home/chaitanya/Documents/ACC_Development/Development/ros2/build/qcar2_autonomy/build --no-deps install_data
[8.770s] Level 1:colcon.colcon_core.shell:create_environment_hook('qcar2_autonomy', 'pythonpath_develop')
[8.770s] DEBUG:colcon.colcon_core.event_handler.log_command:Invoked command in '/home/chaitanya/Documents/ACC_Development/Development/ros2/build/qcar2_autonomy' returned '0': CMAKE_PREFIX_PATH=/home/chaitanya/Documents/ACC_Development/Development/ros2/install/qcar2_interfaces:/home/chaitanya/Documents/ACC_Development/Development/ros2/install/qcar2_nodes:/opt/ros/jazzy/opt/gz_sim_vendor:/opt/ros/jazzy/opt/gz_sensors_vendor:/opt/ros/jazzy/opt/gz_physics_vendor:/opt/ros/jazzy/opt/sdformat_vendor:/opt/ros/jazzy/opt/gz_gui_vendor:/opt/ros/jazzy/opt/gz_transport_vendor:/opt/ros/jazzy/opt/gz_rendering_vendor:/opt/ros/jazzy/opt/gz_plugin_vendor:/opt/ros/jazzy/opt/gz_fuel_tools_vendor:/opt/ros/jazzy/opt/gz_msgs_vendor:/opt/ros/jazzy/opt/gz_common_vendor:/opt/ros/jazzy/opt/gz_math_vendor:/opt/ros/jazzy/opt/gz_utils_vendor:/opt/ros/jazzy/opt/gz_tools_vendor:/opt/ros/jazzy/opt/gz_ogre_next_vendor:/opt/ros/jazzy/opt/gz_dartsim_vendor:/opt/ros/jazzy/opt/gz_cmake_vendor DEBUGINFOD_URLS=https://debuginfod.ubuntu.com PYTHONPATH=/home/chaitanya/Documents/ACC_Development/Development/ros2/build/qcar2_autonomy/prefix_override:/home/chaitanya/Documents/ACC_Development/Development/ros2/install/qcar2_autonomy/lib/python3.12/site-packages:/home/chaitanya/Documents/ACC_Development/Development/ros2/install/qcar2_interfaces/lib/python3.12/site-packages:/home/chaitanya/Documents/ACC_Development/Development/ros2/build/qcar2_autonomy:/home/chaitanya/Documents/ACC_Development/Development/ros2/install/qcar2_autonomy/lib/python3.12/site-packages:/opt/ros/jazzy/lib/python3.12/site-packages:/home/chaitanya/Quanser/libraries/python:/home/chaitanya/Documents/ACC_Development/backup/Quanser_Academic_Resources/0_libraries/python /usr/bin/python3 setup.py develop --editable --build-directory /home/chaitanya/Documents/ACC_Development/Development/ros2/build/qcar2_autonomy/build --no-deps install_data
[8.798s] INFO:colcon.colcon_core.shell:Creating environment hook '/home/chaitanya/Documents/ACC_Development/Development/ros2/build/qcar2_autonomy/share/qcar2_autonomy/hook/pythonpath_develop.ps1'
[8.798s] INFO:colcon.colcon_core.shell:Creating environment descriptor '/home/chaitanya/Documents/ACC_Development/Development/ros2/build/qcar2_autonomy/share/qcar2_autonomy/hook/pythonpath_develop.dsv'
[8.799s] INFO:colcon.colcon_core.shell:Creating environment hook '/home/chaitanya/Documents/ACC_Development/Development/ros2/build/qcar2_autonomy/share/qcar2_autonomy/hook/pythonpath_develop.sh'
[8.828s] Level 1:colcon.colcon_core.environment:checking '/home/chaitanya/Documents/ACC_Development/Development/ros2/install/qcar2_autonomy' for CMake module files
[8.829s] Level 1:colcon.colcon_core.environment:checking '/home/chaitanya/Documents/ACC_Development/Development/ros2/install/qcar2_autonomy' for CMake config files
[8.830s] Level 1:colcon.colcon_core.environment:checking '/home/chaitanya/Documents/ACC_Development/Development/ros2/install/qcar2_autonomy/lib'
[8.830s] Level 1:colcon.colcon_core.environment:checking '/home/chaitanya/Documents/ACC_Development/Development/ros2/install/qcar2_autonomy/bin'
[8.830s] Level 1:colcon.colcon_core.environment:checking '/home/chaitanya/Documents/ACC_Development/Development/ros2/install/qcar2_autonomy/lib/pkgconfig/qcar2_autonomy.pc'
[8.830s] Level 1:colcon.colcon_core.environment:checking '/home/chaitanya/Documents/ACC_Development/Development/ros2/install/qcar2_autonomy/lib/python3.12/site-packages'
[8.830s] Level 1:colcon.colcon_core.shell:create_environment_hook('qcar2_autonomy', 'pythonpath')
[8.860s] INFO:colcon.colcon_core.shell:Creating environment hook '/home/chaitanya/Documents/ACC_Development/Development/ros2/install/qcar2_autonomy/share/qcar2_autonomy/hook/pythonpath.ps1'
[8.861s] INFO:colcon.colcon_core.shell:Creating environment descriptor '/home/chaitanya/Documents/ACC_Development/Development/ros2/install/qcar2_autonomy/share/qcar2_autonomy/hook/pythonpath.dsv'
[8.861s] INFO:colcon.colcon_core.shell:Creating environment hook '/home/chaitanya/Documents/ACC_Development/Development/ros2/install/qcar2_autonomy/share/qcar2_autonomy/hook/pythonpath.sh'
[8.862s] Level 1:colcon.colcon_core.environment:checking '/home/chaitanya/Documents/ACC_Development/Development/ros2/install/qcar2_autonomy/bin'
[8.862s] Level 1:colcon.colcon_core.environment:create_environment_scripts_only(qcar2_autonomy)
[8.895s] INFO:colcon.colcon_core.shell:Creating package script '/home/chaitanya/Documents/ACC_Development/Development/ros2/install/qcar2_autonomy/share/qcar2_autonomy/package.ps1'
[8.895s] INFO:colcon.colcon_core.shell:Creating package descriptor '/home/chaitanya/Documents/ACC_Development/Development/ros2/install/qcar2_autonomy/share/qcar2_autonomy/package.dsv'
[8.896s] INFO:colcon.colcon_core.shell:Creating package script '/home/chaitanya/Documents/ACC_Development/Development/ros2/install/qcar2_autonomy/share/qcar2_autonomy/package.sh'
[8.897s] INFO:colcon.colcon_core.shell:Creating package script '/home/chaitanya/Documents/ACC_Development/Development/ros2/install/qcar2_autonomy/share/qcar2_autonomy/package.bash'
[8.897s] INFO:colcon.colcon_core.shell:Creating package script '/home/chaitanya/Documents/ACC_Development/Development/ros2/install/qcar2_autonomy/share/qcar2_autonomy/package.zsh'
[8.897s] Level 1:colcon.colcon_core.environment:create_file_with_runtime_dependencies(/home/chaitanya/Documents/ACC_Development/Development/ros2/install/qcar2_autonomy/share/colcon-core/packages/qcar2_autonomy)
[8.898s] DEBUG:colcon.colcon_parallel_executor.executor.parallel:closing loop
[8.898s] DEBUG:colcon.colcon_parallel_executor.executor.parallel:loop closed
[8.899s] DEBUG:colcon.colcon_parallel_executor.executor.parallel:run_until_complete finished with '0'
[8.899s] DEBUG:colcon.colcon_core.event_reactor:joining thread
[8.948s] INFO:colcon.colcon_core.plugin_system:Skipping extension 'colcon_notification.desktop_notification.terminal_notifier': Not used on non-Darwin systems
[8.948s] INFO:colcon.colcon_core.plugin_system:Skipping extension 'colcon_notification.desktop_notification.win32': Not used on non-Windows systems
[8.948s] INFO:colcon.colcon_notification.desktop_notification:Sending desktop notification using 'notify2'
[8.967s] DEBUG:colcon.colcon_core.event_reactor:joined thread
[8.996s] INFO:colcon.colcon_core.shell:Creating prefix script '/home/chaitanya/Documents/ACC_Development/Development/ros2/install/local_setup.ps1'
[8.998s] INFO:colcon.colcon_core.shell:Creating prefix util module '/home/chaitanya/Documents/ACC_Development/Development/ros2/install/_local_setup_util_ps1.py'
[8.999s] INFO:colcon.colcon_core.shell:Creating prefix chain script '/home/chaitanya/Documents/ACC_Development/Development/ros2/install/setup.ps1'
[9.032s] INFO:colcon.colcon_core.shell:Creating prefix script '/home/chaitanya/Documents/ACC_Development/Development/ros2/install/local_setup.sh'
[9.033s] INFO:colcon.colcon_core.shell:Creating prefix util module '/home/chaitanya/Documents/ACC_Development/Development/ros2/install/_local_setup_util_sh.py'
[9.034s] INFO:colcon.colcon_core.shell:Creating prefix chain script '/home/chaitanya/Documents/ACC_Development/Development/ros2/install/setup.sh'
[9.071s] INFO:colcon.colcon_core.shell:Creating prefix script '/home/chaitanya/Documents/ACC_Development/Development/ros2/install/local_setup.bash'
[9.072s] INFO:colcon.colcon_core.shell:Creating prefix chain script '/home/chaitanya/Documents/ACC_Development/Development/ros2/install/setup.bash'
[9.117s] INFO:colcon.colcon_core.shell:Creating prefix script '/home/chaitanya/Documents/ACC_Development/Development/ros2/install/local_setup.zsh'
[9.118s] INFO:colcon.colcon_core.shell:Creating prefix chain script '/home/chaitanya/Documents/ACC_Development/Development/ros2/install/setup.zsh'
