[0.313s] Invoking command in '/home/chaitanya/Documents/ACC_Development/Development/ros2/build/qcar2_nodes': AMENT_PREFIX_PATH=/home/chaitanya/Documents/ACC_Development/Development/ros2/install/qcar2_interfaces:${AMENT_PREFIX_PATH} CMAKE_PREFIX_PATH=/home/chaitanya/Documents/ACC_Development/Development/ros2/install/qcar2_interfaces:/opt/ros/jazzy/opt/gz_math_vendor:/opt/ros/jazzy/opt/gz_utils_vendor:/opt/ros/jazzy/opt/gz_cmake_vendor:/opt/ros/jazzy DEBUGINFOD_URLS=https://debuginfod.ubuntu.com LD_LIBRARY_PATH=/home/chaitanya/Documents/ACC_Development/Development/ros2/install/qcar2_interfaces/lib:${LD_LIBRARY_PATH} PYTHONPATH=/home/chaitanya/Documents/ACC_Development/Development/ros2/install/qcar2_interfaces/lib/python3.12/site-packages:/opt/ros/jazzy/lib/python3.12/site-packages:/home/chaitanya/Quanser/libraries/python /usr/bin/cmake /home/chaitanya/Documents/ACC_Development/Development/ros2/src/qcar2_nodes -DAMENT_CMAKE_SYMLINK_INSTALL=1 -DCMAKE_INSTALL_PREFIX=/home/chaitanya/Documents/ACC_Development/Development/ros2/install/qcar2_nodes
[0.325s] -- Found ament_cmake: 2.5.5 (/opt/ros/jazzy/share/ament_cmake/cmake)
[0.522s] -- Override CMake install command with custom implementation using symlinks instead of copying resources
[0.528s] -- Found cv_bridge: 4.1.0 (/opt/ros/jazzy/share/cv_bridge/cmake)
[0.558s] -- Found rosidl_generator_c: 4.6.7 (/opt/ros/jazzy/share/rosidl_generator_c/cmake)
[0.565s] -- Found rosidl_generator_cpp: 4.6.7 (/opt/ros/jazzy/share/rosidl_generator_cpp/cmake)
[0.575s] -- Using all available rosidl_typesupport_c: rosidl_typesupport_fastrtps_c;rosidl_typesupport_introspection_c
[0.586s] -- Using all available rosidl_typesupport_cpp: rosidl_typesupport_fastrtps_cpp;rosidl_typesupport_introspection_cpp
[0.686s] -- Found rmw_implementation_cmake: 7.3.3 (/opt/ros/jazzy/share/rmw_implementation_cmake/cmake)
[0.687s] -- Found rmw_fastrtps_cpp: 8.4.3 (/opt/ros/jazzy/share/rmw_fastrtps_cpp/cmake)
[0.749s] -- Using RMW implementation 'rmw_fastrtps_cpp' as default
[0.807s] -- Found image_transport: 5.1.7 (/opt/ros/jazzy/share/image_transport/cmake)
[0.820s] -- Found rclpy: 7.1.9 (/opt/ros/jazzy/share/rclpy/cmake)
[0.821s] -- Found nav_msgs: 5.3.6 (/opt/ros/jazzy/share/nav_msgs/cmake)
[0.845s] -- Found action_msgs: 2.0.3 (/opt/ros/jazzy/share/action_msgs/cmake)
[0.874s] -- Found control_msgs: 5.7.0 (/opt/ros/jazzy/share/control_msgs/cmake)
[0.931s] -- Found qcar2_interfaces: 0.0.0 (/home/chaitanya/Documents/ACC_Development/Development/ros2/install/qcar2_interfaces/share/qcar2_interfaces/cmake)
[0.941s] -- Found tf2_ros: 0.36.19 (/opt/ros/jazzy/share/tf2_ros/cmake)
[1.030s] -- Found ament_lint_auto: 0.17.4 (/opt/ros/jazzy/share/ament_lint_auto/cmake)
[1.133s] -- Added test 'cppcheck' to perform static code analysis on C / C++ code
[1.133s] -- Configured cppcheck include dirs: 
[1.133s] -- Configured cppcheck exclude dirs and/or files: 
[1.134s] -- Added test 'flake8' to check Python code syntax and style conventions
[1.134s] -- Configured 'flake8' exclude dirs and/or files: 
[1.135s] -- Added test 'lint_cmake' to check CMake code style
[1.135s] -- Added test 'pep257' to check Python code against some of the docstring style conventions in PEP 257
[1.137s] -- Added test 'uncrustify' to check C / C++ code style
[1.137s] -- Configured uncrustify additional arguments: 
[1.137s] -- Added test 'xmllint' to check XML markup files
[1.139s] -- Configuring done (0.8s)
[1.194s] -- Generating done (0.0s)
[1.197s] -- Build files have been written to: /home/chaitanya/Documents/ACC_Development/Development/ros2/build/qcar2_nodes
[1.213s] Invoked command in '/home/chaitanya/Documents/ACC_Development/Development/ros2/build/qcar2_nodes' returned '0': AMENT_PREFIX_PATH=/home/chaitanya/Documents/ACC_Development/Development/ros2/install/qcar2_interfaces:${AMENT_PREFIX_PATH} CMAKE_PREFIX_PATH=/home/chaitanya/Documents/ACC_Development/Development/ros2/install/qcar2_interfaces:/opt/ros/jazzy/opt/gz_math_vendor:/opt/ros/jazzy/opt/gz_utils_vendor:/opt/ros/jazzy/opt/gz_cmake_vendor:/opt/ros/jazzy DEBUGINFOD_URLS=https://debuginfod.ubuntu.com LD_LIBRARY_PATH=/home/chaitanya/Documents/ACC_Development/Development/ros2/install/qcar2_interfaces/lib:${LD_LIBRARY_PATH} PYTHONPATH=/home/chaitanya/Documents/ACC_Development/Development/ros2/install/qcar2_interfaces/lib/python3.12/site-packages:/opt/ros/jazzy/lib/python3.12/site-packages:/home/chaitanya/Quanser/libraries/python /usr/bin/cmake /home/chaitanya/Documents/ACC_Development/Development/ros2/src/qcar2_nodes -DAMENT_CMAKE_SYMLINK_INSTALL=1 -DCMAKE_INSTALL_PREFIX=/home/chaitanya/Documents/ACC_Development/Development/ros2/install/qcar2_nodes
[1.214s] Invoking command in '/home/chaitanya/Documents/ACC_Development/Development/ros2/build/qcar2_nodes': AMENT_PREFIX_PATH=/home/chaitanya/Documents/ACC_Development/Development/ros2/install/qcar2_interfaces:${AMENT_PREFIX_PATH} CMAKE_PREFIX_PATH=/home/chaitanya/Documents/ACC_Development/Development/ros2/install/qcar2_interfaces:/opt/ros/jazzy/opt/gz_math_vendor:/opt/ros/jazzy/opt/gz_utils_vendor:/opt/ros/jazzy/opt/gz_cmake_vendor:/opt/ros/jazzy DEBUGINFOD_URLS=https://debuginfod.ubuntu.com LD_LIBRARY_PATH=/home/chaitanya/Documents/ACC_Development/Development/ros2/install/qcar2_interfaces/lib:${LD_LIBRARY_PATH} PYTHONPATH=/home/chaitanya/Documents/ACC_Development/Development/ros2/install/qcar2_interfaces/lib/python3.12/site-packages:/opt/ros/jazzy/lib/python3.12/site-packages:/home/chaitanya/Quanser/libraries/python /usr/bin/cmake --build /home/chaitanya/Documents/ACC_Development/Development/ros2/build/qcar2_nodes -- -j16 -l16
[1.275s] [ 37%] [32mBuilding CXX object CMakeFiles/csi.dir/src/csi.cpp.o[0m
[1.275s] [ 37%] [32mBuilding CXX object CMakeFiles/qcar2_hardware.dir/src/qcar2_hardware.cpp.o[0m
[1.276s] [ 37%] [32mBuilding CXX object CMakeFiles/nav2_qcar2_converter.dir/src/nav2_qcar_command_convert.cpp.o[0m
[1.276s] [ 37%] [32mBuilding CXX object CMakeFiles/fixed_lidar_frame.dir/src/fixed_lidar_frame.cpp.o[0m
[1.276s] [ 37%] [32mBuilding CXX object CMakeFiles/lidar.dir/src/lidar.cpp.o[0m
[1.276s] [ 37%] [32mBuilding CXX object CMakeFiles/rgbd.dir/src/rgbd.cpp.o[0m
[1.276s] [ 43%] [32mBuilding CXX object CMakeFiles/command.dir/src/command.cpp.o[0m
[1.276s] [ 50%] [32mBuilding CXX object CMakeFiles/fixed_lidar_frame_virtual.dir/src/fixed_lidar_frame_virtual.cpp.o[0m
[6.788s] [ 56%] [32m[1mLinking CXX executable fixed_lidar_frame[0m
[7.040s] [ 62%] [32m[1mLinking CXX executable fixed_lidar_frame_virtual[0m
[7.099s] [ 68%] [32m[1mLinking CXX executable lidar[0m
[7.208s] [ 68%] Built target fixed_lidar_frame
[7.384s] [ 68%] Built target fixed_lidar_frame_virtual
[7.498s] [ 68%] Built target lidar
[8.521s] [ 75%] [32m[1mLinking CXX executable csi[0m
[8.629s] [ 81%] [32m[1mLinking CXX executable rgbd[0m
[8.943s] [ 87%] [32m[1mLinking CXX executable command[0m
[9.283s] [ 87%] Built target command
[9.345s] [ 87%] Built target csi
[9.429s] [ 87%] Built target rgbd
[11.934s] [ 93%] [32m[1mLinking CXX executable nav2_qcar2_converter[0m
[12.233s] [ 93%] Built target nav2_qcar2_converter
[15.206s] [100%] [32m[1mLinking CXX executable qcar2_hardware[0m
[15.713s] [100%] Built target qcar2_hardware
[15.725s] Invoked command in '/home/chaitanya/Documents/ACC_Development/Development/ros2/build/qcar2_nodes' returned '0': AMENT_PREFIX_PATH=/home/chaitanya/Documents/ACC_Development/Development/ros2/install/qcar2_interfaces:${AMENT_PREFIX_PATH} CMAKE_PREFIX_PATH=/home/chaitanya/Documents/ACC_Development/Development/ros2/install/qcar2_interfaces:/opt/ros/jazzy/opt/gz_math_vendor:/opt/ros/jazzy/opt/gz_utils_vendor:/opt/ros/jazzy/opt/gz_cmake_vendor:/opt/ros/jazzy DEBUGINFOD_URLS=https://debuginfod.ubuntu.com LD_LIBRARY_PATH=/home/chaitanya/Documents/ACC_Development/Development/ros2/install/qcar2_interfaces/lib:${LD_LIBRARY_PATH} PYTHONPATH=/home/chaitanya/Documents/ACC_Development/Development/ros2/install/qcar2_interfaces/lib/python3.12/site-packages:/opt/ros/jazzy/lib/python3.12/site-packages:/home/chaitanya/Quanser/libraries/python /usr/bin/cmake --build /home/chaitanya/Documents/ACC_Development/Development/ros2/build/qcar2_nodes -- -j16 -l16
[15.768s] Invoking command in '/home/chaitanya/Documents/ACC_Development/Development/ros2/build/qcar2_nodes': AMENT_PREFIX_PATH=/home/chaitanya/Documents/ACC_Development/Development/ros2/install/qcar2_interfaces:${AMENT_PREFIX_PATH} CMAKE_PREFIX_PATH=/home/chaitanya/Documents/ACC_Development/Development/ros2/install/qcar2_interfaces:/opt/ros/jazzy/opt/gz_math_vendor:/opt/ros/jazzy/opt/gz_utils_vendor:/opt/ros/jazzy/opt/gz_cmake_vendor:/opt/ros/jazzy DEBUGINFOD_URLS=https://debuginfod.ubuntu.com LD_LIBRARY_PATH=/home/chaitanya/Documents/ACC_Development/Development/ros2/install/qcar2_interfaces/lib:${LD_LIBRARY_PATH} PYTHONPATH=/home/chaitanya/Documents/ACC_Development/Development/ros2/install/qcar2_interfaces/lib/python3.12/site-packages:/opt/ros/jazzy/lib/python3.12/site-packages:/home/chaitanya/Quanser/libraries/python /usr/bin/cmake --install /home/chaitanya/Documents/ACC_Development/Development/ros2/build/qcar2_nodes
[15.776s] -- Install configuration: ""
[15.776s] -- Execute custom install script
[15.777s] -- Symlinking: /home/chaitanya/Documents/ACC_Development/Development/ros2/install/qcar2_nodes/lib/qcar2_nodes/qcar2_hardware
[15.786s] -- Symlinking: /home/chaitanya/Documents/ACC_Development/Development/ros2/install/qcar2_nodes/lib/qcar2_nodes/rgbd
[15.796s] -- Symlinking: /home/chaitanya/Documents/ACC_Development/Development/ros2/install/qcar2_nodes/lib/qcar2_nodes/lidar
[15.806s] -- Symlinking: /home/chaitanya/Documents/ACC_Development/Development/ros2/install/qcar2_nodes/lib/qcar2_nodes/csi
[15.816s] -- Symlinking: /home/chaitanya/Documents/ACC_Development/Development/ros2/install/qcar2_nodes/lib/qcar2_nodes/command
[15.826s] -- Symlinking: /home/chaitanya/Documents/ACC_Development/Development/ros2/install/qcar2_nodes/lib/qcar2_nodes/nav2_qcar2_converter
[15.836s] -- Symlinking: /home/chaitanya/Documents/ACC_Development/Development/ros2/install/qcar2_nodes/lib/qcar2_nodes/fixed_lidar_frame
[15.846s] -- Symlinking: /home/chaitanya/Documents/ACC_Development/Development/ros2/install/qcar2_nodes/lib/qcar2_nodes/fixed_lidar_frame_virtual
[15.857s] -- Symlinking: /home/chaitanya/Documents/ACC_Development/Development/ros2/install/qcar2_nodes/share/qcar2_nodes//launch/qcar2_cartographer_launch.py
[15.867s] -- Symlinking: /home/chaitanya/Documents/ACC_Development/Development/ros2/install/qcar2_nodes/share/qcar2_nodes//launch/qcar2_cartographer_virtual_launch.py
[15.878s] -- Symlinking: /home/chaitanya/Documents/ACC_Development/Development/ros2/install/qcar2_nodes/share/qcar2_nodes//launch/qcar2_launch.py
[15.887s] -- Symlinking: /home/chaitanya/Documents/ACC_Development/Development/ros2/install/qcar2_nodes/share/qcar2_nodes//launch/qcar2_manual_cartographer_launch.py
[15.897s] -- Symlinking: /home/chaitanya/Documents/ACC_Development/Development/ros2/install/qcar2_nodes/share/qcar2_nodes//launch/qcar2_manual_drive_launch.py
[15.907s] -- Symlinking: /home/chaitanya/Documents/ACC_Development/Development/ros2/install/qcar2_nodes/share/qcar2_nodes//launch/qcar2_slam_and_nav_bringup_launch.py
[15.916s] -- Symlinking: /home/chaitanya/Documents/ACC_Development/Development/ros2/install/qcar2_nodes/share/qcar2_nodes//launch/qcar2_slam_and_nav_bringup_virtual_launch.py
[15.927s] -- Symlinking: /home/chaitanya/Documents/ACC_Development/Development/ros2/install/qcar2_nodes/share/qcar2_nodes//launch/qcar2_virtual_launch.py
[15.937s] -- Symlinking: /home/chaitanya/Documents/ACC_Development/Development/ros2/install/qcar2_nodes/share/qcar2_nodes//rt_models/dummy_model
[15.947s] -- Symlinking: /home/chaitanya/Documents/ACC_Development/Development/ros2/install/qcar2_nodes/share/qcar2_nodes//config/qcar2_2d.lua
[15.958s] -- Symlinking: /home/chaitanya/Documents/ACC_Development/Development/ros2/install/qcar2_nodes/share/qcar2_nodes//config/qcar2_slam_and_nav.yaml
[15.969s] -- Symlinking: /home/chaitanya/Documents/ACC_Development/Development/ros2/install/qcar2_nodes/share/qcar2_nodes//config/qcar2_slam_and_nav_virtual.yaml
[15.982s] -- Symlinking: /home/chaitanya/Documents/ACC_Development/Development/ros2/install/qcar2_nodes/share/ament_index/resource_index/package_run_dependencies/qcar2_nodes
[15.992s] -- Symlinking: /home/chaitanya/Documents/ACC_Development/Development/ros2/install/qcar2_nodes/share/ament_index/resource_index/parent_prefix_path/qcar2_nodes
[16.002s] -- Symlinking: /home/chaitanya/Documents/ACC_Development/Development/ros2/install/qcar2_nodes/share/qcar2_nodes/environment/ament_prefix_path.sh
[16.013s] -- Symlinking: /home/chaitanya/Documents/ACC_Development/Development/ros2/install/qcar2_nodes/share/qcar2_nodes/environment/ament_prefix_path.dsv
[16.023s] -- Symlinking: /home/chaitanya/Documents/ACC_Development/Development/ros2/install/qcar2_nodes/share/qcar2_nodes/environment/path.sh
[16.035s] -- Symlinking: /home/chaitanya/Documents/ACC_Development/Development/ros2/install/qcar2_nodes/share/qcar2_nodes/environment/path.dsv
[16.045s] -- Symlinking: /home/chaitanya/Documents/ACC_Development/Development/ros2/install/qcar2_nodes/share/qcar2_nodes/local_setup.bash
[16.056s] -- Symlinking: /home/chaitanya/Documents/ACC_Development/Development/ros2/install/qcar2_nodes/share/qcar2_nodes/local_setup.sh
[16.066s] -- Symlinking: /home/chaitanya/Documents/ACC_Development/Development/ros2/install/qcar2_nodes/share/qcar2_nodes/local_setup.zsh
[16.077s] -- Symlinking: /home/chaitanya/Documents/ACC_Development/Development/ros2/install/qcar2_nodes/share/qcar2_nodes/local_setup.dsv
[16.087s] -- Symlinking: /home/chaitanya/Documents/ACC_Development/Development/ros2/install/qcar2_nodes/share/qcar2_nodes/package.dsv
[16.097s] -- Symlinking: /home/chaitanya/Documents/ACC_Development/Development/ros2/install/qcar2_nodes/share/ament_index/resource_index/packages/qcar2_nodes
[16.107s] -- Symlinking: /home/chaitanya/Documents/ACC_Development/Development/ros2/install/qcar2_nodes/share/qcar2_nodes/cmake/qcar2_nodesConfig.cmake
[16.117s] -- Symlinking: /home/chaitanya/Documents/ACC_Development/Development/ros2/install/qcar2_nodes/share/qcar2_nodes/cmake/qcar2_nodesConfig-version.cmake
[16.127s] -- Symlinking: /home/chaitanya/Documents/ACC_Development/Development/ros2/install/qcar2_nodes/share/qcar2_nodes/package.xml
[16.139s] Invoked command in '/home/chaitanya/Documents/ACC_Development/Development/ros2/build/qcar2_nodes' returned '0': AMENT_PREFIX_PATH=/home/chaitanya/Documents/ACC_Development/Development/ros2/install/qcar2_interfaces:${AMENT_PREFIX_PATH} CMAKE_PREFIX_PATH=/home/chaitanya/Documents/ACC_Development/Development/ros2/install/qcar2_interfaces:/opt/ros/jazzy/opt/gz_math_vendor:/opt/ros/jazzy/opt/gz_utils_vendor:/opt/ros/jazzy/opt/gz_cmake_vendor:/opt/ros/jazzy DEBUGINFOD_URLS=https://debuginfod.ubuntu.com LD_LIBRARY_PATH=/home/chaitanya/Documents/ACC_Development/Development/ros2/install/qcar2_interfaces/lib:${LD_LIBRARY_PATH} PYTHONPATH=/home/chaitanya/Documents/ACC_Development/Development/ros2/install/qcar2_interfaces/lib/python3.12/site-packages:/opt/ros/jazzy/lib/python3.12/site-packages:/home/chaitanya/Quanser/libraries/python /usr/bin/cmake --install /home/chaitanya/Documents/ACC_Development/Development/ros2/build/qcar2_nodes
