/home/chaitanya/Documents/ACC_Development/Development/ros2/install/qcar2_autonomy/lib/python3.12/site-packages/autonomy/traffic_system_detector.py
/home/chaitanya/Documents/ACC_Development/Development/ros2/install/qcar2_autonomy/lib/python3.12/site-packages/autonomy/trip_planner.py
/home/chaitanya/Documents/ACC_Development/Development/ros2/install/qcar2_autonomy/lib/python3.12/site-packages/autonomy/__init__.py
/home/chaitanya/Documents/ACC_Development/Development/ros2/install/qcar2_autonomy/lib/python3.12/site-packages/autonomy/yolo_detector.py
/home/chaitanya/Documents/ACC_Development/Development/ros2/install/qcar2_autonomy/lib/python3.12/site-packages/autonomy/lane_detector.py
/home/chaitanya/Documents/ACC_Development/Development/ros2/install/qcar2_autonomy/lib/python3.12/site-packages/autonomy/nav_to_pose.py
/home/chaitanya/Documents/ACC_Development/Development/ros2/install/qcar2_autonomy/lib/python3.12/site-packages/autonomy/__pycache__/traffic_system_detector.cpython-312.pyc
/home/chaitanya/Documents/ACC_Development/Development/ros2/install/qcar2_autonomy/lib/python3.12/site-packages/autonomy/__pycache__/trip_planner.cpython-312.pyc
/home/chaitanya/Documents/ACC_Development/Development/ros2/install/qcar2_autonomy/lib/python3.12/site-packages/autonomy/__pycache__/__init__.cpython-312.pyc
/home/chaitanya/Documents/ACC_Development/Development/ros2/install/qcar2_autonomy/lib/python3.12/site-packages/autonomy/__pycache__/yolo_detector.cpython-312.pyc
/home/chaitanya/Documents/ACC_Development/Development/ros2/install/qcar2_autonomy/lib/python3.12/site-packages/autonomy/__pycache__/lane_detector.cpython-312.pyc
/home/chaitanya/Documents/ACC_Development/Development/ros2/install/qcar2_autonomy/lib/python3.12/site-packages/autonomy/__pycache__/nav_to_pose.cpython-312.pyc
/home/chaitanya/Documents/ACC_Development/Development/ros2/install/qcar2_autonomy/share/ament_index/resource_index/packages/qcar2_autonomy
/home/chaitanya/Documents/ACC_Development/Development/ros2/install/qcar2_autonomy/share/qcar2_autonomy/package.xml
/home/chaitanya/Documents/ACC_Development/Development/ros2/install/qcar2_autonomy/share/qcar2_autonomy/launch/autonomy_planner_launch.py
/home/chaitanya/Documents/ACC_Development/Development/ros2/install/qcar2_autonomy/lib/python3.12/site-packages/qcar2_autonomy-0.0.0-py3.12.egg-info/zip-safe
/home/chaitanya/Documents/ACC_Development/Development/ros2/install/qcar2_autonomy/lib/python3.12/site-packages/qcar2_autonomy-0.0.0-py3.12.egg-info/SOURCES.txt
/home/chaitanya/Documents/ACC_Development/Development/ros2/install/qcar2_autonomy/lib/python3.12/site-packages/qcar2_autonomy-0.0.0-py3.12.egg-info/PKG-INFO
/home/chaitanya/Documents/ACC_Development/Development/ros2/install/qcar2_autonomy/lib/python3.12/site-packages/qcar2_autonomy-0.0.0-py3.12.egg-info/dependency_links.txt
/home/chaitanya/Documents/ACC_Development/Development/ros2/install/qcar2_autonomy/lib/python3.12/site-packages/qcar2_autonomy-0.0.0-py3.12.egg-info/top_level.txt
/home/chaitanya/Documents/ACC_Development/Development/ros2/install/qcar2_autonomy/lib/python3.12/site-packages/qcar2_autonomy-0.0.0-py3.12.egg-info/requires.txt
/home/chaitanya/Documents/ACC_Development/Development/ros2/install/qcar2_autonomy/lib/python3.12/site-packages/qcar2_autonomy-0.0.0-py3.12.egg-info/entry_points.txt
/home/chaitanya/Documents/ACC_Development/Development/ros2/install/qcar2_autonomy/lib/qcar2_autonomy/lane_detector
/home/chaitanya/Documents/ACC_Development/Development/ros2/install/qcar2_autonomy/lib/qcar2_autonomy/path_follower
/home/chaitanya/Documents/ACC_Development/Development/ros2/install/qcar2_autonomy/lib/qcar2_autonomy/traffic_system_detector
/home/chaitanya/Documents/ACC_Development/Development/ros2/install/qcar2_autonomy/lib/qcar2_autonomy/trip_planner
/home/chaitanya/Documents/ACC_Development/Development/ros2/install/qcar2_autonomy/lib/qcar2_autonomy/yolo_detector
