running develop
Removing /home/chaitanya/Documents/ACC_Development/Development/ros2/install/qcar2_autonomy/lib/python3.12/site-packages/qcar2-autonomy.egg-link (link to .)
running egg_info
writing ../../build/qcar2_autonomy/qcar2_autonomy.egg-info/PKG-INFO
writing dependency_links to ../../build/qcar2_autonomy/qcar2_autonomy.egg-info/dependency_links.txt
writing entry points to ../../build/qcar2_autonomy/qcar2_autonomy.egg-info/entry_points.txt
writing requirements to ../../build/qcar2_autonomy/qcar2_autonomy.egg-info/requires.txt
writing top-level names to ../../build/qcar2_autonomy/qcar2_autonomy.egg-info/top_level.txt
reading manifest file '../../build/qcar2_autonomy/qcar2_autonomy.egg-info/SOURCES.txt'
writing manifest file '../../build/qcar2_autonomy/qcar2_autonomy.egg-info/SOURCES.txt'
running build
running build_py
creating /home/chaitanya/Documents/ACC_Development/Development/ros2/build/qcar2_autonomy/build
creating /home/chaitanya/Documents/ACC_Development/Development/ros2/build/qcar2_autonomy/build/lib
creating /home/chaitanya/Documents/ACC_Development/Development/ros2/build/qcar2_autonomy/build/lib/autonomy
copying autonomy/traffic_system_detector.py -> /home/chaitanya/Documents/ACC_Development/Development/ros2/build/qcar2_autonomy/build/lib/autonomy
copying autonomy/trip_planner.py -> /home/chaitanya/Documents/ACC_Development/Development/ros2/build/qcar2_autonomy/build/lib/autonomy
copying autonomy/__init__.py -> /home/chaitanya/Documents/ACC_Development/Development/ros2/build/qcar2_autonomy/build/lib/autonomy
copying autonomy/yolo_detector.py -> /home/chaitanya/Documents/ACC_Development/Development/ros2/build/qcar2_autonomy/build/lib/autonomy
copying autonomy/lane_detector.py -> /home/chaitanya/Documents/ACC_Development/Development/ros2/build/qcar2_autonomy/build/lib/autonomy
copying autonomy/nav_to_pose.py -> /home/chaitanya/Documents/ACC_Development/Development/ros2/build/qcar2_autonomy/build/lib/autonomy
running install
running install_lib
creating /home/chaitanya/Documents/ACC_Development/Development/ros2/install/qcar2_autonomy/lib/python3.12/site-packages/autonomy
copying /home/chaitanya/Documents/ACC_Development/Development/ros2/build/qcar2_autonomy/build/lib/autonomy/traffic_system_detector.py -> /home/chaitanya/Documents/ACC_Development/Development/ros2/install/qcar2_autonomy/lib/python3.12/site-packages/autonomy
copying /home/chaitanya/Documents/ACC_Development/Development/ros2/build/qcar2_autonomy/build/lib/autonomy/trip_planner.py -> /home/chaitanya/Documents/ACC_Development/Development/ros2/install/qcar2_autonomy/lib/python3.12/site-packages/autonomy
copying /home/chaitanya/Documents/ACC_Development/Development/ros2/build/qcar2_autonomy/build/lib/autonomy/__init__.py -> /home/chaitanya/Documents/ACC_Development/Development/ros2/install/qcar2_autonomy/lib/python3.12/site-packages/autonomy
copying /home/chaitanya/Documents/ACC_Development/Development/ros2/build/qcar2_autonomy/build/lib/autonomy/yolo_detector.py -> /home/chaitanya/Documents/ACC_Development/Development/ros2/install/qcar2_autonomy/lib/python3.12/site-packages/autonomy
copying /home/chaitanya/Documents/ACC_Development/Development/ros2/build/qcar2_autonomy/build/lib/autonomy/lane_detector.py -> /home/chaitanya/Documents/ACC_Development/Development/ros2/install/qcar2_autonomy/lib/python3.12/site-packages/autonomy
copying /home/chaitanya/Documents/ACC_Development/Development/ros2/build/qcar2_autonomy/build/lib/autonomy/nav_to_pose.py -> /home/chaitanya/Documents/ACC_Development/Development/ros2/install/qcar2_autonomy/lib/python3.12/site-packages/autonomy
byte-compiling /home/chaitanya/Documents/ACC_Development/Development/ros2/install/qcar2_autonomy/lib/python3.12/site-packages/autonomy/traffic_system_detector.py to traffic_system_detector.cpython-312.pyc
byte-compiling /home/chaitanya/Documents/ACC_Development/Development/ros2/install/qcar2_autonomy/lib/python3.12/site-packages/autonomy/trip_planner.py to trip_planner.cpython-312.pyc
byte-compiling /home/chaitanya/Documents/ACC_Development/Development/ros2/install/qcar2_autonomy/lib/python3.12/site-packages/autonomy/__init__.py to __init__.cpython-312.pyc
byte-compiling /home/chaitanya/Documents/ACC_Development/Development/ros2/install/qcar2_autonomy/lib/python3.12/site-packages/autonomy/yolo_detector.py to yolo_detector.cpython-312.pyc
byte-compiling /home/chaitanya/Documents/ACC_Development/Development/ros2/install/qcar2_autonomy/lib/python3.12/site-packages/autonomy/lane_detector.py to lane_detector.cpython-312.pyc
byte-compiling /home/chaitanya/Documents/ACC_Development/Development/ros2/install/qcar2_autonomy/lib/python3.12/site-packages/autonomy/nav_to_pose.py to nav_to_pose.cpython-312.pyc
running install_data
running install_egg_info
Copying ../../build/qcar2_autonomy/qcar2_autonomy.egg-info to /home/chaitanya/Documents/ACC_Development/Development/ros2/install/qcar2_autonomy/lib/python3.12/site-packages/qcar2_autonomy-0.0.0-py3.12.egg-info
running install_scripts
Installing lane_detector script to /home/chaitanya/Documents/ACC_Development/Development/ros2/install/qcar2_autonomy/lib/qcar2_autonomy
Installing path_follower script to /home/chaitanya/Documents/ACC_Development/Development/ros2/install/qcar2_autonomy/lib/qcar2_autonomy
Installing traffic_system_detector script to /home/chaitanya/Documents/ACC_Development/Development/ros2/install/qcar2_autonomy/lib/qcar2_autonomy
Installing trip_planner script to /home/chaitanya/Documents/ACC_Development/Development/ros2/install/qcar2_autonomy/lib/qcar2_autonomy
Installing yolo_detector script to /home/chaitanya/Documents/ACC_Development/Development/ros2/install/qcar2_autonomy/lib/qcar2_autonomy
writing list of installed files to '/home/chaitanya/Documents/ACC_Development/Development/ros2/build/qcar2_autonomy/install.log'
