[1.723s] Invoking command in '/home/chaitanya/Documents/ACC_Development/Development/ros2/build/qcar2_autonomy': CMAKE_PREFIX_PATH=/home/chaitanya/Documents/ACC_Development/Development/ros2/install/qcar2_interfaces:/home/chaitanya/Documents/ACC_Development/Development/ros2/install/qcar2_nodes:/opt/ros/jazzy/opt/gz_sim_vendor:/opt/ros/jazzy/opt/gz_sensors_vendor:/opt/ros/jazzy/opt/gz_physics_vendor:/opt/ros/jazzy/opt/sdformat_vendor:/opt/ros/jazzy/opt/gz_gui_vendor:/opt/ros/jazzy/opt/gz_transport_vendor:/opt/ros/jazzy/opt/gz_rendering_vendor:/opt/ros/jazzy/opt/gz_plugin_vendor:/opt/ros/jazzy/opt/gz_fuel_tools_vendor:/opt/ros/jazzy/opt/gz_msgs_vendor:/opt/ros/jazzy/opt/gz_common_vendor:/opt/ros/jazzy/opt/gz_math_vendor:/opt/ros/jazzy/opt/gz_utils_vendor:/opt/ros/jazzy/opt/gz_tools_vendor:/opt/ros/jazzy/opt/gz_ogre_next_vendor:/opt/ros/jazzy/opt/gz_dartsim_vendor:/opt/ros/jazzy/opt/gz_cmake_vendor DEBUGINFOD_URLS=https://debuginfod.ubuntu.com PYTHONPATH=/home/chaitanya/Documents/ACC_Development/Development/ros2/build/qcar2_autonomy/prefix_override:/home/chaitanya/Documents/ACC_Development/Development/ros2/install/qcar2_autonomy/lib/python3.12/site-packages:/home/chaitanya/Documents/ACC_Development/Development/ros2/install/qcar2_interfaces/lib/python3.12/site-packages:/home/chaitanya/Documents/ACC_Development/Development/ros2/build/qcar2_autonomy:/home/chaitanya/Documents/ACC_Development/Development/ros2/install/qcar2_autonomy/lib/python3.12/site-packages:/opt/ros/jazzy/lib/python3.12/site-packages:/home/chaitanya/Quanser/libraries/python:/home/chaitanya/Documents/ACC_Development/backup/Quanser_Academic_Resources/0_libraries/python /usr/bin/python3 setup.py develop --editable --build-directory /home/chaitanya/Documents/ACC_Development/Development/ros2/build/qcar2_autonomy/build --no-deps install_data
[2.250s] running develop
[2.250s] /usr/lib/python3/dist-packages/setuptools/command/develop.py:40: EasyInstallDeprecationWarning: easy_install command is deprecated.
[2.250s] !!
[2.250s] 
[2.251s]         ********************************************************************************
[2.251s]         Please avoid running ``setup.py`` and ``easy_install``.
[2.251s]         Instead, use pypa/build, pypa/installer or other
[2.251s]         standards-based tools.
[2.251s] 
[2.251s]         See https://github.com/pypa/setuptools/issues/917 for details.
[2.251s]         ********************************************************************************
[2.251s] 
[2.251s] !!
[2.251s]   easy_install.initialize_options(self)
[2.306s] /usr/lib/python3/dist-packages/setuptools/_distutils/cmd.py:66: SetuptoolsDeprecationWarning: setup.py install is deprecated.
[2.307s] !!
[2.307s] 
[2.307s]         ********************************************************************************
[2.307s]         Please avoid running ``setup.py`` directly.
[2.307s]         Instead, use pypa/build, pypa/installer or other
[2.307s]         standards-based tools.
[2.308s] 
[2.308s]         See https://blog.ganssle.io/articles/2021/10/setup-py-deprecated.html for details.
[2.308s]         ********************************************************************************
[2.308s] 
[2.308s] !!
[2.308s]   self.initialize_options()
[2.506s] /usr/lib/python3/dist-packages/setuptools/command/easy_install.py:363: UserWarning: Unbuilt egg for pytest-repeat [unknown version] (/usr/lib/python3/dist-packages)
[2.506s]   self.local_index = Environment(self.shadow_path + sys.path)
[2.555s] running egg_info
[2.590s] writing qcar2_autonomy.egg-info/PKG-INFO
[2.591s] writing dependency_links to qcar2_autonomy.egg-info/dependency_links.txt
[2.591s] writing entry points to qcar2_autonomy.egg-info/entry_points.txt
[2.591s] writing requirements to qcar2_autonomy.egg-info/requires.txt
[2.591s] writing top-level names to qcar2_autonomy.egg-info/top_level.txt
[2.649s] reading manifest file 'qcar2_autonomy.egg-info/SOURCES.txt'
[2.650s] writing manifest file 'qcar2_autonomy.egg-info/SOURCES.txt'
[2.681s] running build_ext
[2.681s] Creating /home/chaitanya/Documents/ACC_Development/Development/ros2/install/qcar2_autonomy/lib/python3.12/site-packages/qcar2-autonomy.egg-link (link to .)
[2.683s] Installing lane_detector script to /home/chaitanya/Documents/ACC_Development/Development/ros2/install/qcar2_autonomy/lib/qcar2_autonomy
[2.684s] Installing path_follower script to /home/chaitanya/Documents/ACC_Development/Development/ros2/install/qcar2_autonomy/lib/qcar2_autonomy
[2.684s] Installing traffic_system_detector script to /home/chaitanya/Documents/ACC_Development/Development/ros2/install/qcar2_autonomy/lib/qcar2_autonomy
[2.684s] Installing trip_planner script to /home/chaitanya/Documents/ACC_Development/Development/ros2/install/qcar2_autonomy/lib/qcar2_autonomy
[2.684s] Installing yolo_detector script to /home/chaitanya/Documents/ACC_Development/Development/ros2/install/qcar2_autonomy/lib/qcar2_autonomy
[2.684s] 
[2.685s] Installed /home/chaitanya/Documents/ACC_Development/Development/ros2/build/qcar2_autonomy
[2.685s] running install_data
[2.685s] copying launch/autonomy_planner_launch.py -> /home/chaitanya/Documents/ACC_Development/Development/ros2/install/qcar2_autonomy/share/qcar2_autonomy/launch
[2.819s] Invoked command in '/home/chaitanya/Documents/ACC_Development/Development/ros2/build/qcar2_autonomy' returned '0': CMAKE_PREFIX_PATH=/home/chaitanya/Documents/ACC_Development/Development/ros2/install/qcar2_interfaces:/home/chaitanya/Documents/ACC_Development/Development/ros2/install/qcar2_nodes:/opt/ros/jazzy/opt/gz_sim_vendor:/opt/ros/jazzy/opt/gz_sensors_vendor:/opt/ros/jazzy/opt/gz_physics_vendor:/opt/ros/jazzy/opt/sdformat_vendor:/opt/ros/jazzy/opt/gz_gui_vendor:/opt/ros/jazzy/opt/gz_transport_vendor:/opt/ros/jazzy/opt/gz_rendering_vendor:/opt/ros/jazzy/opt/gz_plugin_vendor:/opt/ros/jazzy/opt/gz_fuel_tools_vendor:/opt/ros/jazzy/opt/gz_msgs_vendor:/opt/ros/jazzy/opt/gz_common_vendor:/opt/ros/jazzy/opt/gz_math_vendor:/opt/ros/jazzy/opt/gz_utils_vendor:/opt/ros/jazzy/opt/gz_tools_vendor:/opt/ros/jazzy/opt/gz_ogre_next_vendor:/opt/ros/jazzy/opt/gz_dartsim_vendor:/opt/ros/jazzy/opt/gz_cmake_vendor DEBUGINFOD_URLS=https://debuginfod.ubuntu.com PYTHONPATH=/home/chaitanya/Documents/ACC_Development/Development/ros2/build/qcar2_autonomy/prefix_override:/home/chaitanya/Documents/ACC_Development/Development/ros2/install/qcar2_autonomy/lib/python3.12/site-packages:/home/chaitanya/Documents/ACC_Development/Development/ros2/install/qcar2_interfaces/lib/python3.12/site-packages:/home/chaitanya/Documents/ACC_Development/Development/ros2/build/qcar2_autonomy:/home/chaitanya/Documents/ACC_Development/Development/ros2/install/qcar2_autonomy/lib/python3.12/site-packages:/opt/ros/jazzy/lib/python3.12/site-packages:/home/chaitanya/Quanser/libraries/python:/home/chaitanya/Documents/ACC_Development/backup/Quanser_Academic_Resources/0_libraries/python /usr/bin/python3 setup.py develop --editable --build-directory /home/chaitanya/Documents/ACC_Development/Development/ros2/build/qcar2_autonomy/build --no-deps install_data
