[0.122s] Invoking command in '/home/chaitanya/Documents/ACC_Development/Development/ros2/build/qcar2_interfaces': CMAKE_PREFIX_PATH=${CMAKE_PREFIX_PATH}:/home/chaitanya/Documents/ACC_Development/Development/ros2/install/qcar2_autonomy:/opt/ros/jazzy DEBUGINFOD_URLS=https://debuginfod.ubuntu.com /usr/bin/cmake /home/chaitanya/Documents/ACC_Development/Development/ros2/src/qcar2_interfaces -DCMAKE_INSTALL_PREFIX=/home/chaitanya/Documents/ACC_Development/Development/ros2/install/qcar2_interfaces
[0.146s] -- Found ament_cmake: 2.5.5 (/opt/ros/jazzy/share/ament_cmake/cmake)
[0.185s] -- Found Python3: /usr/bin/python3 (found version "3.12.3") found components: Interpreter 
[0.292s] -- Override CMake install command with custom implementation using symlinks instead of copying resources
[0.312s] -- Found rosidl_default_generators: 1.6.0 (/opt/ros/jazzy/share/rosidl_default_generators/cmake)
[0.317s] -- Using all available rosidl_typesupport_c: rosidl_typesupport_fastrtps_c;rosidl_typesupport_introspection_c
[0.377s] -- Using all available rosidl_typesupport_cpp: rosidl_typesupport_fastrtps_cpp;rosidl_typesupport_introspection_cpp
[0.418s] -- Found rosidl_adapter: 4.6.7 (/opt/ros/jazzy/share/rosidl_adapter/cmake)
[0.768s] -- Found ament_cmake_ros: 0.12.0 (/opt/ros/jazzy/share/ament_cmake_ros/cmake)
[0.891s] -- Using all available rosidl_typesupport_c: rosidl_typesupport_fastrtps_c;rosidl_typesupport_introspection_c
[1.056s] -- Using all available rosidl_typesupport_cpp: rosidl_typesupport_fastrtps_cpp;rosidl_typesupport_introspection_cpp
[1.058s] -- Found python_cmake_module: 0.11.1 (/opt/ros/jazzy/share/python_cmake_module/cmake)
[1.525s] -- Found Python3: /usr/bin/python3 (found version "3.12.3") found components: Interpreter Development NumPy Development.Module Development.Embed 
[1.546s] -- Found ament_lint_auto: 0.17.4 (/opt/ros/jazzy/share/ament_lint_auto/cmake)
[1.568s] -- Added test 'lint_cmake' to check CMake code style
[1.569s] -- Added test 'xmllint' to check XML markup files
[1.573s] -- Configuring done (1.4s)
[1.621s] -- Generating done (0.0s)
[1.625s] -- Build files have been written to: /home/chaitanya/Documents/ACC_Development/Development/ros2/build/qcar2_interfaces
[1.641s] Invoked command in '/home/chaitanya/Documents/ACC_Development/Development/ros2/build/qcar2_interfaces' returned '0': CMAKE_PREFIX_PATH=${CMAKE_PREFIX_PATH}:/home/chaitanya/Documents/ACC_Development/Development/ros2/install/qcar2_autonomy:/opt/ros/jazzy DEBUGINFOD_URLS=https://debuginfod.ubuntu.com /usr/bin/cmake /home/chaitanya/Documents/ACC_Development/Development/ros2/src/qcar2_interfaces -DCMAKE_INSTALL_PREFIX=/home/chaitanya/Documents/ACC_Development/Development/ros2/install/qcar2_interfaces
[1.643s] Invoking command in '/home/chaitanya/Documents/ACC_Development/Development/ros2/build/qcar2_interfaces': CMAKE_PREFIX_PATH=${CMAKE_PREFIX_PATH}:/home/chaitanya/Documents/ACC_Development/Development/ros2/install/qcar2_autonomy:/opt/ros/jazzy DEBUGINFOD_URLS=https://debuginfod.ubuntu.com /usr/bin/cmake --build /home/chaitanya/Documents/ACC_Development/Development/ros2/build/qcar2_interfaces -- -j16 -l16
[1.726s] [  2%] Built target qcar2_interfaces__rosidl_generator_type_description
[1.742s] [  2%] Built target ament_cmake_python_symlink_qcar2_interfaces
[1.760s] [  4%] Built target qcar2_interfaces__cpp
[1.770s] [ 22%] Built target qcar2_interfaces__rosidl_generator_c
[1.819s] [ 47%] Built target qcar2_interfaces__rosidl_typesupport_introspection_c
[1.819s] [ 50%] Built target qcar2_interfaces__rosidl_typesupport_fastrtps_c
[1.820s] [ 52%] Built target qcar2_interfaces__rosidl_typesupport_introspection_cpp
[1.822s] [ 59%] Built target qcar2_interfaces__rosidl_typesupport_c
[1.824s] [ 68%] Built target qcar2_interfaces__rosidl_typesupport_fastrtps_cpp
[1.843s] [ 77%] Built target qcar2_interfaces__rosidl_typesupport_cpp
[1.891s] [ 77%] Built target qcar2_interfaces
[1.938s] [ 79%] Built target qcar2_interfaces__py
[1.984s] [ 84%] [32mBuilding C object CMakeFiles/qcar2_interfaces__rosidl_generator_py.dir/rosidl_generator_py/qcar2_interfaces/msg/_motor_commands_s.c.o[0m
[1.984s] [ 84%] [32mBuilding C object CMakeFiles/qcar2_interfaces__rosidl_generator_py.dir/rosidl_generator_py/qcar2_interfaces/msg/_boolean_leds_s.c.o[0m
[2.095s] running egg_info
[2.127s] writing qcar2_interfaces.egg-info/PKG-INFO
[2.128s] writing dependency_links to qcar2_interfaces.egg-info/dependency_links.txt
[2.128s] writing top-level names to qcar2_interfaces.egg-info/top_level.txt
[2.248s] reading manifest file 'qcar2_interfaces.egg-info/SOURCES.txt'
[2.249s] writing manifest file 'qcar2_interfaces.egg-info/SOURCES.txt'
[2.320s] [ 86%] [32m[1mLinking C shared library libqcar2_interfaces__rosidl_generator_py.so[0m
[2.386s] [ 86%] Built target ament_cmake_python_build_qcar2_interfaces_egg
[2.443s] [ 86%] Built target qcar2_interfaces__rosidl_generator_py
[2.494s] [ 90%] [32m[1mLinking C shared module rosidl_generator_py/qcar2_interfaces/qcar2_interfaces_s__rosidl_typesupport_fastrtps_c.so[0m
[2.494s] [ 90%] [32m[1mLinking C shared module rosidl_generator_py/qcar2_interfaces/qcar2_interfaces_s__rosidl_typesupport_introspection_c.so[0m
[2.502s] [ 93%] [32m[1mLinking C shared module rosidl_generator_py/qcar2_interfaces/qcar2_interfaces_s__rosidl_typesupport_c.so[0m
[2.561s] [ 95%] Built target qcar2_interfaces_s__rosidl_typesupport_introspection_c
[2.563s] [ 97%] Built target qcar2_interfaces_s__rosidl_typesupport_fastrtps_c
[2.576s] [100%] Built target qcar2_interfaces_s__rosidl_typesupport_c
[2.607s] Invoked command in '/home/chaitanya/Documents/ACC_Development/Development/ros2/build/qcar2_interfaces' returned '0': CMAKE_PREFIX_PATH=${CMAKE_PREFIX_PATH}:/home/chaitanya/Documents/ACC_Development/Development/ros2/install/qcar2_autonomy:/opt/ros/jazzy DEBUGINFOD_URLS=https://debuginfod.ubuntu.com /usr/bin/cmake --build /home/chaitanya/Documents/ACC_Development/Development/ros2/build/qcar2_interfaces -- -j16 -l16
[2.815s] Invoking command in '/home/chaitanya/Documents/ACC_Development/Development/ros2/build/qcar2_interfaces': CMAKE_PREFIX_PATH=${CMAKE_PREFIX_PATH}:/home/chaitanya/Documents/ACC_Development/Development/ros2/install/qcar2_autonomy:/opt/ros/jazzy DEBUGINFOD_URLS=https://debuginfod.ubuntu.com /usr/bin/cmake --install /home/chaitanya/Documents/ACC_Development/Development/ros2/build/qcar2_interfaces
[2.836s] -- Install configuration: ""
[2.837s] -- Execute custom install script
[2.837s] -- Up-to-date symlink: /home/chaitanya/Documents/ACC_Development/Development/ros2/install/qcar2_interfaces/share/ament_index/resource_index/rosidl_interfaces/qcar2_interfaces
[2.838s] -- Up-to-date symlink: /home/chaitanya/Documents/ACC_Development/Development/ros2/install/qcar2_interfaces/share/qcar2_interfaces/msg/MotorCommands.json
[2.838s] -- Up-to-date symlink: /home/chaitanya/Documents/ACC_Development/Development/ros2/install/qcar2_interfaces/share/qcar2_interfaces/msg/BooleanLeds.json
[2.838s] -- Up-to-date symlink: /home/chaitanya/Documents/ACC_Development/Development/ros2/install/qcar2_interfaces/include/qcar2_interfaces/qcar2_interfaces/msg/boolean_leds.h
[2.839s] -- Up-to-date symlink: /home/chaitanya/Documents/ACC_Development/Development/ros2/install/qcar2_interfaces/include/qcar2_interfaces/qcar2_interfaces/msg/detail/boolean_leds__functions.h
[2.840s] -- Up-to-date symlink: /home/chaitanya/Documents/ACC_Development/Development/ros2/install/qcar2_interfaces/include/qcar2_interfaces/qcar2_interfaces/msg/detail/boolean_leds__struct.h
[2.840s] -- Up-to-date symlink: /home/chaitanya/Documents/ACC_Development/Development/ros2/install/qcar2_interfaces/include/qcar2_interfaces/qcar2_interfaces/msg/detail/boolean_leds__type_support.h
[2.840s] -- Up-to-date symlink: /home/chaitanya/Documents/ACC_Development/Development/ros2/install/qcar2_interfaces/include/qcar2_interfaces/qcar2_interfaces/msg/detail/motor_commands__functions.h
[2.841s] -- Up-to-date symlink: /home/chaitanya/Documents/ACC_Development/Development/ros2/install/qcar2_interfaces/include/qcar2_interfaces/qcar2_interfaces/msg/detail/motor_commands__struct.h
[2.841s] -- Up-to-date symlink: /home/chaitanya/Documents/ACC_Development/Development/ros2/install/qcar2_interfaces/include/qcar2_interfaces/qcar2_interfaces/msg/detail/motor_commands__type_support.h
[2.841s] -- Up-to-date symlink: /home/chaitanya/Documents/ACC_Development/Development/ros2/install/qcar2_interfaces/include/qcar2_interfaces/qcar2_interfaces/msg/motor_commands.h
[2.841s] -- Up-to-date symlink: /home/chaitanya/Documents/ACC_Development/Development/ros2/install/qcar2_interfaces/include/qcar2_interfaces/qcar2_interfaces/msg/rosidl_generator_c__visibility_control.h
[2.841s] -- Up-to-date symlink: /home/chaitanya/Documents/ACC_Development/Development/ros2/install/qcar2_interfaces/share/qcar2_interfaces/environment/library_path.sh
[2.842s] -- Up-to-date symlink: /home/chaitanya/Documents/ACC_Development/Development/ros2/install/qcar2_interfaces/share/qcar2_interfaces/environment/library_path.dsv
[2.842s] -- Up-to-date symlink: /home/chaitanya/Documents/ACC_Development/Development/ros2/install/qcar2_interfaces/include/qcar2_interfaces/qcar2_interfaces/msg/detail/boolean_leds__rosidl_typesupport_fastrtps_c.h
[2.842s] -- Up-to-date symlink: /home/chaitanya/Documents/ACC_Development/Development/ros2/install/qcar2_interfaces/include/qcar2_interfaces/qcar2_interfaces/msg/detail/motor_commands__rosidl_typesupport_fastrtps_c.h
[2.842s] -- Up-to-date symlink: /home/chaitanya/Documents/ACC_Development/Development/ros2/install/qcar2_interfaces/include/qcar2_interfaces/qcar2_interfaces/msg/rosidl_typesupport_fastrtps_c__visibility_control.h
[2.842s] -- Up-to-date symlink: /home/chaitanya/Documents/ACC_Development/Development/ros2/install/qcar2_interfaces/include/qcar2_interfaces/qcar2_interfaces/msg/detail/boolean_leds__rosidl_typesupport_introspection_c.h
[2.842s] -- Up-to-date symlink: /home/chaitanya/Documents/ACC_Development/Development/ros2/install/qcar2_interfaces/include/qcar2_interfaces/qcar2_interfaces/msg/detail/motor_commands__rosidl_typesupport_introspection_c.h
[2.842s] -- Up-to-date symlink: /home/chaitanya/Documents/ACC_Development/Development/ros2/install/qcar2_interfaces/include/qcar2_interfaces/qcar2_interfaces/msg/rosidl_typesupport_introspection_c__visibility_control.h
[2.843s] -- Up-to-date symlink: /home/chaitanya/Documents/ACC_Development/Development/ros2/install/qcar2_interfaces/include/qcar2_interfaces/qcar2_interfaces/msg/boolean_leds.hpp
[2.843s] -- Up-to-date symlink: /home/chaitanya/Documents/ACC_Development/Development/ros2/install/qcar2_interfaces/include/qcar2_interfaces/qcar2_interfaces/msg/detail/boolean_leds__builder.hpp
[2.843s] -- Up-to-date symlink: /home/chaitanya/Documents/ACC_Development/Development/ros2/install/qcar2_interfaces/include/qcar2_interfaces/qcar2_interfaces/msg/detail/boolean_leds__struct.hpp
[2.844s] -- Up-to-date symlink: /home/chaitanya/Documents/ACC_Development/Development/ros2/install/qcar2_interfaces/include/qcar2_interfaces/qcar2_interfaces/msg/detail/boolean_leds__traits.hpp
[2.844s] -- Up-to-date symlink: /home/chaitanya/Documents/ACC_Development/Development/ros2/install/qcar2_interfaces/include/qcar2_interfaces/qcar2_interfaces/msg/detail/boolean_leds__type_support.hpp
[2.845s] -- Up-to-date symlink: /home/chaitanya/Documents/ACC_Development/Development/ros2/install/qcar2_interfaces/include/qcar2_interfaces/qcar2_interfaces/msg/detail/motor_commands__builder.hpp
[2.845s] -- Up-to-date symlink: /home/chaitanya/Documents/ACC_Development/Development/ros2/install/qcar2_interfaces/include/qcar2_interfaces/qcar2_interfaces/msg/detail/motor_commands__struct.hpp
[2.845s] -- Up-to-date symlink: /home/chaitanya/Documents/ACC_Development/Development/ros2/install/qcar2_interfaces/include/qcar2_interfaces/qcar2_interfaces/msg/detail/motor_commands__traits.hpp
[2.845s] -- Up-to-date symlink: /home/chaitanya/Documents/ACC_Development/Development/ros2/install/qcar2_interfaces/include/qcar2_interfaces/qcar2_interfaces/msg/detail/motor_commands__type_support.hpp
[2.845s] -- Up-to-date symlink: /home/chaitanya/Documents/ACC_Development/Development/ros2/install/qcar2_interfaces/include/qcar2_interfaces/qcar2_interfaces/msg/motor_commands.hpp
[2.845s] -- Up-to-date symlink: /home/chaitanya/Documents/ACC_Development/Development/ros2/install/qcar2_interfaces/include/qcar2_interfaces/qcar2_interfaces/msg/rosidl_generator_cpp__visibility_control.hpp
[2.845s] -- Up-to-date symlink: /home/chaitanya/Documents/ACC_Development/Development/ros2/install/qcar2_interfaces/include/qcar2_interfaces/qcar2_interfaces/msg/detail/boolean_leds__rosidl_typesupport_fastrtps_cpp.hpp
[2.846s] -- Up-to-date symlink: /home/chaitanya/Documents/ACC_Development/Development/ros2/install/qcar2_interfaces/include/qcar2_interfaces/qcar2_interfaces/msg/detail/motor_commands__rosidl_typesupport_fastrtps_cpp.hpp
[2.846s] -- Up-to-date symlink: /home/chaitanya/Documents/ACC_Development/Development/ros2/install/qcar2_interfaces/include/qcar2_interfaces/qcar2_interfaces/msg/rosidl_typesupport_fastrtps_cpp__visibility_control.h
[2.846s] -- Up-to-date symlink: /home/chaitanya/Documents/ACC_Development/Development/ros2/install/qcar2_interfaces/include/qcar2_interfaces/qcar2_interfaces/msg/detail/boolean_leds__rosidl_typesupport_introspection_cpp.hpp
[2.846s] -- Up-to-date symlink: /home/chaitanya/Documents/ACC_Development/Development/ros2/install/qcar2_interfaces/include/qcar2_interfaces/qcar2_interfaces/msg/detail/motor_commands__rosidl_typesupport_introspection_cpp.hpp
[2.846s] -- Up-to-date symlink: /home/chaitanya/Documents/ACC_Development/Development/ros2/install/qcar2_interfaces/share/qcar2_interfaces/environment/pythonpath.sh
[2.847s] -- Up-to-date symlink: /home/chaitanya/Documents/ACC_Development/Development/ros2/install/qcar2_interfaces/share/qcar2_interfaces/environment/pythonpath.dsv
[2.847s] -- Up-to-date symlink: /home/chaitanya/Documents/ACC_Development/Development/ros2/install/qcar2_interfaces/lib/python3.12/site-packages/qcar2_interfaces-0.0.0-py3.12.egg-info/PKG-INFO
[2.847s] -- Up-to-date symlink: /home/chaitanya/Documents/ACC_Development/Development/ros2/install/qcar2_interfaces/lib/python3.12/site-packages/qcar2_interfaces-0.0.0-py3.12.egg-info/SOURCES.txt
[2.848s] -- Up-to-date symlink: /home/chaitanya/Documents/ACC_Development/Development/ros2/install/qcar2_interfaces/lib/python3.12/site-packages/qcar2_interfaces-0.0.0-py3.12.egg-info/dependency_links.txt
[2.848s] -- Up-to-date symlink: /home/chaitanya/Documents/ACC_Development/Development/ros2/install/qcar2_interfaces/lib/python3.12/site-packages/qcar2_interfaces-0.0.0-py3.12.egg-info/top_level.txt
[2.848s] -- Up-to-date symlink: /home/chaitanya/Documents/ACC_Development/Development/ros2/install/qcar2_interfaces/lib/python3.12/site-packages/qcar2_interfaces/__init__.py
[2.849s] -- Up-to-date symlink: /home/chaitanya/Documents/ACC_Development/Development/ros2/install/qcar2_interfaces/lib/python3.12/site-packages/qcar2_interfaces/_qcar2_interfaces_s.ep.rosidl_typesupport_c.c
[2.849s] -- Up-to-date symlink: /home/chaitanya/Documents/ACC_Development/Development/ros2/install/qcar2_interfaces/lib/python3.12/site-packages/qcar2_interfaces/_qcar2_interfaces_s.ep.rosidl_typesupport_fastrtps_c.c
[2.849s] -- Up-to-date symlink: /home/chaitanya/Documents/ACC_Development/Development/ros2/install/qcar2_interfaces/lib/python3.12/site-packages/qcar2_interfaces/_qcar2_interfaces_s.ep.rosidl_typesupport_introspection_c.c
[2.849s] -- Up-to-date symlink: /home/chaitanya/Documents/ACC_Development/Development/ros2/install/qcar2_interfaces/lib/python3.12/site-packages/qcar2_interfaces/msg/__init__.py
[2.849s] -- Up-to-date symlink: /home/chaitanya/Documents/ACC_Development/Development/ros2/install/qcar2_interfaces/lib/python3.12/site-packages/qcar2_interfaces/msg/_boolean_leds.py
[2.849s] -- Up-to-date symlink: /home/chaitanya/Documents/ACC_Development/Development/ros2/install/qcar2_interfaces/lib/python3.12/site-packages/qcar2_interfaces/msg/_boolean_leds_s.c
[2.849s] -- Up-to-date symlink: /home/chaitanya/Documents/ACC_Development/Development/ros2/install/qcar2_interfaces/lib/python3.12/site-packages/qcar2_interfaces/msg/_motor_commands.py
[2.849s] -- Up-to-date symlink: /home/chaitanya/Documents/ACC_Development/Development/ros2/install/qcar2_interfaces/lib/python3.12/site-packages/qcar2_interfaces/msg/_motor_commands_s.c
[2.850s] -- Up-to-date symlink: /home/chaitanya/Documents/ACC_Development/Development/ros2/install/qcar2_interfaces/lib/python3.12/site-packages/qcar2_interfaces/qcar2_interfaces_s__rosidl_typesupport_c.so
[2.850s] -- Up-to-date symlink: /home/chaitanya/Documents/ACC_Development/Development/ros2/install/qcar2_interfaces/lib/python3.12/site-packages/qcar2_interfaces/qcar2_interfaces_s__rosidl_typesupport_fastrtps_c.so
[2.850s] -- Up-to-date symlink: /home/chaitanya/Documents/ACC_Development/Development/ros2/install/qcar2_interfaces/lib/python3.12/site-packages/qcar2_interfaces/qcar2_interfaces_s__rosidl_typesupport_introspection_c.so
[2.850s] -- Up-to-date symlink: /home/chaitanya/Documents/ACC_Development/Development/ros2/install/qcar2_interfaces/lib/python3.12/site-packages/qcar2_interfaces/qcar2_interfaces_s__rosidl_typesupport_fastrtps_c.so
[2.850s] -- Up-to-date symlink: /home/chaitanya/Documents/ACC_Development/Development/ros2/install/qcar2_interfaces/lib/python3.12/site-packages/qcar2_interfaces/qcar2_interfaces_s__rosidl_typesupport_introspection_c.so
[2.850s] -- Up-to-date symlink: /home/chaitanya/Documents/ACC_Development/Development/ros2/install/qcar2_interfaces/lib/python3.12/site-packages/qcar2_interfaces/qcar2_interfaces_s__rosidl_typesupport_c.so
[2.851s] -- Up-to-date symlink: /home/chaitanya/Documents/ACC_Development/Development/ros2/install/qcar2_interfaces/share/qcar2_interfaces/msg/MotorCommands.idl
[2.851s] -- Up-to-date symlink: /home/chaitanya/Documents/ACC_Development/Development/ros2/install/qcar2_interfaces/share/qcar2_interfaces/msg/BooleanLeds.idl
[2.851s] -- Up-to-date symlink: /home/chaitanya/Documents/ACC_Development/Development/ros2/install/qcar2_interfaces/share/qcar2_interfaces/msg/MotorCommands.msg
[2.851s] -- Up-to-date symlink: /home/chaitanya/Documents/ACC_Development/Development/ros2/install/qcar2_interfaces/share/qcar2_interfaces/msg/BooleanLeds.msg
[2.851s] -- Up-to-date symlink: /home/chaitanya/Documents/ACC_Development/Development/ros2/install/qcar2_interfaces/share/ament_index/resource_index/package_run_dependencies/qcar2_interfaces
[2.851s] -- Up-to-date symlink: /home/chaitanya/Documents/ACC_Development/Development/ros2/install/qcar2_interfaces/share/ament_index/resource_index/parent_prefix_path/qcar2_interfaces
[2.852s] -- Up-to-date symlink: /home/chaitanya/Documents/ACC_Development/Development/ros2/install/qcar2_interfaces/share/qcar2_interfaces/environment/ament_prefix_path.sh
[2.852s] -- Up-to-date symlink: /home/chaitanya/Documents/ACC_Development/Development/ros2/install/qcar2_interfaces/share/qcar2_interfaces/environment/ament_prefix_path.dsv
[2.852s] -- Up-to-date symlink: /home/chaitanya/Documents/ACC_Development/Development/ros2/install/qcar2_interfaces/share/qcar2_interfaces/environment/path.sh
[2.852s] -- Up-to-date symlink: /home/chaitanya/Documents/ACC_Development/Development/ros2/install/qcar2_interfaces/share/qcar2_interfaces/environment/path.dsv
[2.852s] -- Up-to-date symlink: /home/chaitanya/Documents/ACC_Development/Development/ros2/install/qcar2_interfaces/share/qcar2_interfaces/local_setup.bash
[2.853s] -- Up-to-date symlink: /home/chaitanya/Documents/ACC_Development/Development/ros2/install/qcar2_interfaces/share/qcar2_interfaces/local_setup.sh
[2.853s] -- Up-to-date symlink: /home/chaitanya/Documents/ACC_Development/Development/ros2/install/qcar2_interfaces/share/qcar2_interfaces/local_setup.zsh
[2.853s] -- Up-to-date symlink: /home/chaitanya/Documents/ACC_Development/Development/ros2/install/qcar2_interfaces/share/qcar2_interfaces/local_setup.dsv
[2.853s] -- Symlinking: /home/chaitanya/Documents/ACC_Development/Development/ros2/install/qcar2_interfaces/share/qcar2_interfaces/package.dsv
[2.875s] -- Up-to-date symlink: /home/chaitanya/Documents/ACC_Development/Development/ros2/install/qcar2_interfaces/share/ament_index/resource_index/packages/qcar2_interfaces
[2.875s] -- Up-to-date symlink: /home/chaitanya/Documents/ACC_Development/Development/ros2/install/qcar2_interfaces/share/qcar2_interfaces/cmake/rosidl_cmake-extras.cmake
[2.875s] -- Up-to-date symlink: /home/chaitanya/Documents/ACC_Development/Development/ros2/install/qcar2_interfaces/share/qcar2_interfaces/cmake/ament_cmake_export_include_directories-extras.cmake
[2.875s] -- Up-to-date symlink: /home/chaitanya/Documents/ACC_Development/Development/ros2/install/qcar2_interfaces/share/qcar2_interfaces/cmake/ament_cmake_export_libraries-extras.cmake
[2.876s] -- Up-to-date symlink: /home/chaitanya/Documents/ACC_Development/Development/ros2/install/qcar2_interfaces/share/qcar2_interfaces/cmake/ament_cmake_export_targets-extras.cmake
[2.876s] -- Up-to-date symlink: /home/chaitanya/Documents/ACC_Development/Development/ros2/install/qcar2_interfaces/share/qcar2_interfaces/cmake/rosidl_cmake_export_typesupport_targets-extras.cmake
[2.876s] -- Up-to-date symlink: /home/chaitanya/Documents/ACC_Development/Development/ros2/install/qcar2_interfaces/share/qcar2_interfaces/cmake/ament_cmake_export_dependencies-extras.cmake
[2.876s] -- Up-to-date symlink: /home/chaitanya/Documents/ACC_Development/Development/ros2/install/qcar2_interfaces/share/qcar2_interfaces/cmake/rosidl_cmake_export_typesupport_libraries-extras.cmake
[2.876s] -- Up-to-date symlink: /home/chaitanya/Documents/ACC_Development/Development/ros2/install/qcar2_interfaces/share/qcar2_interfaces/cmake/qcar2_interfacesConfig.cmake
[2.876s] -- Up-to-date symlink: /home/chaitanya/Documents/ACC_Development/Development/ros2/install/qcar2_interfaces/share/qcar2_interfaces/cmake/qcar2_interfacesConfig-version.cmake
[2.876s] -- Up-to-date symlink: /home/chaitanya/Documents/ACC_Development/Development/ros2/install/qcar2_interfaces/share/qcar2_interfaces/package.xml
[2.877s] -- Up-to-date: /home/chaitanya/Documents/ACC_Development/Development/ros2/install/qcar2_interfaces/lib/libqcar2_interfaces__rosidl_generator_c.so
[2.877s] -- Up-to-date: /home/chaitanya/Documents/ACC_Development/Development/ros2/install/qcar2_interfaces/lib/libqcar2_interfaces__rosidl_typesupport_fastrtps_c.so
[2.878s] -- Up-to-date: /home/chaitanya/Documents/ACC_Development/Development/ros2/install/qcar2_interfaces/lib/libqcar2_interfaces__rosidl_typesupport_introspection_c.so
[2.878s] -- Up-to-date: /home/chaitanya/Documents/ACC_Development/Development/ros2/install/qcar2_interfaces/lib/libqcar2_interfaces__rosidl_typesupport_c.so
[2.878s] -- Up-to-date: /home/chaitanya/Documents/ACC_Development/Development/ros2/install/qcar2_interfaces/lib/libqcar2_interfaces__rosidl_typesupport_fastrtps_cpp.so
[2.879s] -- Up-to-date: /home/chaitanya/Documents/ACC_Development/Development/ros2/install/qcar2_interfaces/lib/libqcar2_interfaces__rosidl_typesupport_introspection_cpp.so
[2.879s] -- Up-to-date: /home/chaitanya/Documents/ACC_Development/Development/ros2/install/qcar2_interfaces/lib/libqcar2_interfaces__rosidl_typesupport_cpp.so
[2.960s] Listing '/home/chaitanya/Documents/ACC_Development/Development/ros2/install/qcar2_interfaces/lib/python3.12/site-packages/qcar2_interfaces'...
[2.960s] Compiling '/home/chaitanya/Documents/ACC_Development/Development/ros2/install/qcar2_interfaces/lib/python3.12/site-packages/qcar2_interfaces/__init__.py'...
[2.960s] Listing '/home/chaitanya/Documents/ACC_Development/Development/ros2/install/qcar2_interfaces/lib/python3.12/site-packages/qcar2_interfaces/msg'...
[2.979s] -- Installing: /home/chaitanya/Documents/ACC_Development/Development/ros2/install/qcar2_interfaces/lib/libqcar2_interfaces__rosidl_generator_py.so
[2.980s] -- Set non-toolchain portion of runtime path of "/home/chaitanya/Documents/ACC_Development/Development/ros2/install/qcar2_interfaces/lib/libqcar2_interfaces__rosidl_generator_py.so" to ""
[2.980s] -- Up-to-date: /home/chaitanya/Documents/ACC_Development/Development/ros2/install/qcar2_interfaces/share/qcar2_interfaces/cmake/export_qcar2_interfaces__rosidl_generator_cExport.cmake
[2.981s] -- Up-to-date: /home/chaitanya/Documents/ACC_Development/Development/ros2/install/qcar2_interfaces/share/qcar2_interfaces/cmake/export_qcar2_interfaces__rosidl_generator_cExport-noconfig.cmake
[2.981s] -- Up-to-date: /home/chaitanya/Documents/ACC_Development/Development/ros2/install/qcar2_interfaces/share/qcar2_interfaces/cmake/export_qcar2_interfaces__rosidl_typesupport_fastrtps_cExport.cmake
[2.982s] -- Up-to-date: /home/chaitanya/Documents/ACC_Development/Development/ros2/install/qcar2_interfaces/share/qcar2_interfaces/cmake/export_qcar2_interfaces__rosidl_typesupport_fastrtps_cExport-noconfig.cmake
[2.982s] -- Up-to-date: /home/chaitanya/Documents/ACC_Development/Development/ros2/install/qcar2_interfaces/share/qcar2_interfaces/cmake/qcar2_interfaces__rosidl_typesupport_introspection_cExport.cmake
[2.982s] -- Up-to-date: /home/chaitanya/Documents/ACC_Development/Development/ros2/install/qcar2_interfaces/share/qcar2_interfaces/cmake/qcar2_interfaces__rosidl_typesupport_introspection_cExport-noconfig.cmake
[2.982s] -- Up-to-date: /home/chaitanya/Documents/ACC_Development/Development/ros2/install/qcar2_interfaces/share/qcar2_interfaces/cmake/qcar2_interfaces__rosidl_typesupport_cExport.cmake
[2.982s] -- Up-to-date: /home/chaitanya/Documents/ACC_Development/Development/ros2/install/qcar2_interfaces/share/qcar2_interfaces/cmake/qcar2_interfaces__rosidl_typesupport_cExport-noconfig.cmake
[2.982s] -- Up-to-date: /home/chaitanya/Documents/ACC_Development/Development/ros2/install/qcar2_interfaces/share/qcar2_interfaces/cmake/export_qcar2_interfaces__rosidl_generator_cppExport.cmake
[2.982s] -- Up-to-date: /home/chaitanya/Documents/ACC_Development/Development/ros2/install/qcar2_interfaces/share/qcar2_interfaces/cmake/export_qcar2_interfaces__rosidl_typesupport_fastrtps_cppExport.cmake
[2.982s] -- Up-to-date: /home/chaitanya/Documents/ACC_Development/Development/ros2/install/qcar2_interfaces/share/qcar2_interfaces/cmake/export_qcar2_interfaces__rosidl_typesupport_fastrtps_cppExport-noconfig.cmake
[2.983s] -- Up-to-date: /home/chaitanya/Documents/ACC_Development/Development/ros2/install/qcar2_interfaces/share/qcar2_interfaces/cmake/qcar2_interfaces__rosidl_typesupport_introspection_cppExport.cmake
[2.983s] -- Up-to-date: /home/chaitanya/Documents/ACC_Development/Development/ros2/install/qcar2_interfaces/share/qcar2_interfaces/cmake/qcar2_interfaces__rosidl_typesupport_introspection_cppExport-noconfig.cmake
[2.983s] -- Up-to-date: /home/chaitanya/Documents/ACC_Development/Development/ros2/install/qcar2_interfaces/share/qcar2_interfaces/cmake/qcar2_interfaces__rosidl_typesupport_cppExport.cmake
[2.983s] -- Up-to-date: /home/chaitanya/Documents/ACC_Development/Development/ros2/install/qcar2_interfaces/share/qcar2_interfaces/cmake/qcar2_interfaces__rosidl_typesupport_cppExport-noconfig.cmake
[2.983s] -- Up-to-date: /home/chaitanya/Documents/ACC_Development/Development/ros2/install/qcar2_interfaces/share/qcar2_interfaces/cmake/export_qcar2_interfaces__rosidl_generator_pyExport.cmake
[2.983s] -- Up-to-date: /home/chaitanya/Documents/ACC_Development/Development/ros2/install/qcar2_interfaces/share/qcar2_interfaces/cmake/export_qcar2_interfaces__rosidl_generator_pyExport-noconfig.cmake
[2.987s] Invoked command in '/home/chaitanya/Documents/ACC_Development/Development/ros2/build/qcar2_interfaces' returned '0': CMAKE_PREFIX_PATH=${CMAKE_PREFIX_PATH}:/home/chaitanya/Documents/ACC_Development/Development/ros2/install/qcar2_autonomy:/opt/ros/jazzy DEBUGINFOD_URLS=https://debuginfod.ubuntu.com /usr/bin/cmake --install /home/chaitanya/Documents/ACC_Development/Development/ros2/build/qcar2_interfaces
