-- Found ament_cmake: 2.5.5 (/opt/ros/jazzy/share/ament_cmake/cmake)
-- Override CMake install command with custom implementation using symlinks instead of copying resources
-- Found cv_bridge: 4.1.0 (/opt/ros/jazzy/share/cv_bridge/cmake)
-- Found rosidl_generator_c: 4.6.7 (/opt/ros/jazzy/share/rosidl_generator_c/cmake)
-- Found rosidl_generator_cpp: 4.6.7 (/opt/ros/jazzy/share/rosidl_generator_cpp/cmake)
-- Using all available rosidl_typesupport_c: rosidl_typesupport_fastrtps_c;rosidl_typesupport_introspection_c
-- Using all available rosidl_typesupport_cpp: rosidl_typesupport_fastrtps_cpp;rosidl_typesupport_introspection_cpp
-- Found rmw_implementation_cmake: 7.3.3 (/opt/ros/jazzy/share/rmw_implementation_cmake/cmake)
-- Found rmw_fastrtps_cpp: 8.4.3 (/opt/ros/jazzy/share/rmw_fastrtps_cpp/cmake)
-- Using RMW implementation 'rmw_fastrtps_cpp' as default
-- Found image_transport: 5.1.7 (/opt/ros/jazzy/share/image_transport/cmake)
-- Found rclpy: 7.1.9 (/opt/ros/jazzy/share/rclpy/cmake)
-- Found nav_msgs: 5.3.6 (/opt/ros/jazzy/share/nav_msgs/cmake)
-- Found action_msgs: 2.0.3 (/opt/ros/jazzy/share/action_msgs/cmake)
-- Found control_msgs: 5.7.0 (/opt/ros/jazzy/share/control_msgs/cmake)
-- Found qcar2_interfaces: 0.0.0 (/home/chaitanya/Documents/ACC_Development/Development/ros2/install/qcar2_interfaces/share/qcar2_interfaces/cmake)
-- Found tf2_ros: 0.36.19 (/opt/ros/jazzy/share/tf2_ros/cmake)
-- Found ament_lint_auto: 0.17.4 (/opt/ros/jazzy/share/ament_lint_auto/cmake)
-- Added test 'cppcheck' to perform static code analysis on C / C++ code
-- Configured cppcheck include dirs: 
-- Configured cppcheck exclude dirs and/or files: 
-- Added test 'flake8' to check Python code syntax and style conventions
-- Configured 'flake8' exclude dirs and/or files: 
-- Added test 'lint_cmake' to check CMake code style
-- Added test 'pep257' to check Python code against some of the docstring style conventions in PEP 257
-- Added test 'uncrustify' to check C / C++ code style
-- Configured uncrustify additional arguments: 
-- Added test 'xmllint' to check XML markup files
-- Configuring done (1.5s)
-- Generating done (0.1s)
-- Build files have been written to: /home/chaitanya/Documents/ACC_Development/Development/ros2/build/qcar2_nodes
[ 31%] [32m[1mLinking CXX executable command[0m
[ 31%] Built target fixed_lidar_frame
[ 31%] [32m[1mLinking CXX executable qcar2_hardware[0m
[ 37%] Built target lidar
[ 50%] Built target csi
[ 62%] Built target fixed_lidar_frame_virtual
[ 75%] Built target rgbd
[ 81%] [32m[1mLinking CXX executable nav2_qcar2_converter[0m
[ 87%] Built target command
[ 93%] Built target nav2_qcar2_converter
[100%] Built target qcar2_hardware
-- Install configuration: ""
-- Execute custom install script
-- Up-to-date symlink: /home/chaitanya/Documents/ACC_Development/Development/ros2/install/qcar2_nodes/lib/qcar2_nodes/qcar2_hardware
-- Up-to-date symlink: /home/chaitanya/Documents/ACC_Development/Development/ros2/install/qcar2_nodes/lib/qcar2_nodes/rgbd
-- Up-to-date symlink: /home/chaitanya/Documents/ACC_Development/Development/ros2/install/qcar2_nodes/lib/qcar2_nodes/lidar
-- Up-to-date symlink: /home/chaitanya/Documents/ACC_Development/Development/ros2/install/qcar2_nodes/lib/qcar2_nodes/csi
-- Up-to-date symlink: /home/chaitanya/Documents/ACC_Development/Development/ros2/install/qcar2_nodes/lib/qcar2_nodes/command
-- Up-to-date symlink: /home/chaitanya/Documents/ACC_Development/Development/ros2/install/qcar2_nodes/lib/qcar2_nodes/nav2_qcar2_converter
-- Up-to-date symlink: /home/chaitanya/Documents/ACC_Development/Development/ros2/install/qcar2_nodes/lib/qcar2_nodes/fixed_lidar_frame
-- Up-to-date symlink: /home/chaitanya/Documents/ACC_Development/Development/ros2/install/qcar2_nodes/lib/qcar2_nodes/fixed_lidar_frame_virtual
-- Up-to-date symlink: /home/chaitanya/Documents/ACC_Development/Development/ros2/install/qcar2_nodes/share/qcar2_nodes//launch/qcar2_cartographer_launch.py
-- Up-to-date symlink: /home/chaitanya/Documents/ACC_Development/Development/ros2/install/qcar2_nodes/share/qcar2_nodes//launch/qcar2_cartographer_virtual_launch.py
-- Up-to-date symlink: /home/chaitanya/Documents/ACC_Development/Development/ros2/install/qcar2_nodes/share/qcar2_nodes//launch/qcar2_launch.py
-- Up-to-date symlink: /home/chaitanya/Documents/ACC_Development/Development/ros2/install/qcar2_nodes/share/qcar2_nodes//launch/qcar2_manual_cartographer_launch.py
-- Up-to-date symlink: /home/chaitanya/Documents/ACC_Development/Development/ros2/install/qcar2_nodes/share/qcar2_nodes//launch/qcar2_manual_drive_launch.py
-- Up-to-date symlink: /home/chaitanya/Documents/ACC_Development/Development/ros2/install/qcar2_nodes/share/qcar2_nodes//launch/qcar2_slam_and_nav_bringup_launch.py
-- Up-to-date symlink: /home/chaitanya/Documents/ACC_Development/Development/ros2/install/qcar2_nodes/share/qcar2_nodes//launch/qcar2_slam_and_nav_bringup_virtual_launch.py
-- Up-to-date symlink: /home/chaitanya/Documents/ACC_Development/Development/ros2/install/qcar2_nodes/share/qcar2_nodes//launch/qcar2_virtual_launch.py
-- Up-to-date symlink: /home/chaitanya/Documents/ACC_Development/Development/ros2/install/qcar2_nodes/share/qcar2_nodes//rt_models/dummy_model
-- Up-to-date symlink: /home/chaitanya/Documents/ACC_Development/Development/ros2/install/qcar2_nodes/share/qcar2_nodes//config/qcar2_2d.lua
-- Up-to-date symlink: /home/chaitanya/Documents/ACC_Development/Development/ros2/install/qcar2_nodes/share/qcar2_nodes//config/qcar2_slam_and_nav.yaml
-- Up-to-date symlink: /home/chaitanya/Documents/ACC_Development/Development/ros2/install/qcar2_nodes/share/qcar2_nodes//config/qcar2_slam_and_nav_virtual.yaml
-- Up-to-date symlink: /home/chaitanya/Documents/ACC_Development/Development/ros2/install/qcar2_nodes/share/ament_index/resource_index/package_run_dependencies/qcar2_nodes
-- Up-to-date symlink: /home/chaitanya/Documents/ACC_Development/Development/ros2/install/qcar2_nodes/share/ament_index/resource_index/parent_prefix_path/qcar2_nodes
-- Up-to-date symlink: /home/chaitanya/Documents/ACC_Development/Development/ros2/install/qcar2_nodes/share/qcar2_nodes/environment/ament_prefix_path.sh
-- Up-to-date symlink: /home/chaitanya/Documents/ACC_Development/Development/ros2/install/qcar2_nodes/share/qcar2_nodes/environment/ament_prefix_path.dsv
-- Up-to-date symlink: /home/chaitanya/Documents/ACC_Development/Development/ros2/install/qcar2_nodes/share/qcar2_nodes/environment/path.sh
-- Up-to-date symlink: /home/chaitanya/Documents/ACC_Development/Development/ros2/install/qcar2_nodes/share/qcar2_nodes/environment/path.dsv
-- Up-to-date symlink: /home/chaitanya/Documents/ACC_Development/Development/ros2/install/qcar2_nodes/share/qcar2_nodes/local_setup.bash
-- Up-to-date symlink: /home/chaitanya/Documents/ACC_Development/Development/ros2/install/qcar2_nodes/share/qcar2_nodes/local_setup.sh
-- Up-to-date symlink: /home/chaitanya/Documents/ACC_Development/Development/ros2/install/qcar2_nodes/share/qcar2_nodes/local_setup.zsh
-- Up-to-date symlink: /home/chaitanya/Documents/ACC_Development/Development/ros2/install/qcar2_nodes/share/qcar2_nodes/local_setup.dsv
-- Symlinking: /home/chaitanya/Documents/ACC_Development/Development/ros2/install/qcar2_nodes/share/qcar2_nodes/package.dsv
-- Up-to-date symlink: /home/chaitanya/Documents/ACC_Development/Development/ros2/install/qcar2_nodes/share/ament_index/resource_index/packages/qcar2_nodes
-- Up-to-date symlink: /home/chaitanya/Documents/ACC_Development/Development/ros2/install/qcar2_nodes/share/qcar2_nodes/cmake/qcar2_nodesConfig.cmake
-- Up-to-date symlink: /home/chaitanya/Documents/ACC_Development/Development/ros2/install/qcar2_nodes/share/qcar2_nodes/cmake/qcar2_nodesConfig-version.cmake
-- Up-to-date symlink: /home/chaitanya/Documents/ACC_Development/Development/ros2/install/qcar2_nodes/share/qcar2_nodes/package.xml
