[0.058s] Invoking command in '/home/chaitanya/Documents/ACC_Development/Development/ros2/build/qcar2_interfaces': CMAKE_PREFIX_PATH=${CMAKE_PREFIX_PATH}:/opt/ros/jazzy DEBUGINFOD_URLS=https://debuginfod.ubuntu.com /usr/bin/cmake /home/chaitanya/Documents/ACC_Development/Development/ros2/src/qcar2_interfaces -DAMENT_CMAKE_SYMLINK_INSTALL=1 -DCMAKE_INSTALL_PREFIX=/home/chaitanya/Documents/ACC_Development/Development/ros2/install/qcar2_interfaces
[0.113s] -- The C compiler identification is GNU 13.3.0
[0.163s] -- The CXX compiler identification is GNU 13.3.0
[0.179s] -- Detecting C compiler ABI info
[0.263s] -- Detecting C compiler ABI info - done
[0.271s] -- Check for working C compiler: /usr/bin/cc - skipped
[0.271s] -- Detecting C compile features
[0.272s] -- Detecting C compile features - done
[0.281s] -- Detecting CXX compiler ABI info
[0.376s] -- Detecting CXX compiler ABI info - done
[0.384s] -- Check for working CXX compiler: /usr/bin/c++ - skipped
[0.384s] -- Detecting CXX compile features
[0.384s] -- Detecting CXX compile features - done
[0.387s] -- Found ament_cmake: 2.5.5 (/opt/ros/jazzy/share/ament_cmake/cmake)
[0.518s] -- Found Python3: /usr/bin/python3 (found version "3.12.3") found components: Interpreter 
[0.585s] -- Override CMake install command with custom implementation using symlinks instead of copying resources
[0.611s] -- Found rosidl_default_generators: 1.6.0 (/opt/ros/jazzy/share/rosidl_default_generators/cmake)
[0.615s] -- Using all available rosidl_typesupport_c: rosidl_typesupport_fastrtps_c;rosidl_typesupport_introspection_c
[0.659s] -- Using all available rosidl_typesupport_cpp: rosidl_typesupport_fastrtps_cpp;rosidl_typesupport_introspection_cpp
[0.695s] -- Found rosidl_adapter: 4.6.7 (/opt/ros/jazzy/share/rosidl_adapter/cmake)
[1.222s] -- Found ament_cmake_ros: 0.12.0 (/opt/ros/jazzy/share/ament_cmake_ros/cmake)
[1.612s] -- Using all available rosidl_typesupport_c: rosidl_typesupport_fastrtps_c;rosidl_typesupport_introspection_c
[2.112s] -- Using all available rosidl_typesupport_cpp: rosidl_typesupport_fastrtps_cpp;rosidl_typesupport_introspection_cpp
[2.114s] -- Found python_cmake_module: 0.11.1 (/opt/ros/jazzy/share/python_cmake_module/cmake)
[2.237s] -- Found PythonExtra: /usr/bin/python3  
[2.641s] -- Found Python3: /usr/bin/python3 (found version "3.12.3") found components: Interpreter Development NumPy Development.Module Development.Embed 
[2.671s] -- Found ament_lint_auto: 0.17.4 (/opt/ros/jazzy/share/ament_lint_auto/cmake)
[2.690s] -- Added test 'lint_cmake' to check CMake code style
[2.691s] -- Added test 'xmllint' to check XML markup files
[2.695s] -- Configuring done (2.6s)
[2.731s] -- Generating done (0.0s)
[2.734s] -- Build files have been written to: /home/chaitanya/Documents/ACC_Development/Development/ros2/build/qcar2_interfaces
[2.743s] Invoked command in '/home/chaitanya/Documents/ACC_Development/Development/ros2/build/qcar2_interfaces' returned '0': CMAKE_PREFIX_PATH=${CMAKE_PREFIX_PATH}:/opt/ros/jazzy DEBUGINFOD_URLS=https://debuginfod.ubuntu.com /usr/bin/cmake /home/chaitanya/Documents/ACC_Development/Development/ros2/src/qcar2_interfaces -DAMENT_CMAKE_SYMLINK_INSTALL=1 -DCMAKE_INSTALL_PREFIX=/home/chaitanya/Documents/ACC_Development/Development/ros2/install/qcar2_interfaces
[2.744s] Invoking command in '/home/chaitanya/Documents/ACC_Development/Development/ros2/build/qcar2_interfaces': CMAKE_PREFIX_PATH=${CMAKE_PREFIX_PATH}:/opt/ros/jazzy DEBUGINFOD_URLS=https://debuginfod.ubuntu.com /usr/bin/cmake --build /home/chaitanya/Documents/ACC_Development/Development/ros2/build/qcar2_interfaces -- -j16 -l16
[2.793s] [  2%] [34m[1mGenerating type hashes for ROS interfaces[0m
[2.802s] [  2%] Built target ament_cmake_python_symlink_qcar2_interfaces
[3.000s] running egg_info
[3.001s] creating qcar2_interfaces.egg-info
[3.019s] writing qcar2_interfaces.egg-info/PKG-INFO
[3.019s] writing dependency_links to qcar2_interfaces.egg-info/dependency_links.txt
[3.019s] writing top-level names to qcar2_interfaces.egg-info/top_level.txt
[3.019s] writing manifest file 'qcar2_interfaces.egg-info/SOURCES.txt'
[3.057s] [  2%] Built target qcar2_interfaces__rosidl_generator_type_description
[3.069s] [  4%] [34m[1mGenerating C code for ROS interfaces[0m
[3.075s] reading manifest file 'qcar2_interfaces.egg-info/SOURCES.txt'
[3.075s] writing manifest file 'qcar2_interfaces.egg-info/SOURCES.txt'
[3.081s] [  6%] [34m[1mGenerating C++ code for ROS interfaces[0m
[3.124s] [  6%] Built target ament_cmake_python_build_qcar2_interfaces_egg
[3.382s] [  6%] Built target qcar2_interfaces__cpp
[3.435s] [ 18%] [32mBuilding C object CMakeFiles/qcar2_interfaces__rosidl_generator_c.dir/rosidl_generator_c/qcar2_interfaces/msg/detail/boolean_leds__functions.c.o[0m
[3.435s] [ 18%] [32mBuilding C object CMakeFiles/qcar2_interfaces__rosidl_generator_c.dir/rosidl_generator_c/qcar2_interfaces/msg/detail/motor_commands__description.c.o[0m
[3.435s] [ 18%] [32mBuilding C object CMakeFiles/qcar2_interfaces__rosidl_generator_c.dir/rosidl_generator_c/qcar2_interfaces/msg/detail/motor_commands__functions.c.o[0m
[3.435s] [ 18%] [32mBuilding C object CMakeFiles/qcar2_interfaces__rosidl_generator_c.dir/rosidl_generator_c/qcar2_interfaces/msg/detail/boolean_leds__type_support.c.o[0m
[3.435s] [ 20%] [32mBuilding C object CMakeFiles/qcar2_interfaces__rosidl_generator_c.dir/rosidl_generator_c/qcar2_interfaces/msg/detail/motor_commands__type_support.c.o[0m
[3.435s] [ 20%] [32mBuilding C object CMakeFiles/qcar2_interfaces__rosidl_generator_c.dir/rosidl_generator_c/qcar2_interfaces/msg/detail/boolean_leds__description.c.o[0m
[3.498s] [ 22%] [32m[1mLinking C shared library libqcar2_interfaces__rosidl_generator_c.so[0m
[3.537s] [ 22%] Built target qcar2_interfaces__rosidl_generator_c
[3.549s] [ 36%] [34m[1mGenerating C type support for eProsima Fast-RTPS[0m
[3.549s] [ 36%] [34m[1mGenerating C type support dispatch for ROS interfaces[0m
[3.549s] [ 36%] [34m[1mGenerating C++ introspection for ROS interfaces[0m
[3.550s] [ 36%] [34m[1mGenerating C++ type support dispatch for ROS interfaces[0m
[3.550s] [ 36%] [34m[1mGenerating C introspection for ROS interfaces[0m
[3.550s] [ 36%] [34m[1mGenerating C++ type support for eProsima Fast-RTPS[0m
[3.890s] [ 40%] [32mBuilding CXX object CMakeFiles/qcar2_interfaces__rosidl_typesupport_cpp.dir/rosidl_typesupport_cpp/qcar2_interfaces/msg/motor_commands__type_support.cpp.o[0m
[3.890s] [ 40%] [32mBuilding CXX object CMakeFiles/qcar2_interfaces__rosidl_typesupport_cpp.dir/rosidl_typesupport_cpp/qcar2_interfaces/msg/boolean_leds__type_support.cpp.o[0m
[3.937s] [ 43%] [32mBuilding CXX object CMakeFiles/qcar2_interfaces__rosidl_typesupport_c.dir/rosidl_typesupport_c/qcar2_interfaces/msg/motor_commands__type_support.cpp.o[0m
[3.937s] [ 45%] [32mBuilding CXX object CMakeFiles/qcar2_interfaces__rosidl_typesupport_c.dir/rosidl_typesupport_c/qcar2_interfaces/msg/boolean_leds__type_support.cpp.o[0m
[3.951s] [ 47%] [32mBuilding CXX object CMakeFiles/qcar2_interfaces__rosidl_typesupport_introspection_cpp.dir/rosidl_typesupport_introspection_cpp/qcar2_interfaces/msg/detail/boolean_leds__type_support.cpp.o[0m
[3.952s] [ 52%] [32mBuilding C object CMakeFiles/qcar2_interfaces__rosidl_typesupport_introspection_c.dir/rosidl_typesupport_introspection_c/qcar2_interfaces/msg/detail/boolean_leds__type_support.c.o[0m
[3.953s] [ 52%] [32mBuilding C object CMakeFiles/qcar2_interfaces__rosidl_typesupport_introspection_c.dir/rosidl_typesupport_introspection_c/qcar2_interfaces/msg/detail/motor_commands__type_support.c.o[0m
[3.954s] [ 54%] [32mBuilding CXX object CMakeFiles/qcar2_interfaces__rosidl_typesupport_introspection_cpp.dir/rosidl_typesupport_introspection_cpp/qcar2_interfaces/msg/detail/motor_commands__type_support.cpp.o[0m
[3.991s] [ 56%] [32mBuilding CXX object CMakeFiles/qcar2_interfaces__rosidl_typesupport_fastrtps_cpp.dir/rosidl_typesupport_fastrtps_cpp/qcar2_interfaces/msg/detail/dds_fastrtps/boolean_leds__type_support.cpp.o[0m
[3.992s] [ 59%] [32mBuilding CXX object CMakeFiles/qcar2_interfaces__rosidl_typesupport_fastrtps_cpp.dir/rosidl_typesupport_fastrtps_cpp/qcar2_interfaces/msg/detail/dds_fastrtps/motor_commands__type_support.cpp.o[0m
[4.002s] [ 61%] [32m[1mLinking CXX shared library libqcar2_interfaces__rosidl_typesupport_c.so[0m
[4.025s] [ 63%] [32m[1mLinking C shared library libqcar2_interfaces__rosidl_typesupport_introspection_c.so[0m
[4.061s] [ 65%] [32mBuilding CXX object CMakeFiles/qcar2_interfaces__rosidl_typesupport_fastrtps_c.dir/rosidl_typesupport_fastrtps_c/qcar2_interfaces/msg/detail/boolean_leds__type_support_c.cpp.o[0m
[4.069s] [ 68%] [32mBuilding CXX object CMakeFiles/qcar2_interfaces__rosidl_typesupport_fastrtps_c.dir/rosidl_typesupport_fastrtps_c/qcar2_interfaces/msg/detail/motor_commands__type_support_c.cpp.o[0m
[4.074s] [ 68%] Built target qcar2_interfaces__rosidl_typesupport_c
[4.083s] [ 68%] Built target qcar2_interfaces__rosidl_typesupport_introspection_c
[4.305s] [ 70%] [32m[1mLinking CXX shared library libqcar2_interfaces__rosidl_typesupport_cpp.so[0m
[4.371s] [ 70%] Built target qcar2_interfaces__rosidl_typesupport_cpp
[4.454s] [ 72%] [32m[1mLinking CXX shared library libqcar2_interfaces__rosidl_typesupport_introspection_cpp.so[0m
[4.574s] [ 72%] Built target qcar2_interfaces__rosidl_typesupport_introspection_cpp
[4.638s] [ 75%] [32m[1mLinking CXX shared library libqcar2_interfaces__rosidl_typesupport_fastrtps_c.so[0m
[4.654s] [ 77%] [32m[1mLinking CXX shared library libqcar2_interfaces__rosidl_typesupport_fastrtps_cpp.so[0m
[4.730s] [ 77%] Built target qcar2_interfaces__rosidl_typesupport_fastrtps_c
[4.750s] [ 77%] Built target qcar2_interfaces__rosidl_typesupport_fastrtps_cpp
[4.772s] [ 77%] Built target qcar2_interfaces
[4.793s] [ 79%] [34m[1mGenerating Python code for ROS interfaces[0m
[5.206s] [ 79%] Built target qcar2_interfaces__py
[5.229s] [ 84%] [32mBuilding C object CMakeFiles/qcar2_interfaces__rosidl_generator_py.dir/rosidl_generator_py/qcar2_interfaces/msg/_boolean_leds_s.c.o[0m
[5.229s] [ 84%] [32mBuilding C object CMakeFiles/qcar2_interfaces__rosidl_generator_py.dir/rosidl_generator_py/qcar2_interfaces/msg/_motor_commands_s.c.o[0m
[5.350s] [ 86%] [32m[1mLinking C shared library libqcar2_interfaces__rosidl_generator_py.so[0m
[5.389s] [ 86%] Built target qcar2_interfaces__rosidl_generator_py
[5.411s] [ 93%] [32mBuilding C object CMakeFiles/qcar2_interfaces_s__rosidl_typesupport_fastrtps_c.dir/rosidl_generator_py/qcar2_interfaces/_qcar2_interfaces_s.ep.rosidl_typesupport_fastrtps_c.c.o[0m
[5.411s] [ 93%] [32mBuilding C object CMakeFiles/qcar2_interfaces_s__rosidl_typesupport_c.dir/rosidl_generator_py/qcar2_interfaces/_qcar2_interfaces_s.ep.rosidl_typesupport_c.c.o[0m
[5.411s] [ 93%] [32mBuilding C object CMakeFiles/qcar2_interfaces_s__rosidl_typesupport_introspection_c.dir/rosidl_generator_py/qcar2_interfaces/_qcar2_interfaces_s.ep.rosidl_typesupport_introspection_c.c.o[0m
[5.504s] [ 95%] [32m[1mLinking C shared module rosidl_generator_py/qcar2_interfaces/qcar2_interfaces_s__rosidl_typesupport_c.so[0m
[5.506s] [ 97%] [32m[1mLinking C shared module rosidl_generator_py/qcar2_interfaces/qcar2_interfaces_s__rosidl_typesupport_fastrtps_c.so[0m
[5.509s] [100%] [32m[1mLinking C shared module rosidl_generator_py/qcar2_interfaces/qcar2_interfaces_s__rosidl_typesupport_introspection_c.so[0m
[5.539s] [100%] Built target qcar2_interfaces_s__rosidl_typesupport_fastrtps_c
[5.540s] [100%] Built target qcar2_interfaces_s__rosidl_typesupport_introspection_c
[5.540s] [100%] Built target qcar2_interfaces_s__rosidl_typesupport_c
[5.552s] Invoked command in '/home/chaitanya/Documents/ACC_Development/Development/ros2/build/qcar2_interfaces' returned '0': CMAKE_PREFIX_PATH=${CMAKE_PREFIX_PATH}:/opt/ros/jazzy DEBUGINFOD_URLS=https://debuginfod.ubuntu.com /usr/bin/cmake --build /home/chaitanya/Documents/ACC_Development/Development/ros2/build/qcar2_interfaces -- -j16 -l16
[5.640s] Invoking command in '/home/chaitanya/Documents/ACC_Development/Development/ros2/build/qcar2_interfaces': CMAKE_PREFIX_PATH=${CMAKE_PREFIX_PATH}:/opt/ros/jazzy DEBUGINFOD_URLS=https://debuginfod.ubuntu.com /usr/bin/cmake --install /home/chaitanya/Documents/ACC_Development/Development/ros2/build/qcar2_interfaces
[5.647s] -- Install configuration: ""
[5.648s] -- Execute custom install script
[5.648s] -- Symlinking: /home/chaitanya/Documents/ACC_Development/Development/ros2/install/qcar2_interfaces/share/ament_index/resource_index/rosidl_interfaces/qcar2_interfaces
[5.657s] -- Symlinking: /home/chaitanya/Documents/ACC_Development/Development/ros2/install/qcar2_interfaces/share/qcar2_interfaces/msg/MotorCommands.json
[5.667s] -- Symlinking: /home/chaitanya/Documents/ACC_Development/Development/ros2/install/qcar2_interfaces/share/qcar2_interfaces/msg/BooleanLeds.json
[5.677s] -- Symlinking: /home/chaitanya/Documents/ACC_Development/Development/ros2/install/qcar2_interfaces/include/qcar2_interfaces/qcar2_interfaces/msg/boolean_leds.h
[5.689s] -- Symlinking: /home/chaitanya/Documents/ACC_Development/Development/ros2/install/qcar2_interfaces/include/qcar2_interfaces/qcar2_interfaces/msg/detail/boolean_leds__functions.h
[5.698s] -- Symlinking: /home/chaitanya/Documents/ACC_Development/Development/ros2/install/qcar2_interfaces/include/qcar2_interfaces/qcar2_interfaces/msg/detail/boolean_leds__struct.h
[5.709s] -- Symlinking: /home/chaitanya/Documents/ACC_Development/Development/ros2/install/qcar2_interfaces/include/qcar2_interfaces/qcar2_interfaces/msg/detail/boolean_leds__type_support.h
[5.718s] -- Symlinking: /home/chaitanya/Documents/ACC_Development/Development/ros2/install/qcar2_interfaces/include/qcar2_interfaces/qcar2_interfaces/msg/detail/motor_commands__functions.h
[5.729s] -- Symlinking: /home/chaitanya/Documents/ACC_Development/Development/ros2/install/qcar2_interfaces/include/qcar2_interfaces/qcar2_interfaces/msg/detail/motor_commands__struct.h
[5.738s] -- Symlinking: /home/chaitanya/Documents/ACC_Development/Development/ros2/install/qcar2_interfaces/include/qcar2_interfaces/qcar2_interfaces/msg/detail/motor_commands__type_support.h
[5.747s] -- Symlinking: /home/chaitanya/Documents/ACC_Development/Development/ros2/install/qcar2_interfaces/include/qcar2_interfaces/qcar2_interfaces/msg/motor_commands.h
[5.757s] -- Symlinking: /home/chaitanya/Documents/ACC_Development/Development/ros2/install/qcar2_interfaces/include/qcar2_interfaces/qcar2_interfaces/msg/rosidl_generator_c__visibility_control.h
[5.767s] -- Symlinking: /home/chaitanya/Documents/ACC_Development/Development/ros2/install/qcar2_interfaces/share/qcar2_interfaces/environment/library_path.sh
[5.776s] -- Symlinking: /home/chaitanya/Documents/ACC_Development/Development/ros2/install/qcar2_interfaces/share/qcar2_interfaces/environment/library_path.dsv
[5.786s] -- Symlinking: /home/chaitanya/Documents/ACC_Development/Development/ros2/install/qcar2_interfaces/include/qcar2_interfaces/qcar2_interfaces/msg/detail/boolean_leds__rosidl_typesupport_fastrtps_c.h
[5.796s] -- Symlinking: /home/chaitanya/Documents/ACC_Development/Development/ros2/install/qcar2_interfaces/include/qcar2_interfaces/qcar2_interfaces/msg/detail/motor_commands__rosidl_typesupport_fastrtps_c.h
[5.805s] -- Symlinking: /home/chaitanya/Documents/ACC_Development/Development/ros2/install/qcar2_interfaces/include/qcar2_interfaces/qcar2_interfaces/msg/rosidl_typesupport_fastrtps_c__visibility_control.h
[5.817s] -- Symlinking: /home/chaitanya/Documents/ACC_Development/Development/ros2/install/qcar2_interfaces/include/qcar2_interfaces/qcar2_interfaces/msg/detail/boolean_leds__rosidl_typesupport_introspection_c.h
[5.827s] -- Symlinking: /home/chaitanya/Documents/ACC_Development/Development/ros2/install/qcar2_interfaces/include/qcar2_interfaces/qcar2_interfaces/msg/detail/motor_commands__rosidl_typesupport_introspection_c.h
[5.837s] -- Symlinking: /home/chaitanya/Documents/ACC_Development/Development/ros2/install/qcar2_interfaces/include/qcar2_interfaces/qcar2_interfaces/msg/rosidl_typesupport_introspection_c__visibility_control.h
[5.848s] -- Symlinking: /home/chaitanya/Documents/ACC_Development/Development/ros2/install/qcar2_interfaces/include/qcar2_interfaces/qcar2_interfaces/msg/boolean_leds.hpp
[5.857s] -- Symlinking: /home/chaitanya/Documents/ACC_Development/Development/ros2/install/qcar2_interfaces/include/qcar2_interfaces/qcar2_interfaces/msg/detail/boolean_leds__builder.hpp
[5.866s] -- Symlinking: /home/chaitanya/Documents/ACC_Development/Development/ros2/install/qcar2_interfaces/include/qcar2_interfaces/qcar2_interfaces/msg/detail/boolean_leds__struct.hpp
[5.876s] -- Symlinking: /home/chaitanya/Documents/ACC_Development/Development/ros2/install/qcar2_interfaces/include/qcar2_interfaces/qcar2_interfaces/msg/detail/boolean_leds__traits.hpp
[5.886s] -- Symlinking: /home/chaitanya/Documents/ACC_Development/Development/ros2/install/qcar2_interfaces/include/qcar2_interfaces/qcar2_interfaces/msg/detail/boolean_leds__type_support.hpp
[5.895s] -- Symlinking: /home/chaitanya/Documents/ACC_Development/Development/ros2/install/qcar2_interfaces/include/qcar2_interfaces/qcar2_interfaces/msg/detail/motor_commands__builder.hpp
[5.905s] -- Symlinking: /home/chaitanya/Documents/ACC_Development/Development/ros2/install/qcar2_interfaces/include/qcar2_interfaces/qcar2_interfaces/msg/detail/motor_commands__struct.hpp
[5.916s] -- Symlinking: /home/chaitanya/Documents/ACC_Development/Development/ros2/install/qcar2_interfaces/include/qcar2_interfaces/qcar2_interfaces/msg/detail/motor_commands__traits.hpp
[5.927s] -- Symlinking: /home/chaitanya/Documents/ACC_Development/Development/ros2/install/qcar2_interfaces/include/qcar2_interfaces/qcar2_interfaces/msg/detail/motor_commands__type_support.hpp
[5.937s] -- Symlinking: /home/chaitanya/Documents/ACC_Development/Development/ros2/install/qcar2_interfaces/include/qcar2_interfaces/qcar2_interfaces/msg/motor_commands.hpp
[5.947s] -- Symlinking: /home/chaitanya/Documents/ACC_Development/Development/ros2/install/qcar2_interfaces/include/qcar2_interfaces/qcar2_interfaces/msg/rosidl_generator_cpp__visibility_control.hpp
[5.957s] -- Symlinking: /home/chaitanya/Documents/ACC_Development/Development/ros2/install/qcar2_interfaces/include/qcar2_interfaces/qcar2_interfaces/msg/detail/boolean_leds__rosidl_typesupport_fastrtps_cpp.hpp
[5.967s] -- Symlinking: /home/chaitanya/Documents/ACC_Development/Development/ros2/install/qcar2_interfaces/include/qcar2_interfaces/qcar2_interfaces/msg/detail/motor_commands__rosidl_typesupport_fastrtps_cpp.hpp
[5.977s] -- Symlinking: /home/chaitanya/Documents/ACC_Development/Development/ros2/install/qcar2_interfaces/include/qcar2_interfaces/qcar2_interfaces/msg/rosidl_typesupport_fastrtps_cpp__visibility_control.h
[5.987s] -- Symlinking: /home/chaitanya/Documents/ACC_Development/Development/ros2/install/qcar2_interfaces/include/qcar2_interfaces/qcar2_interfaces/msg/detail/boolean_leds__rosidl_typesupport_introspection_cpp.hpp
[5.996s] -- Symlinking: /home/chaitanya/Documents/ACC_Development/Development/ros2/install/qcar2_interfaces/include/qcar2_interfaces/qcar2_interfaces/msg/detail/motor_commands__rosidl_typesupport_introspection_cpp.hpp
[6.006s] -- Symlinking: /home/chaitanya/Documents/ACC_Development/Development/ros2/install/qcar2_interfaces/share/qcar2_interfaces/environment/pythonpath.sh
[6.016s] -- Symlinking: /home/chaitanya/Documents/ACC_Development/Development/ros2/install/qcar2_interfaces/share/qcar2_interfaces/environment/pythonpath.dsv
[6.027s] -- Symlinking: /home/chaitanya/Documents/ACC_Development/Development/ros2/install/qcar2_interfaces/lib/python3.12/site-packages/qcar2_interfaces-0.0.0-py3.12.egg-info/PKG-INFO
[6.037s] -- Symlinking: /home/chaitanya/Documents/ACC_Development/Development/ros2/install/qcar2_interfaces/lib/python3.12/site-packages/qcar2_interfaces-0.0.0-py3.12.egg-info/SOURCES.txt
[6.047s] -- Symlinking: /home/chaitanya/Documents/ACC_Development/Development/ros2/install/qcar2_interfaces/lib/python3.12/site-packages/qcar2_interfaces-0.0.0-py3.12.egg-info/dependency_links.txt
[6.056s] -- Symlinking: /home/chaitanya/Documents/ACC_Development/Development/ros2/install/qcar2_interfaces/lib/python3.12/site-packages/qcar2_interfaces-0.0.0-py3.12.egg-info/top_level.txt
[6.067s] -- Symlinking: /home/chaitanya/Documents/ACC_Development/Development/ros2/install/qcar2_interfaces/lib/python3.12/site-packages/qcar2_interfaces/__init__.py
[6.078s] -- Symlinking: /home/chaitanya/Documents/ACC_Development/Development/ros2/install/qcar2_interfaces/lib/python3.12/site-packages/qcar2_interfaces/_qcar2_interfaces_s.ep.rosidl_typesupport_c.c
[6.088s] -- Symlinking: /home/chaitanya/Documents/ACC_Development/Development/ros2/install/qcar2_interfaces/lib/python3.12/site-packages/qcar2_interfaces/_qcar2_interfaces_s.ep.rosidl_typesupport_fastrtps_c.c
[6.099s] -- Symlinking: /home/chaitanya/Documents/ACC_Development/Development/ros2/install/qcar2_interfaces/lib/python3.12/site-packages/qcar2_interfaces/_qcar2_interfaces_s.ep.rosidl_typesupport_introspection_c.c
[6.108s] -- Symlinking: /home/chaitanya/Documents/ACC_Development/Development/ros2/install/qcar2_interfaces/lib/python3.12/site-packages/qcar2_interfaces/msg/__init__.py
[6.120s] -- Symlinking: /home/chaitanya/Documents/ACC_Development/Development/ros2/install/qcar2_interfaces/lib/python3.12/site-packages/qcar2_interfaces/msg/_boolean_leds.py
[6.131s] -- Symlinking: /home/chaitanya/Documents/ACC_Development/Development/ros2/install/qcar2_interfaces/lib/python3.12/site-packages/qcar2_interfaces/msg/_boolean_leds_s.c
[6.141s] -- Symlinking: /home/chaitanya/Documents/ACC_Development/Development/ros2/install/qcar2_interfaces/lib/python3.12/site-packages/qcar2_interfaces/msg/_motor_commands.py
[6.151s] -- Symlinking: /home/chaitanya/Documents/ACC_Development/Development/ros2/install/qcar2_interfaces/lib/python3.12/site-packages/qcar2_interfaces/msg/_motor_commands_s.c
[6.161s] -- Symlinking: /home/chaitanya/Documents/ACC_Development/Development/ros2/install/qcar2_interfaces/lib/python3.12/site-packages/qcar2_interfaces/qcar2_interfaces_s__rosidl_typesupport_c.so
[6.171s] -- Symlinking: /home/chaitanya/Documents/ACC_Development/Development/ros2/install/qcar2_interfaces/lib/python3.12/site-packages/qcar2_interfaces/qcar2_interfaces_s__rosidl_typesupport_fastrtps_c.so
[6.181s] -- Symlinking: /home/chaitanya/Documents/ACC_Development/Development/ros2/install/qcar2_interfaces/lib/python3.12/site-packages/qcar2_interfaces/qcar2_interfaces_s__rosidl_typesupport_introspection_c.so
[6.191s] -- Up-to-date symlink: /home/chaitanya/Documents/ACC_Development/Development/ros2/install/qcar2_interfaces/lib/python3.12/site-packages/qcar2_interfaces/qcar2_interfaces_s__rosidl_typesupport_fastrtps_c.so
[6.191s] -- Up-to-date symlink: /home/chaitanya/Documents/ACC_Development/Development/ros2/install/qcar2_interfaces/lib/python3.12/site-packages/qcar2_interfaces/qcar2_interfaces_s__rosidl_typesupport_introspection_c.so
[6.192s] -- Up-to-date symlink: /home/chaitanya/Documents/ACC_Development/Development/ros2/install/qcar2_interfaces/lib/python3.12/site-packages/qcar2_interfaces/qcar2_interfaces_s__rosidl_typesupport_c.so
[6.192s] -- Symlinking: /home/chaitanya/Documents/ACC_Development/Development/ros2/install/qcar2_interfaces/share/qcar2_interfaces/msg/MotorCommands.idl
[6.202s] -- Symlinking: /home/chaitanya/Documents/ACC_Development/Development/ros2/install/qcar2_interfaces/share/qcar2_interfaces/msg/BooleanLeds.idl
[6.212s] -- Symlinking: /home/chaitanya/Documents/ACC_Development/Development/ros2/install/qcar2_interfaces/share/qcar2_interfaces/msg/MotorCommands.msg
[6.223s] -- Symlinking: /home/chaitanya/Documents/ACC_Development/Development/ros2/install/qcar2_interfaces/share/qcar2_interfaces/msg/BooleanLeds.msg
[6.233s] -- Symlinking: /home/chaitanya/Documents/ACC_Development/Development/ros2/install/qcar2_interfaces/share/ament_index/resource_index/package_run_dependencies/qcar2_interfaces
[6.244s] -- Symlinking: /home/chaitanya/Documents/ACC_Development/Development/ros2/install/qcar2_interfaces/share/ament_index/resource_index/parent_prefix_path/qcar2_interfaces
[6.254s] -- Symlinking: /home/chaitanya/Documents/ACC_Development/Development/ros2/install/qcar2_interfaces/share/qcar2_interfaces/environment/ament_prefix_path.sh
[6.264s] -- Symlinking: /home/chaitanya/Documents/ACC_Development/Development/ros2/install/qcar2_interfaces/share/qcar2_interfaces/environment/ament_prefix_path.dsv
[6.274s] -- Symlinking: /home/chaitanya/Documents/ACC_Development/Development/ros2/install/qcar2_interfaces/share/qcar2_interfaces/environment/path.sh
[6.284s] -- Symlinking: /home/chaitanya/Documents/ACC_Development/Development/ros2/install/qcar2_interfaces/share/qcar2_interfaces/environment/path.dsv
[6.293s] -- Symlinking: /home/chaitanya/Documents/ACC_Development/Development/ros2/install/qcar2_interfaces/share/qcar2_interfaces/local_setup.bash
[6.303s] -- Symlinking: /home/chaitanya/Documents/ACC_Development/Development/ros2/install/qcar2_interfaces/share/qcar2_interfaces/local_setup.sh
[6.314s] -- Symlinking: /home/chaitanya/Documents/ACC_Development/Development/ros2/install/qcar2_interfaces/share/qcar2_interfaces/local_setup.zsh
[6.324s] -- Symlinking: /home/chaitanya/Documents/ACC_Development/Development/ros2/install/qcar2_interfaces/share/qcar2_interfaces/local_setup.dsv
[6.334s] -- Symlinking: /home/chaitanya/Documents/ACC_Development/Development/ros2/install/qcar2_interfaces/share/qcar2_interfaces/package.dsv
[6.344s] -- Symlinking: /home/chaitanya/Documents/ACC_Development/Development/ros2/install/qcar2_interfaces/share/ament_index/resource_index/packages/qcar2_interfaces
[6.354s] -- Symlinking: /home/chaitanya/Documents/ACC_Development/Development/ros2/install/qcar2_interfaces/share/qcar2_interfaces/cmake/rosidl_cmake-extras.cmake
[6.363s] -- Symlinking: /home/chaitanya/Documents/ACC_Development/Development/ros2/install/qcar2_interfaces/share/qcar2_interfaces/cmake/ament_cmake_export_include_directories-extras.cmake
[6.373s] -- Symlinking: /home/chaitanya/Documents/ACC_Development/Development/ros2/install/qcar2_interfaces/share/qcar2_interfaces/cmake/ament_cmake_export_libraries-extras.cmake
[6.383s] -- Symlinking: /home/chaitanya/Documents/ACC_Development/Development/ros2/install/qcar2_interfaces/share/qcar2_interfaces/cmake/ament_cmake_export_targets-extras.cmake
[6.393s] -- Symlinking: /home/chaitanya/Documents/ACC_Development/Development/ros2/install/qcar2_interfaces/share/qcar2_interfaces/cmake/rosidl_cmake_export_typesupport_targets-extras.cmake
[6.403s] -- Symlinking: /home/chaitanya/Documents/ACC_Development/Development/ros2/install/qcar2_interfaces/share/qcar2_interfaces/cmake/ament_cmake_export_dependencies-extras.cmake
[6.414s] -- Symlinking: /home/chaitanya/Documents/ACC_Development/Development/ros2/install/qcar2_interfaces/share/qcar2_interfaces/cmake/rosidl_cmake_export_typesupport_libraries-extras.cmake
[6.424s] -- Symlinking: /home/chaitanya/Documents/ACC_Development/Development/ros2/install/qcar2_interfaces/share/qcar2_interfaces/cmake/qcar2_interfacesConfig.cmake
[6.433s] -- Symlinking: /home/chaitanya/Documents/ACC_Development/Development/ros2/install/qcar2_interfaces/share/qcar2_interfaces/cmake/qcar2_interfacesConfig-version.cmake
[6.443s] -- Symlinking: /home/chaitanya/Documents/ACC_Development/Development/ros2/install/qcar2_interfaces/share/qcar2_interfaces/package.xml
[6.453s] -- Installing: /home/chaitanya/Documents/ACC_Development/Development/ros2/install/qcar2_interfaces/lib/libqcar2_interfaces__rosidl_generator_c.so
[6.453s] -- Set non-toolchain portion of runtime path of "/home/chaitanya/Documents/ACC_Development/Development/ros2/install/qcar2_interfaces/lib/libqcar2_interfaces__rosidl_generator_c.so" to ""
[6.453s] -- Installing: /home/chaitanya/Documents/ACC_Development/Development/ros2/install/qcar2_interfaces/lib/libqcar2_interfaces__rosidl_typesupport_fastrtps_c.so
[6.454s] -- Set non-toolchain portion of runtime path of "/home/chaitanya/Documents/ACC_Development/Development/ros2/install/qcar2_interfaces/lib/libqcar2_interfaces__rosidl_typesupport_fastrtps_c.so" to ""
[6.454s] -- Installing: /home/chaitanya/Documents/ACC_Development/Development/ros2/install/qcar2_interfaces/lib/libqcar2_interfaces__rosidl_typesupport_introspection_c.so
[6.455s] -- Set non-toolchain portion of runtime path of "/home/chaitanya/Documents/ACC_Development/Development/ros2/install/qcar2_interfaces/lib/libqcar2_interfaces__rosidl_typesupport_introspection_c.so" to ""
[6.455s] -- Installing: /home/chaitanya/Documents/ACC_Development/Development/ros2/install/qcar2_interfaces/lib/libqcar2_interfaces__rosidl_typesupport_c.so
[6.455s] -- Set non-toolchain portion of runtime path of "/home/chaitanya/Documents/ACC_Development/Development/ros2/install/qcar2_interfaces/lib/libqcar2_interfaces__rosidl_typesupport_c.so" to ""
[6.456s] -- Installing: /home/chaitanya/Documents/ACC_Development/Development/ros2/install/qcar2_interfaces/lib/libqcar2_interfaces__rosidl_typesupport_fastrtps_cpp.so
[6.456s] -- Set non-toolchain portion of runtime path of "/home/chaitanya/Documents/ACC_Development/Development/ros2/install/qcar2_interfaces/lib/libqcar2_interfaces__rosidl_typesupport_fastrtps_cpp.so" to ""
[6.456s] -- Installing: /home/chaitanya/Documents/ACC_Development/Development/ros2/install/qcar2_interfaces/lib/libqcar2_interfaces__rosidl_typesupport_introspection_cpp.so
[6.456s] -- Set non-toolchain portion of runtime path of "/home/chaitanya/Documents/ACC_Development/Development/ros2/install/qcar2_interfaces/lib/libqcar2_interfaces__rosidl_typesupport_introspection_cpp.so" to ""
[6.456s] -- Installing: /home/chaitanya/Documents/ACC_Development/Development/ros2/install/qcar2_interfaces/lib/libqcar2_interfaces__rosidl_typesupport_cpp.so
[6.457s] -- Set non-toolchain portion of runtime path of "/home/chaitanya/Documents/ACC_Development/Development/ros2/install/qcar2_interfaces/lib/libqcar2_interfaces__rosidl_typesupport_cpp.so" to ""
[6.494s] Listing '/home/chaitanya/Documents/ACC_Development/Development/ros2/install/qcar2_interfaces/lib/python3.12/site-packages/qcar2_interfaces'...
[6.494s] Compiling '/home/chaitanya/Documents/ACC_Development/Development/ros2/install/qcar2_interfaces/lib/python3.12/site-packages/qcar2_interfaces/__init__.py'...
[6.494s] Listing '/home/chaitanya/Documents/ACC_Development/Development/ros2/install/qcar2_interfaces/lib/python3.12/site-packages/qcar2_interfaces/msg'...
[6.494s] Compiling '/home/chaitanya/Documents/ACC_Development/Development/ros2/install/qcar2_interfaces/lib/python3.12/site-packages/qcar2_interfaces/msg/__init__.py'...
[6.494s] Compiling '/home/chaitanya/Documents/ACC_Development/Development/ros2/install/qcar2_interfaces/lib/python3.12/site-packages/qcar2_interfaces/msg/_boolean_leds.py'...
[6.494s] Compiling '/home/chaitanya/Documents/ACC_Development/Development/ros2/install/qcar2_interfaces/lib/python3.12/site-packages/qcar2_interfaces/msg/_motor_commands.py'...
[6.501s] -- Installing: /home/chaitanya/Documents/ACC_Development/Development/ros2/install/qcar2_interfaces/lib/libqcar2_interfaces__rosidl_generator_py.so
[6.502s] -- Set non-toolchain portion of runtime path of "/home/chaitanya/Documents/ACC_Development/Development/ros2/install/qcar2_interfaces/lib/libqcar2_interfaces__rosidl_generator_py.so" to ""
[6.502s] -- Installing: /home/chaitanya/Documents/ACC_Development/Development/ros2/install/qcar2_interfaces/share/qcar2_interfaces/cmake/export_qcar2_interfaces__rosidl_generator_cExport.cmake
[6.502s] -- Installing: /home/chaitanya/Documents/ACC_Development/Development/ros2/install/qcar2_interfaces/share/qcar2_interfaces/cmake/export_qcar2_interfaces__rosidl_generator_cExport-noconfig.cmake
[6.502s] -- Installing: /home/chaitanya/Documents/ACC_Development/Development/ros2/install/qcar2_interfaces/share/qcar2_interfaces/cmake/export_qcar2_interfaces__rosidl_typesupport_fastrtps_cExport.cmake
[6.502s] -- Installing: /home/chaitanya/Documents/ACC_Development/Development/ros2/install/qcar2_interfaces/share/qcar2_interfaces/cmake/export_qcar2_interfaces__rosidl_typesupport_fastrtps_cExport-noconfig.cmake
[6.502s] -- Installing: /home/chaitanya/Documents/ACC_Development/Development/ros2/install/qcar2_interfaces/share/qcar2_interfaces/cmake/qcar2_interfaces__rosidl_typesupport_introspection_cExport.cmake
[6.502s] -- Installing: /home/chaitanya/Documents/ACC_Development/Development/ros2/install/qcar2_interfaces/share/qcar2_interfaces/cmake/qcar2_interfaces__rosidl_typesupport_introspection_cExport-noconfig.cmake
[6.503s] -- Installing: /home/chaitanya/Documents/ACC_Development/Development/ros2/install/qcar2_interfaces/share/qcar2_interfaces/cmake/qcar2_interfaces__rosidl_typesupport_cExport.cmake
[6.503s] -- Installing: /home/chaitanya/Documents/ACC_Development/Development/ros2/install/qcar2_interfaces/share/qcar2_interfaces/cmake/qcar2_interfaces__rosidl_typesupport_cExport-noconfig.cmake
[6.503s] -- Installing: /home/chaitanya/Documents/ACC_Development/Development/ros2/install/qcar2_interfaces/share/qcar2_interfaces/cmake/export_qcar2_interfaces__rosidl_generator_cppExport.cmake
[6.503s] -- Installing: /home/chaitanya/Documents/ACC_Development/Development/ros2/install/qcar2_interfaces/share/qcar2_interfaces/cmake/export_qcar2_interfaces__rosidl_typesupport_fastrtps_cppExport.cmake
[6.503s] -- Installing: /home/chaitanya/Documents/ACC_Development/Development/ros2/install/qcar2_interfaces/share/qcar2_interfaces/cmake/export_qcar2_interfaces__rosidl_typesupport_fastrtps_cppExport-noconfig.cmake
[6.503s] -- Installing: /home/chaitanya/Documents/ACC_Development/Development/ros2/install/qcar2_interfaces/share/qcar2_interfaces/cmake/qcar2_interfaces__rosidl_typesupport_introspection_cppExport.cmake
[6.504s] -- Installing: /home/chaitanya/Documents/ACC_Development/Development/ros2/install/qcar2_interfaces/share/qcar2_interfaces/cmake/qcar2_interfaces__rosidl_typesupport_introspection_cppExport-noconfig.cmake
[6.504s] -- Installing: /home/chaitanya/Documents/ACC_Development/Development/ros2/install/qcar2_interfaces/share/qcar2_interfaces/cmake/qcar2_interfaces__rosidl_typesupport_cppExport.cmake
[6.504s] -- Installing: /home/chaitanya/Documents/ACC_Development/Development/ros2/install/qcar2_interfaces/share/qcar2_interfaces/cmake/qcar2_interfaces__rosidl_typesupport_cppExport-noconfig.cmake
[6.504s] -- Installing: /home/chaitanya/Documents/ACC_Development/Development/ros2/install/qcar2_interfaces/share/qcar2_interfaces/cmake/export_qcar2_interfaces__rosidl_generator_pyExport.cmake
[6.504s] -- Installing: /home/chaitanya/Documents/ACC_Development/Development/ros2/install/qcar2_interfaces/share/qcar2_interfaces/cmake/export_qcar2_interfaces__rosidl_generator_pyExport-noconfig.cmake
[6.507s] Invoked command in '/home/chaitanya/Documents/ACC_Development/Development/ros2/build/qcar2_interfaces' returned '0': CMAKE_PREFIX_PATH=${CMAKE_PREFIX_PATH}:/opt/ros/jazzy DEBUGINFOD_URLS=https://debuginfod.ubuntu.com /usr/bin/cmake --install /home/chaitanya/Documents/ACC_Development/Development/ros2/build/qcar2_interfaces
