[2.013s] DEBUG:colcon:Command line arguments: ['/usr/bin/colcon', 'build']
[2.013s] DEBUG:colcon:Parsed command line arguments: Namespace(log_base=None, log_level=None, verb_name='build', build_base='build', install_base='install', merge_install=False, symlink_install=False, test_result_base=None, continue_on_error=False, executor='parallel', parallel_workers=16, event_handlers=None, ignore_user_meta=False, metas=['./colcon.meta'], base_paths=['.'], packages_ignore=None, packages_ignore_regex=None, paths=None, packages_up_to=None, packages_up_to_regex=None, packages_above=None, packages_above_and_dependencies=None, packages_above_depth=None, packages_select_by_dep=None, packages_skip_by_dep=None, packages_skip_up_to=None, packages_select_build_failed=False, packages_skip_build_finished=False, packages_select_test_failures=False, packages_skip_test_passed=False, packages_select=None, packages_skip=None, packages_select_regex=None, packages_skip_regex=None, packages_start=None, packages_end=None, allow_overriding=[], cmake_args=None, cmake_target=None, cmake_target_skip_unavailable=False, cmake_clean_cache=False, cmake_clean_first=False, cmake_force_configure=False, ament_cmake_args=None, catkin_cmake_args=None, catkin_skip_building_tests=False, mixin_files=None, mixin=None, verb_parser=<colcon_mixin.mixin.mixin_argument.MixinArgumentDecorator object at 0x7f449ee60e00>, verb_extension=<colcon_core.verb.build.BuildVerb object at 0x7f449f08ed20>, main=<bound method BuildVerb.main of <colcon_core.verb.build.BuildVerb object at 0x7f449f08ed20>>, mixin_verb=('build',))
[2.106s] Level 1:colcon.colcon_core.package_discovery:discover_packages(colcon_meta) check parameters
[2.107s] Level 1:colcon.colcon_core.package_discovery:discover_packages(recursive) check parameters
[2.107s] Level 1:colcon.colcon_core.package_discovery:discover_packages(ignore) check parameters
[2.107s] Level 1:colcon.colcon_core.package_discovery:discover_packages(path) check parameters
[2.107s] Level 1:colcon.colcon_core.package_discovery:discover_packages(colcon_meta) discover
[2.107s] Level 1:colcon.colcon_core.package_discovery:discover_packages(recursive) discover
[2.107s] INFO:colcon.colcon_core.package_discovery:Crawling recursively for packages in '/home/chaitanya/Documents/ACC_Development/Development/ros2'
[2.107s] Level 1:colcon.colcon_core.package_identification:_identify(.) by extensions ['ignore', 'ignore_ament_install']
[2.108s] Level 1:colcon.colcon_core.package_identification:_identify(.) by extension 'ignore'
[2.108s] Level 1:colcon.colcon_core.package_identification:_identify(.) by extension 'ignore_ament_install'
[2.108s] Level 1:colcon.colcon_core.package_identification:_identify(.) by extensions ['colcon_pkg']
[2.108s] Level 1:colcon.colcon_core.package_identification:_identify(.) by extension 'colcon_pkg'
[2.108s] Level 1:colcon.colcon_core.package_identification:_identify(.) by extensions ['colcon_meta']
[2.108s] Level 1:colcon.colcon_core.package_identification:_identify(.) by extension 'colcon_meta'
[2.108s] Level 1:colcon.colcon_core.package_identification:_identify(.) by extensions ['ros']
[2.108s] Level 1:colcon.colcon_core.package_identification:_identify(.) by extension 'ros'
[2.139s] Level 1:colcon.colcon_core.package_identification:_identify(.) by extensions ['cmake', 'python']
[2.140s] Level 1:colcon.colcon_core.package_identification:_identify(.) by extension 'cmake'
[2.140s] Level 1:colcon.colcon_core.package_identification:_identify(.) by extension 'python'
[2.140s] Level 1:colcon.colcon_core.package_identification:_identify(.) by extensions ['python_setup_py']
[2.140s] Level 1:colcon.colcon_core.package_identification:_identify(.) by extension 'python_setup_py'
[2.140s] Level 1:colcon.colcon_core.package_identification:_identify(build) by extensions ['ignore', 'ignore_ament_install']
[2.140s] Level 1:colcon.colcon_core.package_identification:_identify(build) by extension 'ignore'
[2.141s] Level 1:colcon.colcon_core.package_identification:_identify(build) ignored
[2.141s] Level 1:colcon.colcon_core.package_identification:_identify(install) by extensions ['ignore', 'ignore_ament_install']
[2.141s] Level 1:colcon.colcon_core.package_identification:_identify(install) by extension 'ignore'
[2.141s] Level 1:colcon.colcon_core.package_identification:_identify(install) ignored
[2.141s] Level 1:colcon.colcon_core.package_identification:_identify(log) by extensions ['ignore', 'ignore_ament_install']
[2.141s] Level 1:colcon.colcon_core.package_identification:_identify(log) by extension 'ignore'
[2.141s] Level 1:colcon.colcon_core.package_identification:_identify(log) ignored
[2.141s] Level 1:colcon.colcon_core.package_identification:_identify(src) by extensions ['ignore', 'ignore_ament_install']
[2.142s] Level 1:colcon.colcon_core.package_identification:_identify(src) by extension 'ignore'
[2.142s] Level 1:colcon.colcon_core.package_identification:_identify(src) by extension 'ignore_ament_install'
[2.142s] Level 1:colcon.colcon_core.package_identification:_identify(src) by extensions ['colcon_pkg']
[2.142s] Level 1:colcon.colcon_core.package_identification:_identify(src) by extension 'colcon_pkg'
[2.142s] Level 1:colcon.colcon_core.package_identification:_identify(src) by extensions ['colcon_meta']
[2.142s] Level 1:colcon.colcon_core.package_identification:_identify(src) by extension 'colcon_meta'
[2.142s] Level 1:colcon.colcon_core.package_identification:_identify(src) by extensions ['ros']
[2.142s] Level 1:colcon.colcon_core.package_identification:_identify(src) by extension 'ros'
[2.142s] Level 1:colcon.colcon_core.package_identification:_identify(src) by extensions ['cmake', 'python']
[2.142s] Level 1:colcon.colcon_core.package_identification:_identify(src) by extension 'cmake'
[2.142s] Level 1:colcon.colcon_core.package_identification:_identify(src) by extension 'python'
[2.142s] Level 1:colcon.colcon_core.package_identification:_identify(src) by extensions ['python_setup_py']
[2.142s] Level 1:colcon.colcon_core.package_identification:_identify(src) by extension 'python_setup_py'
[2.142s] Level 1:colcon.colcon_core.package_identification:_identify(src/qcar2_autonomy) by extensions ['ignore', 'ignore_ament_install']
[2.142s] Level 1:colcon.colcon_core.package_identification:_identify(src/qcar2_autonomy) by extension 'ignore'
[2.142s] Level 1:colcon.colcon_core.package_identification:_identify(src/qcar2_autonomy) by extension 'ignore_ament_install'
[2.142s] Level 1:colcon.colcon_core.package_identification:_identify(src/qcar2_autonomy) by extensions ['colcon_pkg']
[2.142s] Level 1:colcon.colcon_core.package_identification:_identify(src/qcar2_autonomy) by extension 'colcon_pkg'
[2.143s] Level 1:colcon.colcon_core.package_identification:_identify(src/qcar2_autonomy) by extensions ['colcon_meta']
[2.143s] Level 1:colcon.colcon_core.package_identification:_identify(src/qcar2_autonomy) by extension 'colcon_meta'
[2.143s] Level 1:colcon.colcon_core.package_identification:_identify(src/qcar2_autonomy) by extensions ['ros']
[2.143s] Level 1:colcon.colcon_core.package_identification:_identify(src/qcar2_autonomy) by extension 'ros'
[2.147s] DEBUG:colcon.colcon_core.package_identification:Package 'src/qcar2_autonomy' with type 'ros.ament_python' and name 'qcar2_autonomy'
[2.147s] Level 1:colcon.colcon_core.package_identification:_identify(src/qcar2_interfaces) by extensions ['ignore', 'ignore_ament_install']
[2.147s] Level 1:colcon.colcon_core.package_identification:_identify(src/qcar2_interfaces) by extension 'ignore'
[2.148s] Level 1:colcon.colcon_core.package_identification:_identify(src/qcar2_interfaces) by extension 'ignore_ament_install'
[2.148s] Level 1:colcon.colcon_core.package_identification:_identify(src/qcar2_interfaces) by extensions ['colcon_pkg']
[2.148s] Level 1:colcon.colcon_core.package_identification:_identify(src/qcar2_interfaces) by extension 'colcon_pkg'
[2.148s] Level 1:colcon.colcon_core.package_identification:_identify(src/qcar2_interfaces) by extensions ['colcon_meta']
[2.148s] Level 1:colcon.colcon_core.package_identification:_identify(src/qcar2_interfaces) by extension 'colcon_meta'
[2.148s] Level 1:colcon.colcon_core.package_identification:_identify(src/qcar2_interfaces) by extensions ['ros']
[2.148s] Level 1:colcon.colcon_core.package_identification:_identify(src/qcar2_interfaces) by extension 'ros'
[2.149s] DEBUG:colcon.colcon_core.package_identification:Package 'src/qcar2_interfaces' with type 'ros.ament_cmake' and name 'qcar2_interfaces'
[2.149s] Level 1:colcon.colcon_core.package_identification:_identify(src/qcar2_nodes) by extensions ['ignore', 'ignore_ament_install']
[2.149s] Level 1:colcon.colcon_core.package_identification:_identify(src/qcar2_nodes) by extension 'ignore'
[2.149s] Level 1:colcon.colcon_core.package_identification:_identify(src/qcar2_nodes) by extension 'ignore_ament_install'
[2.149s] Level 1:colcon.colcon_core.package_identification:_identify(src/qcar2_nodes) by extensions ['colcon_pkg']
[2.149s] Level 1:colcon.colcon_core.package_identification:_identify(src/qcar2_nodes) by extension 'colcon_pkg'
[2.149s] Level 1:colcon.colcon_core.package_identification:_identify(src/qcar2_nodes) by extensions ['colcon_meta']
[2.149s] Level 1:colcon.colcon_core.package_identification:_identify(src/qcar2_nodes) by extension 'colcon_meta'
[2.149s] Level 1:colcon.colcon_core.package_identification:_identify(src/qcar2_nodes) by extensions ['ros']
[2.149s] Level 1:colcon.colcon_core.package_identification:_identify(src/qcar2_nodes) by extension 'ros'
[2.150s] DEBUG:colcon.colcon_core.package_identification:Package 'src/qcar2_nodes' with type 'ros.ament_cmake' and name 'qcar2_nodes'
[2.150s] Level 1:colcon.colcon_core.package_discovery:discover_packages(recursive) using defaults
[2.150s] Level 1:colcon.colcon_core.package_discovery:discover_packages(ignore) discover
[2.150s] Level 1:colcon.colcon_core.package_discovery:discover_packages(ignore) using defaults
[2.150s] Level 1:colcon.colcon_core.package_discovery:discover_packages(path) discover
[2.150s] Level 1:colcon.colcon_core.package_discovery:discover_packages(path) using defaults
[2.299s] Level 1:colcon.colcon_core.package_discovery:discover_packages(prefix_path) check parameters
[2.300s] Level 1:colcon.colcon_core.package_discovery:discover_packages(prefix_path) discover
[2.378s] DEBUG:colcon.colcon_installed_package_information.package_discovery:Found 3 installed packages in /home/chaitanya/Documents/ACC_Development/Development/ros2/install
[2.405s] DEBUG:colcon.colcon_installed_package_information.package_discovery:Found 383 installed packages in /opt/ros/jazzy
[2.407s] Level 1:colcon.colcon_core.package_discovery:discover_packages(prefix_path) using defaults
[2.515s] Level 5:colcon.colcon_core.verb:set package 'qcar2_interfaces' build argument 'cmake_args' from command line to 'None'
[2.515s] Level 5:colcon.colcon_core.verb:set package 'qcar2_interfaces' build argument 'cmake_target' from command line to 'None'
[2.515s] Level 5:colcon.colcon_core.verb:set package 'qcar2_interfaces' build argument 'cmake_target_skip_unavailable' from command line to 'False'
[2.515s] Level 5:colcon.colcon_core.verb:set package 'qcar2_interfaces' build argument 'cmake_clean_cache' from command line to 'False'
[2.515s] Level 5:colcon.colcon_core.verb:set package 'qcar2_interfaces' build argument 'cmake_clean_first' from command line to 'False'
[2.515s] Level 5:colcon.colcon_core.verb:set package 'qcar2_interfaces' build argument 'cmake_force_configure' from command line to 'False'
[2.515s] Level 5:colcon.colcon_core.verb:set package 'qcar2_interfaces' build argument 'ament_cmake_args' from command line to 'None'
[2.516s] Level 5:colcon.colcon_core.verb:set package 'qcar2_interfaces' build argument 'catkin_cmake_args' from command line to 'None'
[2.516s] Level 5:colcon.colcon_core.verb:set package 'qcar2_interfaces' build argument 'catkin_skip_building_tests' from command line to 'False'
[2.516s] DEBUG:colcon.colcon_core.verb:Building package 'qcar2_interfaces' with the following arguments: {'ament_cmake_args': None, 'build_base': '/home/chaitanya/Documents/ACC_Development/Development/ros2/build/qcar2_interfaces', 'catkin_cmake_args': None, 'catkin_skip_building_tests': False, 'cmake_args': None, 'cmake_clean_cache': False, 'cmake_clean_first': False, 'cmake_force_configure': False, 'cmake_target': None, 'cmake_target_skip_unavailable': False, 'install_base': '/home/chaitanya/Documents/ACC_Development/Development/ros2/install/qcar2_interfaces', 'merge_install': False, 'path': '/home/chaitanya/Documents/ACC_Development/Development/ros2/src/qcar2_interfaces', 'symlink_install': False, 'test_result_base': None}
[2.540s] Level 5:colcon.colcon_core.verb:set package 'qcar2_autonomy' build argument 'cmake_args' from command line to 'None'
[2.540s] Level 5:colcon.colcon_core.verb:set package 'qcar2_autonomy' build argument 'cmake_target' from command line to 'None'
[2.540s] Level 5:colcon.colcon_core.verb:set package 'qcar2_autonomy' build argument 'cmake_target_skip_unavailable' from command line to 'False'
[2.540s] Level 5:colcon.colcon_core.verb:set package 'qcar2_autonomy' build argument 'cmake_clean_cache' from command line to 'False'
[2.540s] Level 5:colcon.colcon_core.verb:set package 'qcar2_autonomy' build argument 'cmake_clean_first' from command line to 'False'
[2.540s] Level 5:colcon.colcon_core.verb:set package 'qcar2_autonomy' build argument 'cmake_force_configure' from command line to 'False'
[2.540s] Level 5:colcon.colcon_core.verb:set package 'qcar2_autonomy' build argument 'ament_cmake_args' from command line to 'None'
[2.541s] Level 5:colcon.colcon_core.verb:set package 'qcar2_autonomy' build argument 'catkin_cmake_args' from command line to 'None'
[2.541s] Level 5:colcon.colcon_core.verb:set package 'qcar2_autonomy' build argument 'catkin_skip_building_tests' from command line to 'False'
[2.541s] DEBUG:colcon.colcon_core.verb:Building package 'qcar2_autonomy' with the following arguments: {'ament_cmake_args': None, 'build_base': '/home/chaitanya/Documents/ACC_Development/Development/ros2/build/qcar2_autonomy', 'catkin_cmake_args': None, 'catkin_skip_building_tests': False, 'cmake_args': None, 'cmake_clean_cache': False, 'cmake_clean_first': False, 'cmake_force_configure': False, 'cmake_target': None, 'cmake_target_skip_unavailable': False, 'install_base': '/home/chaitanya/Documents/ACC_Development/Development/ros2/install/qcar2_autonomy', 'merge_install': False, 'path': '/home/chaitanya/Documents/ACC_Development/Development/ros2/src/qcar2_autonomy', 'symlink_install': False, 'test_result_base': None}
[2.567s] Level 5:colcon.colcon_core.verb:set package 'qcar2_nodes' build argument 'cmake_args' from command line to 'None'
[2.567s] Level 5:colcon.colcon_core.verb:set package 'qcar2_nodes' build argument 'cmake_target' from command line to 'None'
[2.567s] Level 5:colcon.colcon_core.verb:set package 'qcar2_nodes' build argument 'cmake_target_skip_unavailable' from command line to 'False'
[2.567s] Level 5:colcon.colcon_core.verb:set package 'qcar2_nodes' build argument 'cmake_clean_cache' from command line to 'False'
[2.567s] Level 5:colcon.colcon_core.verb:set package 'qcar2_nodes' build argument 'cmake_clean_first' from command line to 'False'
[2.567s] Level 5:colcon.colcon_core.verb:set package 'qcar2_nodes' build argument 'cmake_force_configure' from command line to 'False'
[2.567s] Level 5:colcon.colcon_core.verb:set package 'qcar2_nodes' build argument 'ament_cmake_args' from command line to 'None'
[2.567s] Level 5:colcon.colcon_core.verb:set package 'qcar2_nodes' build argument 'catkin_cmake_args' from command line to 'None'
[2.567s] Level 5:colcon.colcon_core.verb:set package 'qcar2_nodes' build argument 'catkin_skip_building_tests' from command line to 'False'
[2.567s] DEBUG:colcon.colcon_core.verb:Building package 'qcar2_nodes' with the following arguments: {'ament_cmake_args': None, 'build_base': '/home/chaitanya/Documents/ACC_Development/Development/ros2/build/qcar2_nodes', 'catkin_cmake_args': None, 'catkin_skip_building_tests': False, 'cmake_args': None, 'cmake_clean_cache': False, 'cmake_clean_first': False, 'cmake_force_configure': False, 'cmake_target': None, 'cmake_target_skip_unavailable': False, 'install_base': '/home/chaitanya/Documents/ACC_Development/Development/ros2/install/qcar2_nodes', 'merge_install': False, 'path': '/home/chaitanya/Documents/ACC_Development/Development/ros2/src/qcar2_nodes', 'symlink_install': False, 'test_result_base': None}
[2.593s] INFO:colcon.colcon_core.executor:Executing jobs using 'parallel' executor
[2.621s] DEBUG:colcon.colcon_parallel_executor.executor.parallel:run_until_complete
[2.622s] INFO:colcon.colcon_ros.task.ament_cmake.build:Building ROS package in '/home/chaitanya/Documents/ACC_Development/Development/ros2/src/qcar2_interfaces' with build type 'ament_cmake'
[2.622s] INFO:colcon.colcon_cmake.task.cmake.build:Building CMake package in '/home/chaitanya/Documents/ACC_Development/Development/ros2/src/qcar2_interfaces'
[2.652s] INFO:colcon.colcon_core.plugin_system:Skipping extension 'colcon_core.shell.bat': Not used on non-Windows systems
[2.652s] INFO:colcon.colcon_core.shell:Skip shell extension 'powershell' for command environment: Not usable outside of PowerShell
[2.652s] DEBUG:colcon.colcon_core.shell:Skip shell extension 'dsv' for command environment
[2.744s] DEBUG:colcon.colcon_core.event_handler.log_command:Invoking command in '/home/chaitanya/Documents/ACC_Development/Development/ros2/build/qcar2_interfaces': CMAKE_PREFIX_PATH=${CMAKE_PREFIX_PATH}:/home/chaitanya/Documents/ACC_Development/Development/ros2/install/qcar2_autonomy:/opt/ros/jazzy DEBUGINFOD_URLS=https://debuginfod.ubuntu.com /usr/bin/cmake /home/chaitanya/Documents/ACC_Development/Development/ros2/src/qcar2_interfaces -DCMAKE_INSTALL_PREFIX=/home/chaitanya/Documents/ACC_Development/Development/ros2/install/qcar2_interfaces
[4.263s] DEBUG:colcon.colcon_core.event_handler.log_command:Invoked command in '/home/chaitanya/Documents/ACC_Development/Development/ros2/build/qcar2_interfaces' returned '0': CMAKE_PREFIX_PATH=${CMAKE_PREFIX_PATH}:/home/chaitanya/Documents/ACC_Development/Development/ros2/install/qcar2_autonomy:/opt/ros/jazzy DEBUGINFOD_URLS=https://debuginfod.ubuntu.com /usr/bin/cmake /home/chaitanya/Documents/ACC_Development/Development/ros2/src/qcar2_interfaces -DCMAKE_INSTALL_PREFIX=/home/chaitanya/Documents/ACC_Development/Development/ros2/install/qcar2_interfaces
[4.265s] DEBUG:colcon.colcon_core.event_handler.log_command:Invoking command in '/home/chaitanya/Documents/ACC_Development/Development/ros2/build/qcar2_interfaces': CMAKE_PREFIX_PATH=${CMAKE_PREFIX_PATH}:/home/chaitanya/Documents/ACC_Development/Development/ros2/install/qcar2_autonomy:/opt/ros/jazzy DEBUGINFOD_URLS=https://debuginfod.ubuntu.com /usr/bin/cmake --build /home/chaitanya/Documents/ACC_Development/Development/ros2/build/qcar2_interfaces -- -j16 -l16
[5.229s] DEBUG:colcon.colcon_core.event_handler.log_command:Invoked command in '/home/chaitanya/Documents/ACC_Development/Development/ros2/build/qcar2_interfaces' returned '0': CMAKE_PREFIX_PATH=${CMAKE_PREFIX_PATH}:/home/chaitanya/Documents/ACC_Development/Development/ros2/install/qcar2_autonomy:/opt/ros/jazzy DEBUGINFOD_URLS=https://debuginfod.ubuntu.com /usr/bin/cmake --build /home/chaitanya/Documents/ACC_Development/Development/ros2/build/qcar2_interfaces -- -j16 -l16
[5.437s] DEBUG:colcon.colcon_core.event_handler.log_command:Invoking command in '/home/chaitanya/Documents/ACC_Development/Development/ros2/build/qcar2_interfaces': CMAKE_PREFIX_PATH=${CMAKE_PREFIX_PATH}:/home/chaitanya/Documents/ACC_Development/Development/ros2/install/qcar2_autonomy:/opt/ros/jazzy DEBUGINFOD_URLS=https://debuginfod.ubuntu.com /usr/bin/cmake --install /home/chaitanya/Documents/ACC_Development/Development/ros2/build/qcar2_interfaces
[5.608s] Level 1:colcon.colcon_core.environment:create_environment_scripts_only(qcar2_interfaces)
[5.609s] DEBUG:colcon.colcon_core.event_handler.log_command:Invoked command in '/home/chaitanya/Documents/ACC_Development/Development/ros2/build/qcar2_interfaces' returned '0': CMAKE_PREFIX_PATH=${CMAKE_PREFIX_PATH}:/home/chaitanya/Documents/ACC_Development/Development/ros2/install/qcar2_autonomy:/opt/ros/jazzy DEBUGINFOD_URLS=https://debuginfod.ubuntu.com /usr/bin/cmake --install /home/chaitanya/Documents/ACC_Development/Development/ros2/build/qcar2_interfaces
[5.645s] Level 1:colcon.colcon_core.environment:checking '/home/chaitanya/Documents/ACC_Development/Development/ros2/install/qcar2_interfaces' for CMake module files
[5.646s] Level 1:colcon.colcon_core.environment:checking '/home/chaitanya/Documents/ACC_Development/Development/ros2/install/qcar2_interfaces' for CMake config files
[5.646s] Level 1:colcon.colcon_core.shell:create_environment_hook('qcar2_interfaces', 'cmake_prefix_path')
[5.677s] INFO:colcon.colcon_core.shell:Creating environment hook '/home/chaitanya/Documents/ACC_Development/Development/ros2/install/qcar2_interfaces/share/qcar2_interfaces/hook/cmake_prefix_path.ps1'
[5.678s] INFO:colcon.colcon_core.shell:Creating environment descriptor '/home/chaitanya/Documents/ACC_Development/Development/ros2/install/qcar2_interfaces/share/qcar2_interfaces/hook/cmake_prefix_path.dsv'
[5.679s] INFO:colcon.colcon_core.shell:Creating environment hook '/home/chaitanya/Documents/ACC_Development/Development/ros2/install/qcar2_interfaces/share/qcar2_interfaces/hook/cmake_prefix_path.sh'
[5.680s] Level 1:colcon.colcon_core.environment:checking '/home/chaitanya/Documents/ACC_Development/Development/ros2/install/qcar2_interfaces/lib'
[5.680s] Level 1:colcon.colcon_core.shell:create_environment_hook('qcar2_interfaces', 'ld_library_path_lib')
[5.711s] INFO:colcon.colcon_core.shell:Creating environment hook '/home/chaitanya/Documents/ACC_Development/Development/ros2/install/qcar2_interfaces/share/qcar2_interfaces/hook/ld_library_path_lib.ps1'
[5.712s] INFO:colcon.colcon_core.shell:Creating environment descriptor '/home/chaitanya/Documents/ACC_Development/Development/ros2/install/qcar2_interfaces/share/qcar2_interfaces/hook/ld_library_path_lib.dsv'
[5.713s] INFO:colcon.colcon_core.shell:Creating environment hook '/home/chaitanya/Documents/ACC_Development/Development/ros2/install/qcar2_interfaces/share/qcar2_interfaces/hook/ld_library_path_lib.sh'
[5.714s] Level 1:colcon.colcon_core.environment:checking '/home/chaitanya/Documents/ACC_Development/Development/ros2/install/qcar2_interfaces/bin'
[5.714s] Level 1:colcon.colcon_core.environment:checking '/home/chaitanya/Documents/ACC_Development/Development/ros2/install/qcar2_interfaces/lib/pkgconfig/qcar2_interfaces.pc'
[5.714s] Level 1:colcon.colcon_core.environment:checking '/home/chaitanya/Documents/ACC_Development/Development/ros2/install/qcar2_interfaces/lib/python3.12/site-packages'
[5.714s] Level 1:colcon.colcon_core.shell:create_environment_hook('qcar2_interfaces', 'pythonpath')
[5.745s] INFO:colcon.colcon_core.shell:Creating environment hook '/home/chaitanya/Documents/ACC_Development/Development/ros2/install/qcar2_interfaces/share/qcar2_interfaces/hook/pythonpath.ps1'
[5.746s] INFO:colcon.colcon_core.shell:Creating environment descriptor '/home/chaitanya/Documents/ACC_Development/Development/ros2/install/qcar2_interfaces/share/qcar2_interfaces/hook/pythonpath.dsv'
[5.746s] INFO:colcon.colcon_core.shell:Creating environment hook '/home/chaitanya/Documents/ACC_Development/Development/ros2/install/qcar2_interfaces/share/qcar2_interfaces/hook/pythonpath.sh'
[5.747s] Level 1:colcon.colcon_core.environment:checking '/home/chaitanya/Documents/ACC_Development/Development/ros2/install/qcar2_interfaces/bin'
[5.777s] INFO:colcon.colcon_core.shell:Creating package script '/home/chaitanya/Documents/ACC_Development/Development/ros2/install/qcar2_interfaces/share/qcar2_interfaces/package.ps1'
[5.779s] INFO:colcon.colcon_core.shell:Creating package descriptor '/home/chaitanya/Documents/ACC_Development/Development/ros2/install/qcar2_interfaces/share/qcar2_interfaces/package.dsv'
[5.779s] INFO:colcon.colcon_core.shell:Creating package script '/home/chaitanya/Documents/ACC_Development/Development/ros2/install/qcar2_interfaces/share/qcar2_interfaces/package.sh'
[5.781s] INFO:colcon.colcon_core.shell:Creating package script '/home/chaitanya/Documents/ACC_Development/Development/ros2/install/qcar2_interfaces/share/qcar2_interfaces/package.bash'
[5.781s] INFO:colcon.colcon_core.shell:Creating package script '/home/chaitanya/Documents/ACC_Development/Development/ros2/install/qcar2_interfaces/share/qcar2_interfaces/package.zsh'
[5.782s] Level 1:colcon.colcon_core.environment:create_file_with_runtime_dependencies(/home/chaitanya/Documents/ACC_Development/Development/ros2/install/qcar2_interfaces/share/colcon-core/packages/qcar2_interfaces)
[5.980s] Level 1:colcon.colcon_core.environment:create_environment_scripts_only(qcar2_interfaces)
[6.010s] Level 1:colcon.colcon_core.environment:checking '/home/chaitanya/Documents/ACC_Development/Development/ros2/install/qcar2_interfaces' for CMake module files
[6.012s] Level 1:colcon.colcon_core.environment:checking '/home/chaitanya/Documents/ACC_Development/Development/ros2/install/qcar2_interfaces' for CMake config files
[6.012s] Level 1:colcon.colcon_core.shell:create_environment_hook('qcar2_interfaces', 'cmake_prefix_path')
[6.043s] INFO:colcon.colcon_core.shell:Creating environment hook '/home/chaitanya/Documents/ACC_Development/Development/ros2/install/qcar2_interfaces/share/qcar2_interfaces/hook/cmake_prefix_path.ps1'
[6.044s] INFO:colcon.colcon_core.shell:Creating environment descriptor '/home/chaitanya/Documents/ACC_Development/Development/ros2/install/qcar2_interfaces/share/qcar2_interfaces/hook/cmake_prefix_path.dsv'
[6.044s] INFO:colcon.colcon_core.shell:Creating environment hook '/home/chaitanya/Documents/ACC_Development/Development/ros2/install/qcar2_interfaces/share/qcar2_interfaces/hook/cmake_prefix_path.sh'
[6.046s] Level 1:colcon.colcon_core.environment:checking '/home/chaitanya/Documents/ACC_Development/Development/ros2/install/qcar2_interfaces/lib'
[6.046s] Level 1:colcon.colcon_core.shell:create_environment_hook('qcar2_interfaces', 'ld_library_path_lib')
[6.075s] INFO:colcon.colcon_core.shell:Creating environment hook '/home/chaitanya/Documents/ACC_Development/Development/ros2/install/qcar2_interfaces/share/qcar2_interfaces/hook/ld_library_path_lib.ps1'
[6.077s] INFO:colcon.colcon_core.shell:Creating environment descriptor '/home/chaitanya/Documents/ACC_Development/Development/ros2/install/qcar2_interfaces/share/qcar2_interfaces/hook/ld_library_path_lib.dsv'
[6.077s] INFO:colcon.colcon_core.shell:Creating environment hook '/home/chaitanya/Documents/ACC_Development/Development/ros2/install/qcar2_interfaces/share/qcar2_interfaces/hook/ld_library_path_lib.sh'
[6.078s] Level 1:colcon.colcon_core.environment:checking '/home/chaitanya/Documents/ACC_Development/Development/ros2/install/qcar2_interfaces/bin'
[6.078s] Level 1:colcon.colcon_core.environment:checking '/home/chaitanya/Documents/ACC_Development/Development/ros2/install/qcar2_interfaces/lib/pkgconfig/qcar2_interfaces.pc'
[6.079s] Level 1:colcon.colcon_core.environment:checking '/home/chaitanya/Documents/ACC_Development/Development/ros2/install/qcar2_interfaces/lib/python3.12/site-packages'
[6.079s] Level 1:colcon.colcon_core.shell:create_environment_hook('qcar2_interfaces', 'pythonpath')
[6.112s] INFO:colcon.colcon_core.shell:Creating environment hook '/home/chaitanya/Documents/ACC_Development/Development/ros2/install/qcar2_interfaces/share/qcar2_interfaces/hook/pythonpath.ps1'
[6.113s] INFO:colcon.colcon_core.shell:Creating environment descriptor '/home/chaitanya/Documents/ACC_Development/Development/ros2/install/qcar2_interfaces/share/qcar2_interfaces/hook/pythonpath.dsv'
[6.114s] INFO:colcon.colcon_core.shell:Creating environment hook '/home/chaitanya/Documents/ACC_Development/Development/ros2/install/qcar2_interfaces/share/qcar2_interfaces/hook/pythonpath.sh'
[6.115s] Level 1:colcon.colcon_core.environment:checking '/home/chaitanya/Documents/ACC_Development/Development/ros2/install/qcar2_interfaces/bin'
[6.146s] INFO:colcon.colcon_core.shell:Creating package script '/home/chaitanya/Documents/ACC_Development/Development/ros2/install/qcar2_interfaces/share/qcar2_interfaces/package.ps1'
[6.147s] INFO:colcon.colcon_core.shell:Creating package descriptor '/home/chaitanya/Documents/ACC_Development/Development/ros2/install/qcar2_interfaces/share/qcar2_interfaces/package.dsv'
[6.148s] INFO:colcon.colcon_core.shell:Creating package script '/home/chaitanya/Documents/ACC_Development/Development/ros2/install/qcar2_interfaces/share/qcar2_interfaces/package.sh'
[6.149s] INFO:colcon.colcon_core.shell:Creating package script '/home/chaitanya/Documents/ACC_Development/Development/ros2/install/qcar2_interfaces/share/qcar2_interfaces/package.bash'
[6.150s] INFO:colcon.colcon_core.shell:Creating package script '/home/chaitanya/Documents/ACC_Development/Development/ros2/install/qcar2_interfaces/share/qcar2_interfaces/package.zsh'
[6.150s] Level 1:colcon.colcon_core.environment:create_file_with_runtime_dependencies(/home/chaitanya/Documents/ACC_Development/Development/ros2/install/qcar2_interfaces/share/colcon-core/packages/qcar2_interfaces)
[6.151s] INFO:colcon.colcon_ros.task.ament_python.build:Building ROS package in '/home/chaitanya/Documents/ACC_Development/Development/ros2/src/qcar2_autonomy' with build type 'ament_python'
[6.151s] Level 1:colcon.colcon_core.shell:create_environment_hook('qcar2_autonomy', 'ament_prefix_path')
[6.184s] INFO:colcon.colcon_core.shell:Creating environment hook '/home/chaitanya/Documents/ACC_Development/Development/ros2/install/qcar2_autonomy/share/qcar2_autonomy/hook/ament_prefix_path.ps1'
[6.186s] INFO:colcon.colcon_core.shell:Creating environment descriptor '/home/chaitanya/Documents/ACC_Development/Development/ros2/install/qcar2_autonomy/share/qcar2_autonomy/hook/ament_prefix_path.dsv'
[6.186s] INFO:colcon.colcon_core.shell:Creating environment hook '/home/chaitanya/Documents/ACC_Development/Development/ros2/install/qcar2_autonomy/share/qcar2_autonomy/hook/ament_prefix_path.sh'
[6.217s] INFO:colcon.colcon_core.shell:Skip shell extension 'powershell' for command environment: Not usable outside of PowerShell
[6.217s] DEBUG:colcon.colcon_core.shell:Skip shell extension 'dsv' for command environment
[6.313s] INFO:colcon.colcon_ros.task.ament_cmake.build:Building ROS package in '/home/chaitanya/Documents/ACC_Development/Development/ros2/src/qcar2_nodes' with build type 'ament_cmake'
[6.314s] INFO:colcon.colcon_cmake.task.cmake.build:Building CMake package in '/home/chaitanya/Documents/ACC_Development/Development/ros2/src/qcar2_nodes'
[6.345s] INFO:colcon.colcon_core.shell:Skip shell extension 'powershell' for command environment: Not usable outside of PowerShell
[6.346s] DEBUG:colcon.colcon_core.shell:Skip shell extension 'dsv' for command environment
[6.859s] INFO:colcon.colcon_core.task.python.build:Building Python package in '/home/chaitanya/Documents/ACC_Development/Development/ros2/src/qcar2_autonomy'
[6.895s] INFO:colcon.colcon_core.shell:Skip shell extension 'powershell' for command environment: Not usable outside of PowerShell
[6.895s] DEBUG:colcon.colcon_core.shell:Skip shell extension 'dsv' for command environment
[6.996s] DEBUG:colcon.colcon_core.event_handler.log_command:Invoking command in '/home/chaitanya/Documents/ACC_Development/Development/ros2/build/qcar2_nodes': CMAKE_PREFIX_PATH=/home/chaitanya/Documents/ACC_Development/Development/ros2/install/qcar2_interfaces:/home/chaitanya/Documents/ACC_Development/Development/ros2/install/qcar2_nodes:/opt/ros/jazzy/opt/gz_sim_vendor:/opt/ros/jazzy/opt/gz_sensors_vendor:/opt/ros/jazzy/opt/gz_physics_vendor:/opt/ros/jazzy/opt/sdformat_vendor:/opt/ros/jazzy/opt/gz_gui_vendor:/opt/ros/jazzy/opt/gz_transport_vendor:/opt/ros/jazzy/opt/gz_rendering_vendor:/opt/ros/jazzy/opt/gz_plugin_vendor:/opt/ros/jazzy/opt/gz_fuel_tools_vendor:/opt/ros/jazzy/opt/gz_msgs_vendor:/opt/ros/jazzy/opt/gz_common_vendor:/opt/ros/jazzy/opt/gz_math_vendor:/opt/ros/jazzy/opt/gz_utils_vendor:/opt/ros/jazzy/opt/gz_tools_vendor:/opt/ros/jazzy/opt/gz_ogre_next_vendor:/opt/ros/jazzy/opt/gz_dartsim_vendor:/opt/ros/jazzy/opt/gz_cmake_vendor:/home/chaitanya/Documents/ACC_Development/Development/ros2/install/qcar2_autonomy:/opt/ros/jazzy DEBUGINFOD_URLS=https://debuginfod.ubuntu.com PYTHONPATH=/home/chaitanya/Documents/ACC_Development/Development/ros2/install/qcar2_interfaces/lib/python3.12/site-packages:/home/chaitanya/Documents/ACC_Development/Development/ros2/build/qcar2_autonomy:/home/chaitanya/Documents/ACC_Development/Development/ros2/install/qcar2_autonomy/lib/python3.12/site-packages:/opt/ros/jazzy/lib/python3.12/site-packages:/home/chaitanya/Quanser/libraries/python:/home/chaitanya/Documents/ACC_Development/backup/Quanser_Academic_Resources/0_libraries/python /usr/bin/cmake /home/chaitanya/Documents/ACC_Development/Development/ros2/src/qcar2_nodes -DCMAKE_INSTALL_PREFIX=/home/chaitanya/Documents/ACC_Development/Development/ros2/install/qcar2_nodes
[8.083s] DEBUG:colcon.colcon_core.event_handler.log_command:Invoking command in '/home/chaitanya/Documents/ACC_Development/Development/ros2/build/qcar2_autonomy': CMAKE_PREFIX_PATH=/home/chaitanya/Documents/ACC_Development/Development/ros2/install/qcar2_interfaces:/home/chaitanya/Documents/ACC_Development/Development/ros2/install/qcar2_nodes:/opt/ros/jazzy/opt/gz_sim_vendor:/opt/ros/jazzy/opt/gz_sensors_vendor:/opt/ros/jazzy/opt/gz_physics_vendor:/opt/ros/jazzy/opt/sdformat_vendor:/opt/ros/jazzy/opt/gz_gui_vendor:/opt/ros/jazzy/opt/gz_transport_vendor:/opt/ros/jazzy/opt/gz_rendering_vendor:/opt/ros/jazzy/opt/gz_plugin_vendor:/opt/ros/jazzy/opt/gz_fuel_tools_vendor:/opt/ros/jazzy/opt/gz_msgs_vendor:/opt/ros/jazzy/opt/gz_common_vendor:/opt/ros/jazzy/opt/gz_math_vendor:/opt/ros/jazzy/opt/gz_utils_vendor:/opt/ros/jazzy/opt/gz_tools_vendor:/opt/ros/jazzy/opt/gz_ogre_next_vendor:/opt/ros/jazzy/opt/gz_dartsim_vendor:/opt/ros/jazzy/opt/gz_cmake_vendor DEBUGINFOD_URLS=https://debuginfod.ubuntu.com PYTHONPATH=/home/chaitanya/Documents/ACC_Development/Development/ros2/build/qcar2_autonomy/prefix_override:/home/chaitanya/Documents/ACC_Development/Development/ros2/install/qcar2_autonomy/lib/python3.12/site-packages:/home/chaitanya/Documents/ACC_Development/Development/ros2/install/qcar2_interfaces/lib/python3.12/site-packages:/home/chaitanya/Documents/ACC_Development/Development/ros2/build/qcar2_autonomy:/home/chaitanya/Documents/ACC_Development/Development/ros2/install/qcar2_autonomy/lib/python3.12/site-packages:/opt/ros/jazzy/lib/python3.12/site-packages:/home/chaitanya/Quanser/libraries/python:/home/chaitanya/Documents/ACC_Development/backup/Quanser_Academic_Resources/0_libraries/python /usr/bin/python3 setup.py develop --uninstall --editable --build-directory /home/chaitanya/Documents/ACC_Development/Development/ros2/build/qcar2_autonomy/build
[8.630s] DEBUG:colcon.colcon_core.event_handler.log_command:Invoked command in '/home/chaitanya/Documents/ACC_Development/Development/ros2/build/qcar2_nodes' returned '0': CMAKE_PREFIX_PATH=/home/chaitanya/Documents/ACC_Development/Development/ros2/install/qcar2_interfaces:/home/chaitanya/Documents/ACC_Development/Development/ros2/install/qcar2_nodes:/opt/ros/jazzy/opt/gz_sim_vendor:/opt/ros/jazzy/opt/gz_sensors_vendor:/opt/ros/jazzy/opt/gz_physics_vendor:/opt/ros/jazzy/opt/sdformat_vendor:/opt/ros/jazzy/opt/gz_gui_vendor:/opt/ros/jazzy/opt/gz_transport_vendor:/opt/ros/jazzy/opt/gz_rendering_vendor:/opt/ros/jazzy/opt/gz_plugin_vendor:/opt/ros/jazzy/opt/gz_fuel_tools_vendor:/opt/ros/jazzy/opt/gz_msgs_vendor:/opt/ros/jazzy/opt/gz_common_vendor:/opt/ros/jazzy/opt/gz_math_vendor:/opt/ros/jazzy/opt/gz_utils_vendor:/opt/ros/jazzy/opt/gz_tools_vendor:/opt/ros/jazzy/opt/gz_ogre_next_vendor:/opt/ros/jazzy/opt/gz_dartsim_vendor:/opt/ros/jazzy/opt/gz_cmake_vendor:/home/chaitanya/Documents/ACC_Development/Development/ros2/install/qcar2_autonomy:/opt/ros/jazzy DEBUGINFOD_URLS=https://debuginfod.ubuntu.com PYTHONPATH=/home/chaitanya/Documents/ACC_Development/Development/ros2/install/qcar2_interfaces/lib/python3.12/site-packages:/home/chaitanya/Documents/ACC_Development/Development/ros2/build/qcar2_autonomy:/home/chaitanya/Documents/ACC_Development/Development/ros2/install/qcar2_autonomy/lib/python3.12/site-packages:/opt/ros/jazzy/lib/python3.12/site-packages:/home/chaitanya/Quanser/libraries/python:/home/chaitanya/Documents/ACC_Development/backup/Quanser_Academic_Resources/0_libraries/python /usr/bin/cmake /home/chaitanya/Documents/ACC_Development/Development/ros2/src/qcar2_nodes -DCMAKE_INSTALL_PREFIX=/home/chaitanya/Documents/ACC_Development/Development/ros2/install/qcar2_nodes
[8.631s] DEBUG:colcon.colcon_core.event_handler.log_command:Invoking command in '/home/chaitanya/Documents/ACC_Development/Development/ros2/build/qcar2_nodes': CMAKE_PREFIX_PATH=/home/chaitanya/Documents/ACC_Development/Development/ros2/install/qcar2_interfaces:/home/chaitanya/Documents/ACC_Development/Development/ros2/install/qcar2_nodes:/opt/ros/jazzy/opt/gz_sim_vendor:/opt/ros/jazzy/opt/gz_sensors_vendor:/opt/ros/jazzy/opt/gz_physics_vendor:/opt/ros/jazzy/opt/sdformat_vendor:/opt/ros/jazzy/opt/gz_gui_vendor:/opt/ros/jazzy/opt/gz_transport_vendor:/opt/ros/jazzy/opt/gz_rendering_vendor:/opt/ros/jazzy/opt/gz_plugin_vendor:/opt/ros/jazzy/opt/gz_fuel_tools_vendor:/opt/ros/jazzy/opt/gz_msgs_vendor:/opt/ros/jazzy/opt/gz_common_vendor:/opt/ros/jazzy/opt/gz_math_vendor:/opt/ros/jazzy/opt/gz_utils_vendor:/opt/ros/jazzy/opt/gz_tools_vendor:/opt/ros/jazzy/opt/gz_ogre_next_vendor:/opt/ros/jazzy/opt/gz_dartsim_vendor:/opt/ros/jazzy/opt/gz_cmake_vendor:/home/chaitanya/Documents/ACC_Development/Development/ros2/install/qcar2_autonomy:/opt/ros/jazzy DEBUGINFOD_URLS=https://debuginfod.ubuntu.com PYTHONPATH=/home/chaitanya/Documents/ACC_Development/Development/ros2/install/qcar2_interfaces/lib/python3.12/site-packages:/home/chaitanya/Documents/ACC_Development/Development/ros2/build/qcar2_autonomy:/home/chaitanya/Documents/ACC_Development/Development/ros2/install/qcar2_autonomy/lib/python3.12/site-packages:/opt/ros/jazzy/lib/python3.12/site-packages:/home/chaitanya/Quanser/libraries/python:/home/chaitanya/Documents/ACC_Development/backup/Quanser_Academic_Resources/0_libraries/python /usr/bin/cmake --build /home/chaitanya/Documents/ACC_Development/Development/ros2/build/qcar2_nodes -- -j16 -l16
[9.081s] DEBUG:colcon.colcon_core.event_handler.log_command:Invoked command in '/home/chaitanya/Documents/ACC_Development/Development/ros2/build/qcar2_autonomy' returned '0': CMAKE_PREFIX_PATH=/home/chaitanya/Documents/ACC_Development/Development/ros2/install/qcar2_interfaces:/home/chaitanya/Documents/ACC_Development/Development/ros2/install/qcar2_nodes:/opt/ros/jazzy/opt/gz_sim_vendor:/opt/ros/jazzy/opt/gz_sensors_vendor:/opt/ros/jazzy/opt/gz_physics_vendor:/opt/ros/jazzy/opt/sdformat_vendor:/opt/ros/jazzy/opt/gz_gui_vendor:/opt/ros/jazzy/opt/gz_transport_vendor:/opt/ros/jazzy/opt/gz_rendering_vendor:/opt/ros/jazzy/opt/gz_plugin_vendor:/opt/ros/jazzy/opt/gz_fuel_tools_vendor:/opt/ros/jazzy/opt/gz_msgs_vendor:/opt/ros/jazzy/opt/gz_common_vendor:/opt/ros/jazzy/opt/gz_math_vendor:/opt/ros/jazzy/opt/gz_utils_vendor:/opt/ros/jazzy/opt/gz_tools_vendor:/opt/ros/jazzy/opt/gz_ogre_next_vendor:/opt/ros/jazzy/opt/gz_dartsim_vendor:/opt/ros/jazzy/opt/gz_cmake_vendor DEBUGINFOD_URLS=https://debuginfod.ubuntu.com PYTHONPATH=/home/chaitanya/Documents/ACC_Development/Development/ros2/build/qcar2_autonomy/prefix_override:/home/chaitanya/Documents/ACC_Development/Development/ros2/install/qcar2_autonomy/lib/python3.12/site-packages:/home/chaitanya/Documents/ACC_Development/Development/ros2/install/qcar2_interfaces/lib/python3.12/site-packages:/home/chaitanya/Documents/ACC_Development/Development/ros2/build/qcar2_autonomy:/home/chaitanya/Documents/ACC_Development/Development/ros2/install/qcar2_autonomy/lib/python3.12/site-packages:/opt/ros/jazzy/lib/python3.12/site-packages:/home/chaitanya/Quanser/libraries/python:/home/chaitanya/Documents/ACC_Development/backup/Quanser_Academic_Resources/0_libraries/python /usr/bin/python3 setup.py develop --uninstall --editable --build-directory /home/chaitanya/Documents/ACC_Development/Development/ros2/build/qcar2_autonomy/build
[9.084s] DEBUG:colcon.colcon_core.event_handler.log_command:Invoking command in '/home/chaitanya/Documents/ACC_Development/Development/ros2/src/qcar2_autonomy': CMAKE_PREFIX_PATH=/home/chaitanya/Documents/ACC_Development/Development/ros2/install/qcar2_interfaces:/home/chaitanya/Documents/ACC_Development/Development/ros2/install/qcar2_nodes:/opt/ros/jazzy/opt/gz_sim_vendor:/opt/ros/jazzy/opt/gz_sensors_vendor:/opt/ros/jazzy/opt/gz_physics_vendor:/opt/ros/jazzy/opt/sdformat_vendor:/opt/ros/jazzy/opt/gz_gui_vendor:/opt/ros/jazzy/opt/gz_transport_vendor:/opt/ros/jazzy/opt/gz_rendering_vendor:/opt/ros/jazzy/opt/gz_plugin_vendor:/opt/ros/jazzy/opt/gz_fuel_tools_vendor:/opt/ros/jazzy/opt/gz_msgs_vendor:/opt/ros/jazzy/opt/gz_common_vendor:/opt/ros/jazzy/opt/gz_math_vendor:/opt/ros/jazzy/opt/gz_utils_vendor:/opt/ros/jazzy/opt/gz_tools_vendor:/opt/ros/jazzy/opt/gz_ogre_next_vendor:/opt/ros/jazzy/opt/gz_dartsim_vendor:/opt/ros/jazzy/opt/gz_cmake_vendor DEBUGINFOD_URLS=https://debuginfod.ubuntu.com PYTHONPATH=/home/chaitanya/Documents/ACC_Development/Development/ros2/build/qcar2_autonomy/prefix_override:/home/chaitanya/Documents/ACC_Development/Development/ros2/install/qcar2_autonomy/lib/python3.12/site-packages:/home/chaitanya/Documents/ACC_Development/Development/ros2/install/qcar2_interfaces/lib/python3.12/site-packages:/home/chaitanya/Documents/ACC_Development/Development/ros2/build/qcar2_autonomy:/home/chaitanya/Documents/ACC_Development/Development/ros2/install/qcar2_autonomy/lib/python3.12/site-packages:/opt/ros/jazzy/lib/python3.12/site-packages:/home/chaitanya/Quanser/libraries/python:/home/chaitanya/Documents/ACC_Development/backup/Quanser_Academic_Resources/0_libraries/python /usr/bin/python3 setup.py egg_info --egg-base ../../build/qcar2_autonomy build --build-base /home/chaitanya/Documents/ACC_Development/Development/ros2/build/qcar2_autonomy/build install --record /home/chaitanya/Documents/ACC_Development/Development/ros2/build/qcar2_autonomy/install.log --single-version-externally-managed
[10.199s] DEBUG:colcon.colcon_core.event_handler.log_command:Invoked command in '/home/chaitanya/Documents/ACC_Development/Development/ros2/src/qcar2_autonomy' returned '0': CMAKE_PREFIX_PATH=/home/chaitanya/Documents/ACC_Development/Development/ros2/install/qcar2_interfaces:/home/chaitanya/Documents/ACC_Development/Development/ros2/install/qcar2_nodes:/opt/ros/jazzy/opt/gz_sim_vendor:/opt/ros/jazzy/opt/gz_sensors_vendor:/opt/ros/jazzy/opt/gz_physics_vendor:/opt/ros/jazzy/opt/sdformat_vendor:/opt/ros/jazzy/opt/gz_gui_vendor:/opt/ros/jazzy/opt/gz_transport_vendor:/opt/ros/jazzy/opt/gz_rendering_vendor:/opt/ros/jazzy/opt/gz_plugin_vendor:/opt/ros/jazzy/opt/gz_fuel_tools_vendor:/opt/ros/jazzy/opt/gz_msgs_vendor:/opt/ros/jazzy/opt/gz_common_vendor:/opt/ros/jazzy/opt/gz_math_vendor:/opt/ros/jazzy/opt/gz_utils_vendor:/opt/ros/jazzy/opt/gz_tools_vendor:/opt/ros/jazzy/opt/gz_ogre_next_vendor:/opt/ros/jazzy/opt/gz_dartsim_vendor:/opt/ros/jazzy/opt/gz_cmake_vendor DEBUGINFOD_URLS=https://debuginfod.ubuntu.com PYTHONPATH=/home/chaitanya/Documents/ACC_Development/Development/ros2/build/qcar2_autonomy/prefix_override:/home/chaitanya/Documents/ACC_Development/Development/ros2/install/qcar2_autonomy/lib/python3.12/site-packages:/home/chaitanya/Documents/ACC_Development/Development/ros2/install/qcar2_interfaces/lib/python3.12/site-packages:/home/chaitanya/Documents/ACC_Development/Development/ros2/build/qcar2_autonomy:/home/chaitanya/Documents/ACC_Development/Development/ros2/install/qcar2_autonomy/lib/python3.12/site-packages:/opt/ros/jazzy/lib/python3.12/site-packages:/home/chaitanya/Quanser/libraries/python:/home/chaitanya/Documents/ACC_Development/backup/Quanser_Academic_Resources/0_libraries/python /usr/bin/python3 setup.py egg_info --egg-base ../../build/qcar2_autonomy build --build-base /home/chaitanya/Documents/ACC_Development/Development/ros2/build/qcar2_autonomy/build install --record /home/chaitanya/Documents/ACC_Development/Development/ros2/build/qcar2_autonomy/install.log --single-version-externally-managed
[10.234s] Level 1:colcon.colcon_core.environment:checking '/home/chaitanya/Documents/ACC_Development/Development/ros2/install/qcar2_autonomy' for CMake module files
[10.235s] Level 1:colcon.colcon_core.environment:checking '/home/chaitanya/Documents/ACC_Development/Development/ros2/install/qcar2_autonomy' for CMake config files
[10.236s] Level 1:colcon.colcon_core.environment:checking '/home/chaitanya/Documents/ACC_Development/Development/ros2/install/qcar2_autonomy/lib'
[10.236s] Level 1:colcon.colcon_core.environment:checking '/home/chaitanya/Documents/ACC_Development/Development/ros2/install/qcar2_autonomy/bin'
[10.236s] Level 1:colcon.colcon_core.environment:checking '/home/chaitanya/Documents/ACC_Development/Development/ros2/install/qcar2_autonomy/lib/pkgconfig/qcar2_autonomy.pc'
[10.237s] Level 1:colcon.colcon_core.environment:checking '/home/chaitanya/Documents/ACC_Development/Development/ros2/install/qcar2_autonomy/lib/python3.12/site-packages'
[10.237s] Level 1:colcon.colcon_core.shell:create_environment_hook('qcar2_autonomy', 'pythonpath')
[10.269s] INFO:colcon.colcon_core.shell:Creating environment hook '/home/chaitanya/Documents/ACC_Development/Development/ros2/install/qcar2_autonomy/share/qcar2_autonomy/hook/pythonpath.ps1'
[10.271s] INFO:colcon.colcon_core.shell:Creating environment descriptor '/home/chaitanya/Documents/ACC_Development/Development/ros2/install/qcar2_autonomy/share/qcar2_autonomy/hook/pythonpath.dsv'
[10.271s] INFO:colcon.colcon_core.shell:Creating environment hook '/home/chaitanya/Documents/ACC_Development/Development/ros2/install/qcar2_autonomy/share/qcar2_autonomy/hook/pythonpath.sh'
[10.272s] Level 1:colcon.colcon_core.environment:checking '/home/chaitanya/Documents/ACC_Development/Development/ros2/install/qcar2_autonomy/bin'
[10.272s] Level 1:colcon.colcon_core.environment:create_environment_scripts_only(qcar2_autonomy)
[10.302s] INFO:colcon.colcon_core.shell:Creating package script '/home/chaitanya/Documents/ACC_Development/Development/ros2/install/qcar2_autonomy/share/qcar2_autonomy/package.ps1'
[10.303s] INFO:colcon.colcon_core.shell:Creating package descriptor '/home/chaitanya/Documents/ACC_Development/Development/ros2/install/qcar2_autonomy/share/qcar2_autonomy/package.dsv'
[10.303s] INFO:colcon.colcon_core.shell:Creating package script '/home/chaitanya/Documents/ACC_Development/Development/ros2/install/qcar2_autonomy/share/qcar2_autonomy/package.sh'
[10.304s] INFO:colcon.colcon_core.shell:Creating package script '/home/chaitanya/Documents/ACC_Development/Development/ros2/install/qcar2_autonomy/share/qcar2_autonomy/package.bash'
[10.305s] INFO:colcon.colcon_core.shell:Creating package script '/home/chaitanya/Documents/ACC_Development/Development/ros2/install/qcar2_autonomy/share/qcar2_autonomy/package.zsh'
[10.305s] Level 1:colcon.colcon_core.environment:create_file_with_runtime_dependencies(/home/chaitanya/Documents/ACC_Development/Development/ros2/install/qcar2_autonomy/share/colcon-core/packages/qcar2_autonomy)
[10.779s] DEBUG:colcon.colcon_core.event_handler.log_command:Invoked command in '/home/chaitanya/Documents/ACC_Development/Development/ros2/build/qcar2_nodes' returned '0': CMAKE_PREFIX_PATH=/home/chaitanya/Documents/ACC_Development/Development/ros2/install/qcar2_interfaces:/home/chaitanya/Documents/ACC_Development/Development/ros2/install/qcar2_nodes:/opt/ros/jazzy/opt/gz_sim_vendor:/opt/ros/jazzy/opt/gz_sensors_vendor:/opt/ros/jazzy/opt/gz_physics_vendor:/opt/ros/jazzy/opt/sdformat_vendor:/opt/ros/jazzy/opt/gz_gui_vendor:/opt/ros/jazzy/opt/gz_transport_vendor:/opt/ros/jazzy/opt/gz_rendering_vendor:/opt/ros/jazzy/opt/gz_plugin_vendor:/opt/ros/jazzy/opt/gz_fuel_tools_vendor:/opt/ros/jazzy/opt/gz_msgs_vendor:/opt/ros/jazzy/opt/gz_common_vendor:/opt/ros/jazzy/opt/gz_math_vendor:/opt/ros/jazzy/opt/gz_utils_vendor:/opt/ros/jazzy/opt/gz_tools_vendor:/opt/ros/jazzy/opt/gz_ogre_next_vendor:/opt/ros/jazzy/opt/gz_dartsim_vendor:/opt/ros/jazzy/opt/gz_cmake_vendor:/home/chaitanya/Documents/ACC_Development/Development/ros2/install/qcar2_autonomy:/opt/ros/jazzy DEBUGINFOD_URLS=https://debuginfod.ubuntu.com PYTHONPATH=/home/chaitanya/Documents/ACC_Development/Development/ros2/install/qcar2_interfaces/lib/python3.12/site-packages:/home/chaitanya/Documents/ACC_Development/Development/ros2/build/qcar2_autonomy:/home/chaitanya/Documents/ACC_Development/Development/ros2/install/qcar2_autonomy/lib/python3.12/site-packages:/opt/ros/jazzy/lib/python3.12/site-packages:/home/chaitanya/Quanser/libraries/python:/home/chaitanya/Documents/ACC_Development/backup/Quanser_Academic_Resources/0_libraries/python /usr/bin/cmake --build /home/chaitanya/Documents/ACC_Development/Development/ros2/build/qcar2_nodes -- -j16 -l16
[10.845s] DEBUG:colcon.colcon_core.event_handler.log_command:Invoking command in '/home/chaitanya/Documents/ACC_Development/Development/ros2/build/qcar2_nodes': CMAKE_PREFIX_PATH=/home/chaitanya/Documents/ACC_Development/Development/ros2/install/qcar2_interfaces:/home/chaitanya/Documents/ACC_Development/Development/ros2/install/qcar2_nodes:/opt/ros/jazzy/opt/gz_sim_vendor:/opt/ros/jazzy/opt/gz_sensors_vendor:/opt/ros/jazzy/opt/gz_physics_vendor:/opt/ros/jazzy/opt/sdformat_vendor:/opt/ros/jazzy/opt/gz_gui_vendor:/opt/ros/jazzy/opt/gz_transport_vendor:/opt/ros/jazzy/opt/gz_rendering_vendor:/opt/ros/jazzy/opt/gz_plugin_vendor:/opt/ros/jazzy/opt/gz_fuel_tools_vendor:/opt/ros/jazzy/opt/gz_msgs_vendor:/opt/ros/jazzy/opt/gz_common_vendor:/opt/ros/jazzy/opt/gz_math_vendor:/opt/ros/jazzy/opt/gz_utils_vendor:/opt/ros/jazzy/opt/gz_tools_vendor:/opt/ros/jazzy/opt/gz_ogre_next_vendor:/opt/ros/jazzy/opt/gz_dartsim_vendor:/opt/ros/jazzy/opt/gz_cmake_vendor:/home/chaitanya/Documents/ACC_Development/Development/ros2/install/qcar2_autonomy:/opt/ros/jazzy DEBUGINFOD_URLS=https://debuginfod.ubuntu.com PYTHONPATH=/home/chaitanya/Documents/ACC_Development/Development/ros2/install/qcar2_interfaces/lib/python3.12/site-packages:/home/chaitanya/Documents/ACC_Development/Development/ros2/build/qcar2_autonomy:/home/chaitanya/Documents/ACC_Development/Development/ros2/install/qcar2_autonomy/lib/python3.12/site-packages:/opt/ros/jazzy/lib/python3.12/site-packages:/home/chaitanya/Quanser/libraries/python:/home/chaitanya/Documents/ACC_Development/backup/Quanser_Academic_Resources/0_libraries/python /usr/bin/cmake --install /home/chaitanya/Documents/ACC_Development/Development/ros2/build/qcar2_nodes
[10.897s] Level 1:colcon.colcon_core.environment:create_environment_scripts_only(qcar2_nodes)
[10.898s] DEBUG:colcon.colcon_core.event_handler.log_command:Invoked command in '/home/chaitanya/Documents/ACC_Development/Development/ros2/build/qcar2_nodes' returned '0': CMAKE_PREFIX_PATH=/home/chaitanya/Documents/ACC_Development/Development/ros2/install/qcar2_interfaces:/home/chaitanya/Documents/ACC_Development/Development/ros2/install/qcar2_nodes:/opt/ros/jazzy/opt/gz_sim_vendor:/opt/ros/jazzy/opt/gz_sensors_vendor:/opt/ros/jazzy/opt/gz_physics_vendor:/opt/ros/jazzy/opt/sdformat_vendor:/opt/ros/jazzy/opt/gz_gui_vendor:/opt/ros/jazzy/opt/gz_transport_vendor:/opt/ros/jazzy/opt/gz_rendering_vendor:/opt/ros/jazzy/opt/gz_plugin_vendor:/opt/ros/jazzy/opt/gz_fuel_tools_vendor:/opt/ros/jazzy/opt/gz_msgs_vendor:/opt/ros/jazzy/opt/gz_common_vendor:/opt/ros/jazzy/opt/gz_math_vendor:/opt/ros/jazzy/opt/gz_utils_vendor:/opt/ros/jazzy/opt/gz_tools_vendor:/opt/ros/jazzy/opt/gz_ogre_next_vendor:/opt/ros/jazzy/opt/gz_dartsim_vendor:/opt/ros/jazzy/opt/gz_cmake_vendor:/home/chaitanya/Documents/ACC_Development/Development/ros2/install/qcar2_autonomy:/opt/ros/jazzy DEBUGINFOD_URLS=https://debuginfod.ubuntu.com PYTHONPATH=/home/chaitanya/Documents/ACC_Development/Development/ros2/install/qcar2_interfaces/lib/python3.12/site-packages:/home/chaitanya/Documents/ACC_Development/Development/ros2/build/qcar2_autonomy:/home/chaitanya/Documents/ACC_Development/Development/ros2/install/qcar2_autonomy/lib/python3.12/site-packages:/opt/ros/jazzy/lib/python3.12/site-packages:/home/chaitanya/Quanser/libraries/python:/home/chaitanya/Documents/ACC_Development/backup/Quanser_Academic_Resources/0_libraries/python /usr/bin/cmake --install /home/chaitanya/Documents/ACC_Development/Development/ros2/build/qcar2_nodes
[10.933s] Level 1:colcon.colcon_core.environment:checking '/home/chaitanya/Documents/ACC_Development/Development/ros2/install/qcar2_nodes' for CMake module files
[10.934s] Level 1:colcon.colcon_core.environment:checking '/home/chaitanya/Documents/ACC_Development/Development/ros2/install/qcar2_nodes' for CMake config files
[10.935s] Level 1:colcon.colcon_core.shell:create_environment_hook('qcar2_nodes', 'cmake_prefix_path')
[10.975s] INFO:colcon.colcon_core.shell:Creating environment hook '/home/chaitanya/Documents/ACC_Development/Development/ros2/install/qcar2_nodes/share/qcar2_nodes/hook/cmake_prefix_path.ps1'
[10.976s] INFO:colcon.colcon_core.shell:Creating environment descriptor '/home/chaitanya/Documents/ACC_Development/Development/ros2/install/qcar2_nodes/share/qcar2_nodes/hook/cmake_prefix_path.dsv'
[10.977s] INFO:colcon.colcon_core.shell:Creating environment hook '/home/chaitanya/Documents/ACC_Development/Development/ros2/install/qcar2_nodes/share/qcar2_nodes/hook/cmake_prefix_path.sh'
[10.978s] Level 1:colcon.colcon_core.environment:checking '/home/chaitanya/Documents/ACC_Development/Development/ros2/install/qcar2_nodes/lib'
[10.978s] Level 1:colcon.colcon_core.environment:checking '/home/chaitanya/Documents/ACC_Development/Development/ros2/install/qcar2_nodes/bin'
[10.978s] Level 1:colcon.colcon_core.environment:checking '/home/chaitanya/Documents/ACC_Development/Development/ros2/install/qcar2_nodes/lib/pkgconfig/qcar2_nodes.pc'
[10.978s] Level 1:colcon.colcon_core.environment:checking '/home/chaitanya/Documents/ACC_Development/Development/ros2/install/qcar2_nodes/lib/python3.12/site-packages'
[10.979s] Level 1:colcon.colcon_core.environment:checking '/home/chaitanya/Documents/ACC_Development/Development/ros2/install/qcar2_nodes/bin'
[11.008s] INFO:colcon.colcon_core.shell:Creating package script '/home/chaitanya/Documents/ACC_Development/Development/ros2/install/qcar2_nodes/share/qcar2_nodes/package.ps1'
[11.009s] INFO:colcon.colcon_core.shell:Creating package descriptor '/home/chaitanya/Documents/ACC_Development/Development/ros2/install/qcar2_nodes/share/qcar2_nodes/package.dsv'
[11.009s] INFO:colcon.colcon_core.shell:Creating package script '/home/chaitanya/Documents/ACC_Development/Development/ros2/install/qcar2_nodes/share/qcar2_nodes/package.sh'
[11.010s] INFO:colcon.colcon_core.shell:Creating package script '/home/chaitanya/Documents/ACC_Development/Development/ros2/install/qcar2_nodes/share/qcar2_nodes/package.bash'
[11.010s] INFO:colcon.colcon_core.shell:Creating package script '/home/chaitanya/Documents/ACC_Development/Development/ros2/install/qcar2_nodes/share/qcar2_nodes/package.zsh'
[11.010s] Level 1:colcon.colcon_core.environment:create_file_with_runtime_dependencies(/home/chaitanya/Documents/ACC_Development/Development/ros2/install/qcar2_nodes/share/colcon-core/packages/qcar2_nodes)
[11.128s] Level 1:colcon.colcon_core.environment:create_environment_scripts_only(qcar2_nodes)
[11.157s] Level 1:colcon.colcon_core.environment:checking '/home/chaitanya/Documents/ACC_Development/Development/ros2/install/qcar2_nodes' for CMake module files
[11.158s] Level 1:colcon.colcon_core.environment:checking '/home/chaitanya/Documents/ACC_Development/Development/ros2/install/qcar2_nodes' for CMake config files
[11.159s] Level 1:colcon.colcon_core.shell:create_environment_hook('qcar2_nodes', 'cmake_prefix_path')
[11.189s] INFO:colcon.colcon_core.shell:Creating environment hook '/home/chaitanya/Documents/ACC_Development/Development/ros2/install/qcar2_nodes/share/qcar2_nodes/hook/cmake_prefix_path.ps1'
[11.190s] INFO:colcon.colcon_core.shell:Creating environment descriptor '/home/chaitanya/Documents/ACC_Development/Development/ros2/install/qcar2_nodes/share/qcar2_nodes/hook/cmake_prefix_path.dsv'
[11.191s] INFO:colcon.colcon_core.shell:Creating environment hook '/home/chaitanya/Documents/ACC_Development/Development/ros2/install/qcar2_nodes/share/qcar2_nodes/hook/cmake_prefix_path.sh'
[11.192s] Level 1:colcon.colcon_core.environment:checking '/home/chaitanya/Documents/ACC_Development/Development/ros2/install/qcar2_nodes/lib'
[11.192s] Level 1:colcon.colcon_core.environment:checking '/home/chaitanya/Documents/ACC_Development/Development/ros2/install/qcar2_nodes/bin'
[11.192s] Level 1:colcon.colcon_core.environment:checking '/home/chaitanya/Documents/ACC_Development/Development/ros2/install/qcar2_nodes/lib/pkgconfig/qcar2_nodes.pc'
[11.192s] Level 1:colcon.colcon_core.environment:checking '/home/chaitanya/Documents/ACC_Development/Development/ros2/install/qcar2_nodes/lib/python3.12/site-packages'
[11.193s] Level 1:colcon.colcon_core.environment:checking '/home/chaitanya/Documents/ACC_Development/Development/ros2/install/qcar2_nodes/bin'
[11.223s] INFO:colcon.colcon_core.shell:Creating package script '/home/chaitanya/Documents/ACC_Development/Development/ros2/install/qcar2_nodes/share/qcar2_nodes/package.ps1'
[11.224s] INFO:colcon.colcon_core.shell:Creating package descriptor '/home/chaitanya/Documents/ACC_Development/Development/ros2/install/qcar2_nodes/share/qcar2_nodes/package.dsv'
[11.225s] INFO:colcon.colcon_core.shell:Creating package script '/home/chaitanya/Documents/ACC_Development/Development/ros2/install/qcar2_nodes/share/qcar2_nodes/package.sh'
[11.225s] INFO:colcon.colcon_core.shell:Creating package script '/home/chaitanya/Documents/ACC_Development/Development/ros2/install/qcar2_nodes/share/qcar2_nodes/package.bash'
[11.226s] INFO:colcon.colcon_core.shell:Creating package script '/home/chaitanya/Documents/ACC_Development/Development/ros2/install/qcar2_nodes/share/qcar2_nodes/package.zsh'
[11.226s] Level 1:colcon.colcon_core.environment:create_file_with_runtime_dependencies(/home/chaitanya/Documents/ACC_Development/Development/ros2/install/qcar2_nodes/share/colcon-core/packages/qcar2_nodes)
[11.227s] DEBUG:colcon.colcon_parallel_executor.executor.parallel:closing loop
[11.227s] DEBUG:colcon.colcon_parallel_executor.executor.parallel:loop closed
[11.228s] DEBUG:colcon.colcon_parallel_executor.executor.parallel:run_until_complete finished with '0'
[11.228s] DEBUG:colcon.colcon_core.event_reactor:joining thread
[11.275s] INFO:colcon.colcon_core.plugin_system:Skipping extension 'colcon_notification.desktop_notification.terminal_notifier': Not used on non-Darwin systems
[11.277s] INFO:colcon.colcon_core.plugin_system:Skipping extension 'colcon_notification.desktop_notification.win32': Not used on non-Windows systems
[11.278s] INFO:colcon.colcon_notification.desktop_notification:Sending desktop notification using 'notify2'
[11.366s] DEBUG:colcon.colcon_core.event_reactor:joined thread
[11.399s] INFO:colcon.colcon_core.shell:Creating prefix script '/home/chaitanya/Documents/ACC_Development/Development/ros2/install/local_setup.ps1'
[11.400s] INFO:colcon.colcon_core.shell:Creating prefix util module '/home/chaitanya/Documents/ACC_Development/Development/ros2/install/_local_setup_util_ps1.py'
[11.401s] INFO:colcon.colcon_core.shell:Creating prefix chain script '/home/chaitanya/Documents/ACC_Development/Development/ros2/install/setup.ps1'
[11.433s] INFO:colcon.colcon_core.shell:Creating prefix script '/home/chaitanya/Documents/ACC_Development/Development/ros2/install/local_setup.sh'
[11.434s] INFO:colcon.colcon_core.shell:Creating prefix util module '/home/chaitanya/Documents/ACC_Development/Development/ros2/install/_local_setup_util_sh.py'
[11.435s] INFO:colcon.colcon_core.shell:Creating prefix chain script '/home/chaitanya/Documents/ACC_Development/Development/ros2/install/setup.sh'
[11.467s] INFO:colcon.colcon_core.shell:Creating prefix script '/home/chaitanya/Documents/ACC_Development/Development/ros2/install/local_setup.bash'
[11.468s] INFO:colcon.colcon_core.shell:Creating prefix chain script '/home/chaitanya/Documents/ACC_Development/Development/ros2/install/setup.bash'
[11.502s] INFO:colcon.colcon_core.shell:Creating prefix script '/home/chaitanya/Documents/ACC_Development/Development/ros2/install/local_setup.zsh'
[11.503s] INFO:colcon.colcon_core.shell:Creating prefix chain script '/home/chaitanya/Documents/ACC_Development/Development/ros2/install/setup.zsh'
