[0.921s] Invoking command in '/home/chaitanya/Documents/ACC_Development/Development/ros2/build/qcar2_nodes': CMAKE_PREFIX_PATH=/home/chaitanya/Documents/ACC_Development/Development/ros2/install/qcar2_interfaces:/home/chaitanya/Documents/ACC_Development/Development/ros2/install/qcar2_nodes:/opt/ros/jazzy/opt/gz_sim_vendor:/opt/ros/jazzy/opt/gz_sensors_vendor:/opt/ros/jazzy/opt/gz_physics_vendor:/opt/ros/jazzy/opt/sdformat_vendor:/opt/ros/jazzy/opt/gz_gui_vendor:/opt/ros/jazzy/opt/gz_transport_vendor:/opt/ros/jazzy/opt/gz_rendering_vendor:/opt/ros/jazzy/opt/gz_plugin_vendor:/opt/ros/jazzy/opt/gz_fuel_tools_vendor:/opt/ros/jazzy/opt/gz_msgs_vendor:/opt/ros/jazzy/opt/gz_common_vendor:/opt/ros/jazzy/opt/gz_math_vendor:/opt/ros/jazzy/opt/gz_utils_vendor:/opt/ros/jazzy/opt/gz_tools_vendor:/opt/ros/jazzy/opt/gz_ogre_next_vendor:/opt/ros/jazzy/opt/gz_dartsim_vendor:/opt/ros/jazzy/opt/gz_cmake_vendor:/home/chaitanya/Documents/ACC_Development/Development/ros2/install/qcar2_autonomy:/opt/ros/jazzy DEBUGINFOD_URLS=https://debuginfod.ubuntu.com PYTHONPATH=/home/chaitanya/Documents/ACC_Development/Development/ros2/install/qcar2_interfaces/lib/python3.12/site-packages:/home/chaitanya/Documents/ACC_Development/Development/ros2/build/qcar2_autonomy:/home/chaitanya/Documents/ACC_Development/Development/ros2/install/qcar2_autonomy/lib/python3.12/site-packages:/opt/ros/jazzy/lib/python3.12/site-packages:/home/chaitanya/Quanser/libraries/python:/home/chaitanya/Documents/ACC_Development/backup/Quanser_Academic_Resources/0_libraries/python /usr/bin/cmake --build /home/chaitanya/Documents/ACC_Development/Development/ros2/build/qcar2_nodes -- -j16 -l16
[1.157s] [ 18%] Built target fixed_lidar_frame_virtual
[1.158s] [ 43%] Built target fixed_lidar_frame
[1.161s] [ 56%] Built target nav2_qcar2_converter
[1.161s] [ 62%] Built target rgbd
[1.162s] [ 62%] Built target lidar
[1.162s] [ 75%] Built target qcar2_hardware
[1.164s] [ 87%] Built target csi
[1.174s] [100%] Built target command
[1.207s] Invoked command in '/home/chaitanya/Documents/ACC_Development/Development/ros2/build/qcar2_nodes' returned '0': CMAKE_PREFIX_PATH=/home/chaitanya/Documents/ACC_Development/Development/ros2/install/qcar2_interfaces:/home/chaitanya/Documents/ACC_Development/Development/ros2/install/qcar2_nodes:/opt/ros/jazzy/opt/gz_sim_vendor:/opt/ros/jazzy/opt/gz_sensors_vendor:/opt/ros/jazzy/opt/gz_physics_vendor:/opt/ros/jazzy/opt/sdformat_vendor:/opt/ros/jazzy/opt/gz_gui_vendor:/opt/ros/jazzy/opt/gz_transport_vendor:/opt/ros/jazzy/opt/gz_rendering_vendor:/opt/ros/jazzy/opt/gz_plugin_vendor:/opt/ros/jazzy/opt/gz_fuel_tools_vendor:/opt/ros/jazzy/opt/gz_msgs_vendor:/opt/ros/jazzy/opt/gz_common_vendor:/opt/ros/jazzy/opt/gz_math_vendor:/opt/ros/jazzy/opt/gz_utils_vendor:/opt/ros/jazzy/opt/gz_tools_vendor:/opt/ros/jazzy/opt/gz_ogre_next_vendor:/opt/ros/jazzy/opt/gz_dartsim_vendor:/opt/ros/jazzy/opt/gz_cmake_vendor:/home/chaitanya/Documents/ACC_Development/Development/ros2/install/qcar2_autonomy:/opt/ros/jazzy DEBUGINFOD_URLS=https://debuginfod.ubuntu.com PYTHONPATH=/home/chaitanya/Documents/ACC_Development/Development/ros2/install/qcar2_interfaces/lib/python3.12/site-packages:/home/chaitanya/Documents/ACC_Development/Development/ros2/build/qcar2_autonomy:/home/chaitanya/Documents/ACC_Development/Development/ros2/install/qcar2_autonomy/lib/python3.12/site-packages:/opt/ros/jazzy/lib/python3.12/site-packages:/home/chaitanya/Quanser/libraries/python:/home/chaitanya/Documents/ACC_Development/backup/Quanser_Academic_Resources/0_libraries/python /usr/bin/cmake --build /home/chaitanya/Documents/ACC_Development/Development/ros2/build/qcar2_nodes -- -j16 -l16
[1.331s] Invoking command in '/home/chaitanya/Documents/ACC_Development/Development/ros2/build/qcar2_nodes': CMAKE_PREFIX_PATH=/home/chaitanya/Documents/ACC_Development/Development/ros2/install/qcar2_interfaces:/home/chaitanya/Documents/ACC_Development/Development/ros2/install/qcar2_nodes:/opt/ros/jazzy/opt/gz_sim_vendor:/opt/ros/jazzy/opt/gz_sensors_vendor:/opt/ros/jazzy/opt/gz_physics_vendor:/opt/ros/jazzy/opt/sdformat_vendor:/opt/ros/jazzy/opt/gz_gui_vendor:/opt/ros/jazzy/opt/gz_transport_vendor:/opt/ros/jazzy/opt/gz_rendering_vendor:/opt/ros/jazzy/opt/gz_plugin_vendor:/opt/ros/jazzy/opt/gz_fuel_tools_vendor:/opt/ros/jazzy/opt/gz_msgs_vendor:/opt/ros/jazzy/opt/gz_common_vendor:/opt/ros/jazzy/opt/gz_math_vendor:/opt/ros/jazzy/opt/gz_utils_vendor:/opt/ros/jazzy/opt/gz_tools_vendor:/opt/ros/jazzy/opt/gz_ogre_next_vendor:/opt/ros/jazzy/opt/gz_dartsim_vendor:/opt/ros/jazzy/opt/gz_cmake_vendor:/home/chaitanya/Documents/ACC_Development/Development/ros2/install/qcar2_autonomy:/opt/ros/jazzy DEBUGINFOD_URLS=https://debuginfod.ubuntu.com PYTHONPATH=/home/chaitanya/Documents/ACC_Development/Development/ros2/install/qcar2_interfaces/lib/python3.12/site-packages:/home/chaitanya/Documents/ACC_Development/Development/ros2/build/qcar2_autonomy:/home/chaitanya/Documents/ACC_Development/Development/ros2/install/qcar2_autonomy/lib/python3.12/site-packages:/opt/ros/jazzy/lib/python3.12/site-packages:/home/chaitanya/Quanser/libraries/python:/home/chaitanya/Documents/ACC_Development/backup/Quanser_Academic_Resources/0_libraries/python /usr/bin/cmake --install /home/chaitanya/Documents/ACC_Development/Development/ros2/build/qcar2_nodes
[1.355s] -- Install configuration: ""
[1.356s] -- Execute custom install script
[1.358s] -- Up-to-date symlink: /home/chaitanya/Documents/ACC_Development/Development/ros2/install/qcar2_nodes/lib/qcar2_nodes/qcar2_hardware
[1.358s] -- Up-to-date symlink: /home/chaitanya/Documents/ACC_Development/Development/ros2/install/qcar2_nodes/lib/qcar2_nodes/rgbd
[1.363s] -- Up-to-date symlink: /home/chaitanya/Documents/ACC_Development/Development/ros2/install/qcar2_nodes/lib/qcar2_nodes/lidar
[1.365s] -- Up-to-date symlink: /home/chaitanya/Documents/ACC_Development/Development/ros2/install/qcar2_nodes/lib/qcar2_nodes/csi
[1.365s] -- Up-to-date symlink: /home/chaitanya/Documents/ACC_Development/Development/ros2/install/qcar2_nodes/lib/qcar2_nodes/command
[1.366s] -- Up-to-date symlink: /home/chaitanya/Documents/ACC_Development/Development/ros2/install/qcar2_nodes/lib/qcar2_nodes/nav2_qcar2_converter
[1.371s] -- Up-to-date symlink: /home/chaitanya/Documents/ACC_Development/Development/ros2/install/qcar2_nodes/lib/qcar2_nodes/fixed_lidar_frame
[1.371s] -- Up-to-date symlink: /home/chaitanya/Documents/ACC_Development/Development/ros2/install/qcar2_nodes/lib/qcar2_nodes/fixed_lidar_frame_virtual
[1.373s] -- Up-to-date symlink: /home/chaitanya/Documents/ACC_Development/Development/ros2/install/qcar2_nodes/share/qcar2_nodes//launch/qcar2_cartographer_launch.py
[1.375s] -- Up-to-date symlink: /home/chaitanya/Documents/ACC_Development/Development/ros2/install/qcar2_nodes/share/qcar2_nodes//launch/qcar2_cartographer_virtual_launch.py
[1.376s] -- Up-to-date symlink: /home/chaitanya/Documents/ACC_Development/Development/ros2/install/qcar2_nodes/share/qcar2_nodes//launch/qcar2_launch.py
[1.376s] -- Up-to-date symlink: /home/chaitanya/Documents/ACC_Development/Development/ros2/install/qcar2_nodes/share/qcar2_nodes//launch/qcar2_manual_cartographer_launch.py
[1.377s] -- Up-to-date symlink: /home/chaitanya/Documents/ACC_Development/Development/ros2/install/qcar2_nodes/share/qcar2_nodes//launch/qcar2_manual_drive_launch.py
[1.377s] -- Up-to-date symlink: /home/chaitanya/Documents/ACC_Development/Development/ros2/install/qcar2_nodes/share/qcar2_nodes//launch/qcar2_slam_and_nav_bringup_launch.py
[1.377s] -- Up-to-date symlink: /home/chaitanya/Documents/ACC_Development/Development/ros2/install/qcar2_nodes/share/qcar2_nodes//launch/qcar2_slam_and_nav_bringup_virtual_launch.py
[1.377s] -- Up-to-date symlink: /home/chaitanya/Documents/ACC_Development/Development/ros2/install/qcar2_nodes/share/qcar2_nodes//launch/qcar2_virtual_launch.py
[1.377s] -- Up-to-date symlink: /home/chaitanya/Documents/ACC_Development/Development/ros2/install/qcar2_nodes/share/qcar2_nodes//rt_models/dummy_model
[1.377s] -- Up-to-date symlink: /home/chaitanya/Documents/ACC_Development/Development/ros2/install/qcar2_nodes/share/qcar2_nodes//config/qcar2_2d.lua
[1.378s] -- Up-to-date symlink: /home/chaitanya/Documents/ACC_Development/Development/ros2/install/qcar2_nodes/share/qcar2_nodes//config/qcar2_slam_and_nav.yaml
[1.378s] -- Up-to-date symlink: /home/chaitanya/Documents/ACC_Development/Development/ros2/install/qcar2_nodes/share/qcar2_nodes//config/qcar2_slam_and_nav_virtual.yaml
[1.378s] -- Up-to-date symlink: /home/chaitanya/Documents/ACC_Development/Development/ros2/install/qcar2_nodes/share/ament_index/resource_index/package_run_dependencies/qcar2_nodes
[1.378s] -- Up-to-date symlink: /home/chaitanya/Documents/ACC_Development/Development/ros2/install/qcar2_nodes/share/ament_index/resource_index/parent_prefix_path/qcar2_nodes
[1.378s] -- Up-to-date symlink: /home/chaitanya/Documents/ACC_Development/Development/ros2/install/qcar2_nodes/share/qcar2_nodes/environment/ament_prefix_path.sh
[1.378s] -- Up-to-date symlink: /home/chaitanya/Documents/ACC_Development/Development/ros2/install/qcar2_nodes/share/qcar2_nodes/environment/ament_prefix_path.dsv
[1.379s] -- Up-to-date symlink: /home/chaitanya/Documents/ACC_Development/Development/ros2/install/qcar2_nodes/share/qcar2_nodes/environment/path.sh
[1.379s] -- Up-to-date symlink: /home/chaitanya/Documents/ACC_Development/Development/ros2/install/qcar2_nodes/share/qcar2_nodes/environment/path.dsv
[1.379s] -- Up-to-date symlink: /home/chaitanya/Documents/ACC_Development/Development/ros2/install/qcar2_nodes/share/qcar2_nodes/local_setup.bash
[1.379s] -- Up-to-date symlink: /home/chaitanya/Documents/ACC_Development/Development/ros2/install/qcar2_nodes/share/qcar2_nodes/local_setup.sh
[1.379s] -- Up-to-date symlink: /home/chaitanya/Documents/ACC_Development/Development/ros2/install/qcar2_nodes/share/qcar2_nodes/local_setup.zsh
[1.379s] -- Up-to-date symlink: /home/chaitanya/Documents/ACC_Development/Development/ros2/install/qcar2_nodes/share/qcar2_nodes/local_setup.dsv
[1.380s] -- Symlinking: /home/chaitanya/Documents/ACC_Development/Development/ros2/install/qcar2_nodes/share/qcar2_nodes/package.dsv
[1.407s] -- Up-to-date symlink: /home/chaitanya/Documents/ACC_Development/Development/ros2/install/qcar2_nodes/share/ament_index/resource_index/packages/qcar2_nodes
[1.407s] -- Up-to-date symlink: /home/chaitanya/Documents/ACC_Development/Development/ros2/install/qcar2_nodes/share/qcar2_nodes/cmake/qcar2_nodesConfig.cmake
[1.407s] -- Up-to-date symlink: /home/chaitanya/Documents/ACC_Development/Development/ros2/install/qcar2_nodes/share/qcar2_nodes/cmake/qcar2_nodesConfig-version.cmake
[1.409s] -- Up-to-date symlink: /home/chaitanya/Documents/ACC_Development/Development/ros2/install/qcar2_nodes/share/qcar2_nodes/package.xml
[1.414s] Invoked command in '/home/chaitanya/Documents/ACC_Development/Development/ros2/build/qcar2_nodes' returned '0': CMAKE_PREFIX_PATH=/home/chaitanya/Documents/ACC_Development/Development/ros2/install/qcar2_interfaces:/home/chaitanya/Documents/ACC_Development/Development/ros2/install/qcar2_nodes:/opt/ros/jazzy/opt/gz_sim_vendor:/opt/ros/jazzy/opt/gz_sensors_vendor:/opt/ros/jazzy/opt/gz_physics_vendor:/opt/ros/jazzy/opt/sdformat_vendor:/opt/ros/jazzy/opt/gz_gui_vendor:/opt/ros/jazzy/opt/gz_transport_vendor:/opt/ros/jazzy/opt/gz_rendering_vendor:/opt/ros/jazzy/opt/gz_plugin_vendor:/opt/ros/jazzy/opt/gz_fuel_tools_vendor:/opt/ros/jazzy/opt/gz_msgs_vendor:/opt/ros/jazzy/opt/gz_common_vendor:/opt/ros/jazzy/opt/gz_math_vendor:/opt/ros/jazzy/opt/gz_utils_vendor:/opt/ros/jazzy/opt/gz_tools_vendor:/opt/ros/jazzy/opt/gz_ogre_next_vendor:/opt/ros/jazzy/opt/gz_dartsim_vendor:/opt/ros/jazzy/opt/gz_cmake_vendor:/home/chaitanya/Documents/ACC_Development/Development/ros2/install/qcar2_autonomy:/opt/ros/jazzy DEBUGINFOD_URLS=https://debuginfod.ubuntu.com PYTHONPATH=/home/chaitanya/Documents/ACC_Development/Development/ros2/install/qcar2_interfaces/lib/python3.12/site-packages:/home/chaitanya/Documents/ACC_Development/Development/ros2/build/qcar2_autonomy:/home/chaitanya/Documents/ACC_Development/Development/ros2/install/qcar2_autonomy/lib/python3.12/site-packages:/opt/ros/jazzy/lib/python3.12/site-packages:/home/chaitanya/Quanser/libraries/python:/home/chaitanya/Documents/ACC_Development/backup/Quanser_Academic_Resources/0_libraries/python /usr/bin/cmake --install /home/chaitanya/Documents/ACC_Development/Development/ros2/build/qcar2_nodes
