[0.328s] Invoking command in '/home/chaitanya/Documents/ACC_Development/Development/ros2/build/qcar2_interfaces': CMAKE_PREFIX_PATH=${CMAKE_PREFIX_PATH}:/home/chaitanya/Documents/ACC_Development/Development/ros2/install/qcar2_autonomy:/opt/ros/jazzy DEBUGINFOD_URLS=https://debuginfod.ubuntu.com /usr/bin/cmake --build /home/chaitanya/Documents/ACC_Development/Development/ros2/build/qcar2_interfaces -- -j16 -l16
[0.612s] [  2%] Built target qcar2_interfaces__rosidl_generator_type_description
[0.769s] [  2%] Built target ament_cmake_python_symlink_qcar2_interfaces
[0.882s] [ 20%] Built target qcar2_interfaces__rosidl_generator_c
[1.606s] running egg_info
[1.665s] writing qcar2_interfaces.egg-info/PKG-INFO
[1.671s] writing dependency_links to qcar2_interfaces.egg-info/dependency_links.txt
[1.678s] writing top-level names to qcar2_interfaces.egg-info/top_level.txt
[1.924s] reading manifest file 'qcar2_interfaces.egg-info/SOURCES.txt'
[1.925s] writing manifest file 'qcar2_interfaces.egg-info/SOURCES.txt'
[2.164s] [ 20%] Built target ament_cmake_python_build_qcar2_interfaces_egg
[2.273s] [ 29%] Built target qcar2_interfaces__rosidl_typesupport_c
[2.357s] [ 38%] Built target qcar2_interfaces__rosidl_typesupport_introspection_c
[2.454s] [ 47%] Built target qcar2_interfaces__rosidl_typesupport_fastrtps_c
[2.564s] [ 50%] Built target qcar2_interfaces__cpp
[2.713s] [ 59%] Built target qcar2_interfaces__rosidl_typesupport_cpp
[2.919s] [ 68%] Built target qcar2_interfaces__rosidl_typesupport_introspection_cpp
[3.005s] [ 77%] Built target qcar2_interfaces__rosidl_typesupport_fastrtps_cpp
[3.115s] [ 77%] Built target qcar2_interfaces
[3.217s] [ 79%] Built target qcar2_interfaces__py
[3.301s] [ 86%] Built target qcar2_interfaces__rosidl_generator_py
[3.414s] [ 90%] Built target qcar2_interfaces_s__rosidl_typesupport_fastrtps_c
[3.553s] [ 95%] Built target qcar2_interfaces_s__rosidl_typesupport_c
[3.641s] [100%] Built target qcar2_interfaces_s__rosidl_typesupport_introspection_c
[3.706s] Invoked command in '/home/chaitanya/Documents/ACC_Development/Development/ros2/build/qcar2_interfaces' returned '0': CMAKE_PREFIX_PATH=${CMAKE_PREFIX_PATH}:/home/chaitanya/Documents/ACC_Development/Development/ros2/install/qcar2_autonomy:/opt/ros/jazzy DEBUGINFOD_URLS=https://debuginfod.ubuntu.com /usr/bin/cmake --build /home/chaitanya/Documents/ACC_Development/Development/ros2/build/qcar2_interfaces -- -j16 -l16
[4.358s] Invoking command in '/home/chaitanya/Documents/ACC_Development/Development/ros2/build/qcar2_interfaces': CMAKE_PREFIX_PATH=${CMAKE_PREFIX_PATH}:/home/chaitanya/Documents/ACC_Development/Development/ros2/install/qcar2_autonomy:/opt/ros/jazzy DEBUGINFOD_URLS=https://debuginfod.ubuntu.com /usr/bin/cmake --install /home/chaitanya/Documents/ACC_Development/Development/ros2/build/qcar2_interfaces
[4.399s] -- Install configuration: ""
[4.399s] -- Execute custom install script
[4.400s] -- Up-to-date symlink: /home/chaitanya/Documents/ACC_Development/Development/ros2/install/qcar2_interfaces/share/ament_index/resource_index/rosidl_interfaces/qcar2_interfaces
[4.400s] -- Up-to-date symlink: /home/chaitanya/Documents/ACC_Development/Development/ros2/install/qcar2_interfaces/share/qcar2_interfaces/msg/MotorCommands.json
[4.402s] -- Up-to-date symlink: /home/chaitanya/Documents/ACC_Development/Development/ros2/install/qcar2_interfaces/share/qcar2_interfaces/msg/BooleanLeds.json
[4.403s] -- Up-to-date symlink: /home/chaitanya/Documents/ACC_Development/Development/ros2/install/qcar2_interfaces/include/qcar2_interfaces/qcar2_interfaces/msg/boolean_leds.h
[4.403s] -- Up-to-date symlink: /home/chaitanya/Documents/ACC_Development/Development/ros2/install/qcar2_interfaces/include/qcar2_interfaces/qcar2_interfaces/msg/detail/boolean_leds__functions.h
[4.404s] -- Up-to-date symlink: /home/chaitanya/Documents/ACC_Development/Development/ros2/install/qcar2_interfaces/include/qcar2_interfaces/qcar2_interfaces/msg/detail/boolean_leds__struct.h
[4.404s] -- Up-to-date symlink: /home/chaitanya/Documents/ACC_Development/Development/ros2/install/qcar2_interfaces/include/qcar2_interfaces/qcar2_interfaces/msg/detail/boolean_leds__type_support.h
[4.404s] -- Up-to-date symlink: /home/chaitanya/Documents/ACC_Development/Development/ros2/install/qcar2_interfaces/include/qcar2_interfaces/qcar2_interfaces/msg/detail/motor_commands__functions.h
[4.404s] -- Up-to-date symlink: /home/chaitanya/Documents/ACC_Development/Development/ros2/install/qcar2_interfaces/include/qcar2_interfaces/qcar2_interfaces/msg/detail/motor_commands__struct.h
[4.405s] -- Up-to-date symlink: /home/chaitanya/Documents/ACC_Development/Development/ros2/install/qcar2_interfaces/include/qcar2_interfaces/qcar2_interfaces/msg/detail/motor_commands__type_support.h
[4.405s] -- Up-to-date symlink: /home/chaitanya/Documents/ACC_Development/Development/ros2/install/qcar2_interfaces/include/qcar2_interfaces/qcar2_interfaces/msg/motor_commands.h
[4.405s] -- Up-to-date symlink: /home/chaitanya/Documents/ACC_Development/Development/ros2/install/qcar2_interfaces/include/qcar2_interfaces/qcar2_interfaces/msg/rosidl_generator_c__visibility_control.h
[4.405s] -- Up-to-date symlink: /home/chaitanya/Documents/ACC_Development/Development/ros2/install/qcar2_interfaces/share/qcar2_interfaces/environment/library_path.sh
[4.406s] -- Up-to-date symlink: /home/chaitanya/Documents/ACC_Development/Development/ros2/install/qcar2_interfaces/share/qcar2_interfaces/environment/library_path.dsv
[4.414s] -- Up-to-date symlink: /home/chaitanya/Documents/ACC_Development/Development/ros2/install/qcar2_interfaces/include/qcar2_interfaces/qcar2_interfaces/msg/detail/boolean_leds__rosidl_typesupport_fastrtps_c.h
[4.417s] -- Up-to-date symlink: /home/chaitanya/Documents/ACC_Development/Development/ros2/install/qcar2_interfaces/include/qcar2_interfaces/qcar2_interfaces/msg/detail/motor_commands__rosidl_typesupport_fastrtps_c.h
[4.419s] -- Up-to-date symlink: /home/chaitanya/Documents/ACC_Development/Development/ros2/install/qcar2_interfaces/include/qcar2_interfaces/qcar2_interfaces/msg/rosidl_typesupport_fastrtps_c__visibility_control.h
[4.423s] -- Up-to-date symlink: /home/chaitanya/Documents/ACC_Development/Development/ros2/install/qcar2_interfaces/include/qcar2_interfaces/qcar2_interfaces/msg/detail/boolean_leds__rosidl_typesupport_introspection_c.h
[4.425s] -- Up-to-date symlink: /home/chaitanya/Documents/ACC_Development/Development/ros2/install/qcar2_interfaces/include/qcar2_interfaces/qcar2_interfaces/msg/detail/motor_commands__rosidl_typesupport_introspection_c.h
[4.425s] -- Up-to-date symlink: /home/chaitanya/Documents/ACC_Development/Development/ros2/install/qcar2_interfaces/include/qcar2_interfaces/qcar2_interfaces/msg/rosidl_typesupport_introspection_c__visibility_control.h
[4.426s] -- Up-to-date symlink: /home/chaitanya/Documents/ACC_Development/Development/ros2/install/qcar2_interfaces/include/qcar2_interfaces/qcar2_interfaces/msg/boolean_leds.hpp
[4.427s] -- Up-to-date symlink: /home/chaitanya/Documents/ACC_Development/Development/ros2/install/qcar2_interfaces/include/qcar2_interfaces/qcar2_interfaces/msg/detail/boolean_leds__builder.hpp
[4.427s] -- Up-to-date symlink: /home/chaitanya/Documents/ACC_Development/Development/ros2/install/qcar2_interfaces/include/qcar2_interfaces/qcar2_interfaces/msg/detail/boolean_leds__struct.hpp
[4.427s] -- Up-to-date symlink: /home/chaitanya/Documents/ACC_Development/Development/ros2/install/qcar2_interfaces/include/qcar2_interfaces/qcar2_interfaces/msg/detail/boolean_leds__traits.hpp
[4.428s] -- Up-to-date symlink: /home/chaitanya/Documents/ACC_Development/Development/ros2/install/qcar2_interfaces/include/qcar2_interfaces/qcar2_interfaces/msg/detail/boolean_leds__type_support.hpp
[4.428s] -- Up-to-date symlink: /home/chaitanya/Documents/ACC_Development/Development/ros2/install/qcar2_interfaces/include/qcar2_interfaces/qcar2_interfaces/msg/detail/motor_commands__builder.hpp
[4.429s] -- Up-to-date symlink: /home/chaitanya/Documents/ACC_Development/Development/ros2/install/qcar2_interfaces/include/qcar2_interfaces/qcar2_interfaces/msg/detail/motor_commands__struct.hpp
[4.429s] -- Up-to-date symlink: /home/chaitanya/Documents/ACC_Development/Development/ros2/install/qcar2_interfaces/include/qcar2_interfaces/qcar2_interfaces/msg/detail/motor_commands__traits.hpp
[4.429s] -- Up-to-date symlink: /home/chaitanya/Documents/ACC_Development/Development/ros2/install/qcar2_interfaces/include/qcar2_interfaces/qcar2_interfaces/msg/detail/motor_commands__type_support.hpp
[4.430s] -- Up-to-date symlink: /home/chaitanya/Documents/ACC_Development/Development/ros2/install/qcar2_interfaces/include/qcar2_interfaces/qcar2_interfaces/msg/motor_commands.hpp
[4.430s] -- Up-to-date symlink: /home/chaitanya/Documents/ACC_Development/Development/ros2/install/qcar2_interfaces/include/qcar2_interfaces/qcar2_interfaces/msg/rosidl_generator_cpp__visibility_control.hpp
[4.430s] -- Up-to-date symlink: /home/chaitanya/Documents/ACC_Development/Development/ros2/install/qcar2_interfaces/include/qcar2_interfaces/qcar2_interfaces/msg/detail/boolean_leds__rosidl_typesupport_fastrtps_cpp.hpp
[4.434s] -- Up-to-date symlink: /home/chaitanya/Documents/ACC_Development/Development/ros2/install/qcar2_interfaces/include/qcar2_interfaces/qcar2_interfaces/msg/detail/motor_commands__rosidl_typesupport_fastrtps_cpp.hpp
[4.435s] -- Up-to-date symlink: /home/chaitanya/Documents/ACC_Development/Development/ros2/install/qcar2_interfaces/include/qcar2_interfaces/qcar2_interfaces/msg/rosidl_typesupport_fastrtps_cpp__visibility_control.h
[4.436s] -- Up-to-date symlink: /home/chaitanya/Documents/ACC_Development/Development/ros2/install/qcar2_interfaces/include/qcar2_interfaces/qcar2_interfaces/msg/detail/boolean_leds__rosidl_typesupport_introspection_cpp.hpp
[4.445s] -- Up-to-date symlink: /home/chaitanya/Documents/ACC_Development/Development/ros2/install/qcar2_interfaces/include/qcar2_interfaces/qcar2_interfaces/msg/detail/motor_commands__rosidl_typesupport_introspection_cpp.hpp
[4.457s] -- Up-to-date symlink: /home/chaitanya/Documents/ACC_Development/Development/ros2/install/qcar2_interfaces/share/qcar2_interfaces/environment/pythonpath.sh
[4.460s] -- Up-to-date symlink: /home/chaitanya/Documents/ACC_Development/Development/ros2/install/qcar2_interfaces/share/qcar2_interfaces/environment/pythonpath.dsv
[4.465s] -- Up-to-date symlink: /home/chaitanya/Documents/ACC_Development/Development/ros2/install/qcar2_interfaces/lib/python3.12/site-packages/qcar2_interfaces-0.0.0-py3.12.egg-info/PKG-INFO
[4.479s] -- Up-to-date symlink: /home/chaitanya/Documents/ACC_Development/Development/ros2/install/qcar2_interfaces/lib/python3.12/site-packages/qcar2_interfaces-0.0.0-py3.12.egg-info/SOURCES.txt
[4.479s] -- Up-to-date symlink: /home/chaitanya/Documents/ACC_Development/Development/ros2/install/qcar2_interfaces/lib/python3.12/site-packages/qcar2_interfaces-0.0.0-py3.12.egg-info/dependency_links.txt
[4.479s] -- Up-to-date symlink: /home/chaitanya/Documents/ACC_Development/Development/ros2/install/qcar2_interfaces/lib/python3.12/site-packages/qcar2_interfaces-0.0.0-py3.12.egg-info/top_level.txt
[4.479s] -- Up-to-date symlink: /home/chaitanya/Documents/ACC_Development/Development/ros2/install/qcar2_interfaces/lib/python3.12/site-packages/qcar2_interfaces/__init__.py
[4.479s] -- Up-to-date symlink: /home/chaitanya/Documents/ACC_Development/Development/ros2/install/qcar2_interfaces/lib/python3.12/site-packages/qcar2_interfaces/_qcar2_interfaces_s.ep.rosidl_typesupport_c.c
[4.480s] -- Up-to-date symlink: /home/chaitanya/Documents/ACC_Development/Development/ros2/install/qcar2_interfaces/lib/python3.12/site-packages/qcar2_interfaces/_qcar2_interfaces_s.ep.rosidl_typesupport_fastrtps_c.c
[4.480s] -- Up-to-date symlink: /home/chaitanya/Documents/ACC_Development/Development/ros2/install/qcar2_interfaces/lib/python3.12/site-packages/qcar2_interfaces/_qcar2_interfaces_s.ep.rosidl_typesupport_introspection_c.c
[4.480s] -- Up-to-date symlink: /home/chaitanya/Documents/ACC_Development/Development/ros2/install/qcar2_interfaces/lib/python3.12/site-packages/qcar2_interfaces/msg/__init__.py
[4.480s] -- Up-to-date symlink: /home/chaitanya/Documents/ACC_Development/Development/ros2/install/qcar2_interfaces/lib/python3.12/site-packages/qcar2_interfaces/msg/_boolean_leds.py
[4.481s] -- Up-to-date symlink: /home/chaitanya/Documents/ACC_Development/Development/ros2/install/qcar2_interfaces/lib/python3.12/site-packages/qcar2_interfaces/msg/_boolean_leds_s.c
[4.481s] -- Up-to-date symlink: /home/chaitanya/Documents/ACC_Development/Development/ros2/install/qcar2_interfaces/lib/python3.12/site-packages/qcar2_interfaces/msg/_motor_commands.py
[4.481s] -- Up-to-date symlink: /home/chaitanya/Documents/ACC_Development/Development/ros2/install/qcar2_interfaces/lib/python3.12/site-packages/qcar2_interfaces/msg/_motor_commands_s.c
[4.481s] -- Up-to-date symlink: /home/chaitanya/Documents/ACC_Development/Development/ros2/install/qcar2_interfaces/lib/python3.12/site-packages/qcar2_interfaces/qcar2_interfaces_s__rosidl_typesupport_c.so
[4.481s] -- Up-to-date symlink: /home/chaitanya/Documents/ACC_Development/Development/ros2/install/qcar2_interfaces/lib/python3.12/site-packages/qcar2_interfaces/qcar2_interfaces_s__rosidl_typesupport_fastrtps_c.so
[4.482s] -- Up-to-date symlink: /home/chaitanya/Documents/ACC_Development/Development/ros2/install/qcar2_interfaces/lib/python3.12/site-packages/qcar2_interfaces/qcar2_interfaces_s__rosidl_typesupport_introspection_c.so
[4.482s] -- Up-to-date symlink: /home/chaitanya/Documents/ACC_Development/Development/ros2/install/qcar2_interfaces/lib/python3.12/site-packages/qcar2_interfaces/qcar2_interfaces_s__rosidl_typesupport_fastrtps_c.so
[4.482s] -- Up-to-date symlink: /home/chaitanya/Documents/ACC_Development/Development/ros2/install/qcar2_interfaces/lib/python3.12/site-packages/qcar2_interfaces/qcar2_interfaces_s__rosidl_typesupport_introspection_c.so
[4.482s] -- Up-to-date symlink: /home/chaitanya/Documents/ACC_Development/Development/ros2/install/qcar2_interfaces/lib/python3.12/site-packages/qcar2_interfaces/qcar2_interfaces_s__rosidl_typesupport_c.so
[4.483s] -- Up-to-date symlink: /home/chaitanya/Documents/ACC_Development/Development/ros2/install/qcar2_interfaces/share/qcar2_interfaces/msg/MotorCommands.idl
[4.483s] -- Up-to-date symlink: /home/chaitanya/Documents/ACC_Development/Development/ros2/install/qcar2_interfaces/share/qcar2_interfaces/msg/BooleanLeds.idl
[4.483s] -- Up-to-date symlink: /home/chaitanya/Documents/ACC_Development/Development/ros2/install/qcar2_interfaces/share/qcar2_interfaces/msg/MotorCommands.msg
[4.483s] -- Up-to-date symlink: /home/chaitanya/Documents/ACC_Development/Development/ros2/install/qcar2_interfaces/share/qcar2_interfaces/msg/BooleanLeds.msg
[4.483s] -- Up-to-date symlink: /home/chaitanya/Documents/ACC_Development/Development/ros2/install/qcar2_interfaces/share/ament_index/resource_index/package_run_dependencies/qcar2_interfaces
[4.484s] -- Up-to-date symlink: /home/chaitanya/Documents/ACC_Development/Development/ros2/install/qcar2_interfaces/share/ament_index/resource_index/parent_prefix_path/qcar2_interfaces
[4.484s] -- Up-to-date symlink: /home/chaitanya/Documents/ACC_Development/Development/ros2/install/qcar2_interfaces/share/qcar2_interfaces/environment/ament_prefix_path.sh
[4.484s] -- Up-to-date symlink: /home/chaitanya/Documents/ACC_Development/Development/ros2/install/qcar2_interfaces/share/qcar2_interfaces/environment/ament_prefix_path.dsv
[4.484s] -- Up-to-date symlink: /home/chaitanya/Documents/ACC_Development/Development/ros2/install/qcar2_interfaces/share/qcar2_interfaces/environment/path.sh
[4.484s] -- Up-to-date symlink: /home/chaitanya/Documents/ACC_Development/Development/ros2/install/qcar2_interfaces/share/qcar2_interfaces/environment/path.dsv
[4.484s] -- Up-to-date symlink: /home/chaitanya/Documents/ACC_Development/Development/ros2/install/qcar2_interfaces/share/qcar2_interfaces/local_setup.bash
[4.489s] -- Up-to-date symlink: /home/chaitanya/Documents/ACC_Development/Development/ros2/install/qcar2_interfaces/share/qcar2_interfaces/local_setup.sh
[4.489s] -- Up-to-date symlink: /home/chaitanya/Documents/ACC_Development/Development/ros2/install/qcar2_interfaces/share/qcar2_interfaces/local_setup.zsh
[4.490s] -- Up-to-date symlink: /home/chaitanya/Documents/ACC_Development/Development/ros2/install/qcar2_interfaces/share/qcar2_interfaces/local_setup.dsv
[4.490s] -- Symlinking: /home/chaitanya/Documents/ACC_Development/Development/ros2/install/qcar2_interfaces/share/qcar2_interfaces/package.dsv
[4.547s] -- Up-to-date symlink: /home/chaitanya/Documents/ACC_Development/Development/ros2/install/qcar2_interfaces/share/ament_index/resource_index/packages/qcar2_interfaces
[4.549s] -- Up-to-date symlink: /home/chaitanya/Documents/ACC_Development/Development/ros2/install/qcar2_interfaces/share/qcar2_interfaces/cmake/rosidl_cmake-extras.cmake
[4.550s] -- Up-to-date symlink: /home/chaitanya/Documents/ACC_Development/Development/ros2/install/qcar2_interfaces/share/qcar2_interfaces/cmake/ament_cmake_export_include_directories-extras.cmake
[4.550s] -- Up-to-date symlink: /home/chaitanya/Documents/ACC_Development/Development/ros2/install/qcar2_interfaces/share/qcar2_interfaces/cmake/ament_cmake_export_libraries-extras.cmake
[4.555s] -- Up-to-date symlink: /home/chaitanya/Documents/ACC_Development/Development/ros2/install/qcar2_interfaces/share/qcar2_interfaces/cmake/ament_cmake_export_targets-extras.cmake
[4.555s] -- Up-to-date symlink: /home/chaitanya/Documents/ACC_Development/Development/ros2/install/qcar2_interfaces/share/qcar2_interfaces/cmake/rosidl_cmake_export_typesupport_targets-extras.cmake
[4.557s] -- Up-to-date symlink: /home/chaitanya/Documents/ACC_Development/Development/ros2/install/qcar2_interfaces/share/qcar2_interfaces/cmake/ament_cmake_export_dependencies-extras.cmake
[4.563s] -- Up-to-date symlink: /home/chaitanya/Documents/ACC_Development/Development/ros2/install/qcar2_interfaces/share/qcar2_interfaces/cmake/rosidl_cmake_export_typesupport_libraries-extras.cmake
[4.563s] -- Up-to-date symlink: /home/chaitanya/Documents/ACC_Development/Development/ros2/install/qcar2_interfaces/share/qcar2_interfaces/cmake/qcar2_interfacesConfig.cmake
[4.566s] -- Up-to-date symlink: /home/chaitanya/Documents/ACC_Development/Development/ros2/install/qcar2_interfaces/share/qcar2_interfaces/cmake/qcar2_interfacesConfig-version.cmake
[4.567s] -- Up-to-date symlink: /home/chaitanya/Documents/ACC_Development/Development/ros2/install/qcar2_interfaces/share/qcar2_interfaces/package.xml
[4.573s] -- Up-to-date: /home/chaitanya/Documents/ACC_Development/Development/ros2/install/qcar2_interfaces/lib/libqcar2_interfaces__rosidl_generator_c.so
[4.574s] -- Up-to-date: /home/chaitanya/Documents/ACC_Development/Development/ros2/install/qcar2_interfaces/lib/libqcar2_interfaces__rosidl_typesupport_fastrtps_c.so
[4.574s] -- Up-to-date: /home/chaitanya/Documents/ACC_Development/Development/ros2/install/qcar2_interfaces/lib/libqcar2_interfaces__rosidl_typesupport_introspection_c.so
[4.574s] -- Up-to-date: /home/chaitanya/Documents/ACC_Development/Development/ros2/install/qcar2_interfaces/lib/libqcar2_interfaces__rosidl_typesupport_c.so
[4.582s] -- Up-to-date: /home/chaitanya/Documents/ACC_Development/Development/ros2/install/qcar2_interfaces/lib/libqcar2_interfaces__rosidl_typesupport_fastrtps_cpp.so
[4.584s] -- Up-to-date: /home/chaitanya/Documents/ACC_Development/Development/ros2/install/qcar2_interfaces/lib/libqcar2_interfaces__rosidl_typesupport_introspection_cpp.so
[4.588s] -- Up-to-date: /home/chaitanya/Documents/ACC_Development/Development/ros2/install/qcar2_interfaces/lib/libqcar2_interfaces__rosidl_typesupport_cpp.so
[4.741s] Listing '/home/chaitanya/Documents/ACC_Development/Development/ros2/install/qcar2_interfaces/lib/python3.12/site-packages/qcar2_interfaces'...
[4.741s] Listing '/home/chaitanya/Documents/ACC_Development/Development/ros2/install/qcar2_interfaces/lib/python3.12/site-packages/qcar2_interfaces/msg'...
[4.766s] -- Up-to-date: /home/chaitanya/Documents/ACC_Development/Development/ros2/install/qcar2_interfaces/lib/libqcar2_interfaces__rosidl_generator_py.so
[4.767s] -- Up-to-date: /home/chaitanya/Documents/ACC_Development/Development/ros2/install/qcar2_interfaces/share/qcar2_interfaces/cmake/export_qcar2_interfaces__rosidl_generator_cExport.cmake
[4.773s] -- Up-to-date: /home/chaitanya/Documents/ACC_Development/Development/ros2/install/qcar2_interfaces/share/qcar2_interfaces/cmake/export_qcar2_interfaces__rosidl_generator_cExport-noconfig.cmake
[4.777s] -- Up-to-date: /home/chaitanya/Documents/ACC_Development/Development/ros2/install/qcar2_interfaces/share/qcar2_interfaces/cmake/export_qcar2_interfaces__rosidl_typesupport_fastrtps_cExport.cmake
[4.780s] -- Up-to-date: /home/chaitanya/Documents/ACC_Development/Development/ros2/install/qcar2_interfaces/share/qcar2_interfaces/cmake/export_qcar2_interfaces__rosidl_typesupport_fastrtps_cExport-noconfig.cmake
[4.782s] -- Up-to-date: /home/chaitanya/Documents/ACC_Development/Development/ros2/install/qcar2_interfaces/share/qcar2_interfaces/cmake/qcar2_interfaces__rosidl_typesupport_introspection_cExport.cmake
[4.782s] -- Up-to-date: /home/chaitanya/Documents/ACC_Development/Development/ros2/install/qcar2_interfaces/share/qcar2_interfaces/cmake/qcar2_interfaces__rosidl_typesupport_introspection_cExport-noconfig.cmake
[4.782s] -- Up-to-date: /home/chaitanya/Documents/ACC_Development/Development/ros2/install/qcar2_interfaces/share/qcar2_interfaces/cmake/qcar2_interfaces__rosidl_typesupport_cExport.cmake
[4.782s] -- Up-to-date: /home/chaitanya/Documents/ACC_Development/Development/ros2/install/qcar2_interfaces/share/qcar2_interfaces/cmake/qcar2_interfaces__rosidl_typesupport_cExport-noconfig.cmake
[4.783s] -- Up-to-date: /home/chaitanya/Documents/ACC_Development/Development/ros2/install/qcar2_interfaces/share/qcar2_interfaces/cmake/export_qcar2_interfaces__rosidl_generator_cppExport.cmake
[4.783s] -- Up-to-date: /home/chaitanya/Documents/ACC_Development/Development/ros2/install/qcar2_interfaces/share/qcar2_interfaces/cmake/export_qcar2_interfaces__rosidl_typesupport_fastrtps_cppExport.cmake
[4.788s] -- Up-to-date: /home/chaitanya/Documents/ACC_Development/Development/ros2/install/qcar2_interfaces/share/qcar2_interfaces/cmake/export_qcar2_interfaces__rosidl_typesupport_fastrtps_cppExport-noconfig.cmake
[4.788s] -- Up-to-date: /home/chaitanya/Documents/ACC_Development/Development/ros2/install/qcar2_interfaces/share/qcar2_interfaces/cmake/qcar2_interfaces__rosidl_typesupport_introspection_cppExport.cmake
[4.788s] -- Up-to-date: /home/chaitanya/Documents/ACC_Development/Development/ros2/install/qcar2_interfaces/share/qcar2_interfaces/cmake/qcar2_interfaces__rosidl_typesupport_introspection_cppExport-noconfig.cmake
[4.788s] -- Up-to-date: /home/chaitanya/Documents/ACC_Development/Development/ros2/install/qcar2_interfaces/share/qcar2_interfaces/cmake/qcar2_interfaces__rosidl_typesupport_cppExport.cmake
[4.789s] -- Up-to-date: /home/chaitanya/Documents/ACC_Development/Development/ros2/install/qcar2_interfaces/share/qcar2_interfaces/cmake/qcar2_interfaces__rosidl_typesupport_cppExport-noconfig.cmake
[4.789s] -- Up-to-date: /home/chaitanya/Documents/ACC_Development/Development/ros2/install/qcar2_interfaces/share/qcar2_interfaces/cmake/export_qcar2_interfaces__rosidl_generator_pyExport.cmake
[4.789s] -- Up-to-date: /home/chaitanya/Documents/ACC_Development/Development/ros2/install/qcar2_interfaces/share/qcar2_interfaces/cmake/export_qcar2_interfaces__rosidl_generator_pyExport-noconfig.cmake
[4.830s] Invoked command in '/home/chaitanya/Documents/ACC_Development/Development/ros2/build/qcar2_interfaces' returned '0': CMAKE_PREFIX_PATH=${CMAKE_PREFIX_PATH}:/home/chaitanya/Documents/ACC_Development/Development/ros2/install/qcar2_autonomy:/opt/ros/jazzy DEBUGINFOD_URLS=https://debuginfod.ubuntu.com /usr/bin/cmake --install /home/chaitanya/Documents/ACC_Development/Development/ros2/build/qcar2_interfaces
